<?xml version="1.0" encoding="UTF-8"?>
<coverage generated="1784831093175" clover="3.2.0">
  <project timestamp="1784831093176" name="All files">
    <metrics statements="748" coveredstatements="598" conditionals="482" coveredconditionals="313" methods="95" coveredmethods="73" elements="1325" coveredelements="984" complexity="0" loc="748" ncloc="748" packages="7" files="30" classes="30"/>
    <package name="src">
      <metrics statements="141" coveredstatements="91" conditionals="99" coveredconditionals="39" methods="24" coveredmethods="11"/>
      <file name="app.ts" path="C:\Users\jkmag\Development\api-authentication-models-evaluation\src\app.ts">
        <metrics statements="58" coveredstatements="45" conditionals="18" coveredconditionals="9" methods="7" coveredmethods="3"/>
        <line num="1" count="44" type="stmt"/>
        <line num="2" count="44" type="stmt"/>
        <line num="3" count="44" type="stmt"/>
        <line num="4" count="44" type="stmt"/>
        <line num="5" count="44" type="stmt"/>
        <line num="6" count="44" type="stmt"/>
        <line num="8" count="44" type="stmt"/>
        <line num="9" count="44" type="stmt"/>
        <line num="10" count="44" type="stmt"/>
        <line num="11" count="44" type="stmt"/>
        <line num="12" count="44" type="stmt"/>
        <line num="13" count="44" type="stmt"/>
        <line num="14" count="44" type="stmt"/>
        <line num="15" count="44" type="stmt"/>
        <line num="17" count="44" type="stmt"/>
        <line num="19" count="44" type="stmt"/>
        <line num="20" count="44" type="stmt"/>
        <line num="21" count="44" type="stmt"/>
        <line num="22" count="44" type="stmt"/>
        <line num="24" count="44" type="stmt"/>
        <line num="25" count="44" type="cond" truecount="1" falsecount="1"/>
        <line num="26" count="0" type="stmt"/>
        <line num="29" count="44" type="stmt"/>
        <line num="30" count="6175" type="stmt"/>
        <line num="32" count="6175" type="stmt"/>
        <line num="33" count="6175" type="cond" truecount="1" falsecount="1"/>
        <line num="35" count="6175" type="stmt"/>
        <line num="44" count="6175" type="stmt"/>
        <line num="47" count="44" type="stmt"/>
        <line num="49" count="44" type="stmt"/>
        <line num="51" count="6175" type="cond" truecount="1" falsecount="1"/>
        <line num="52" count="6175" type="stmt"/>
        <line num="53" count="6175" type="stmt"/>
        <line num="56" count="0" type="cond" truecount="0" falsecount="4"/>
        <line num="57" count="0" type="stmt"/>
        <line num="58" count="0" type="stmt"/>
        <line num="61" count="0" type="stmt"/>
        <line num="68" count="44" type="stmt"/>
        <line num="69" count="44" type="stmt"/>
        <line num="72" count="44" type="stmt"/>
        <line num="88" count="44" type="stmt"/>
        <line num="89" count="0" type="stmt"/>
        <line num="92" count="44" type="stmt"/>
        <line num="93" count="0" type="stmt"/>
        <line num="96" count="44" type="stmt"/>
        <line num="97" count="0" type="stmt"/>
        <line num="98" count="0" type="stmt"/>
        <line num="99" count="0" type="stmt"/>
        <line num="107" count="0" type="stmt"/>
        <line num="110" count="0" type="stmt"/>
        <line num="120" count="44" type="stmt"/>
        <line num="121" count="0" type="stmt"/>
        <line num="130" count="44" type="stmt"/>
        <line num="131" count="44" type="stmt"/>
        <line num="132" count="44" type="stmt"/>
        <line num="133" count="44" type="stmt"/>
        <line num="135" count="44" type="stmt"/>
        <line num="137" count="44" type="stmt"/>
      </file>
      <file name="config.ts" path="C:\Users\jkmag\Development\api-authentication-models-evaluation\src\config.ts">
        <metrics statements="28" coveredstatements="11" conditionals="54" coveredconditionals="23" methods="5" coveredmethods="3"/>
        <line num="2" count="408" type="cond" truecount="1" falsecount="1"/>
        <line num="4" count="0" type="stmt"/>
        <line num="5" count="0" type="cond" truecount="0" falsecount="2"/>
        <line num="9" count="204" type="cond" truecount="1" falsecount="1"/>
        <line num="10" count="0" type="stmt"/>
        <line num="14" count="102" type="cond" truecount="1" falsecount="1"/>
        <line num="15" count="0" type="stmt"/>
        <line num="18" count="51" type="cond" truecount="1" falsecount="1"/>
        <line num="19" count="51" type="stmt"/>
        <line num="20" count="51" type="stmt"/>
        <line num="21" count="51" type="cond" truecount="1" falsecount="1"/>
        <line num="22" count="51" type="stmt"/>
        <line num="24" count="51" type="stmt"/>
        <line num="71" count="51" type="stmt"/>
        <line num="72" count="0" type="stmt"/>
        <line num="73" count="0" type="stmt"/>
        <line num="75" count="0" type="cond" truecount="0" falsecount="2"/>
        <line num="76" count="0" type="stmt"/>
        <line num="79" count="0" type="cond" truecount="0" falsecount="4"/>
        <line num="80" count="0" type="stmt"/>
        <line num="83" count="0" type="cond" truecount="0" falsecount="4"/>
        <line num="84" count="0" type="stmt"/>
        <line num="87" count="0" type="cond" truecount="0" falsecount="4"/>
        <line num="88" count="0" type="stmt"/>
        <line num="91" count="0" type="cond" truecount="0" falsecount="4"/>
        <line num="92" count="0" type="stmt"/>
        <line num="95" count="0" type="stmt"/>
        <line num="98" count="51" type="stmt"/>
      </file>
      <file name="db.ts" path="C:\Users\jkmag\Development\api-authentication-models-evaluation\src\db.ts">
        <metrics statements="3" coveredstatements="3" conditionals="0" coveredconditionals="0" methods="0" coveredmethods="0"/>
        <line num="1" count="47" type="stmt"/>
        <line num="2" count="47" type="stmt"/>
        <line num="4" count="47" type="stmt"/>
      </file>
      <file name="logger.ts" path="C:\Users\jkmag\Development\api-authentication-models-evaluation\src\logger.ts">
        <metrics statements="15" coveredstatements="13" conditionals="9" coveredconditionals="5" methods="2" coveredmethods="2"/>
        <line num="1" count="46" type="stmt"/>
        <line num="5" count="46" type="stmt"/>
        <line num="13" count="6177" type="cond" truecount="1" falsecount="1"/>
        <line num="14" count="6177" type="stmt"/>
        <line num="17" count="46" type="cond" truecount="0" falsecount="1"/>
        <line num="18" count="6177" type="cond" truecount="1" falsecount="1"/>
        <line num="20" count="6177" type="stmt"/>
        <line num="27" count="6177" type="stmt"/>
        <line num="29" count="6177" type="cond" truecount="2" falsecount="0"/>
        <line num="30" count="2" type="stmt"/>
        <line num="31" count="2" type="stmt"/>
        <line num="34" count="6175" type="cond" truecount="1" falsecount="1"/>
        <line num="35" count="0" type="stmt"/>
        <line num="36" count="0" type="stmt"/>
        <line num="39" count="6175" type="stmt"/>
      </file>
      <file name="session-store.ts" path="C:\Users\jkmag\Development\api-authentication-models-evaluation\src\session-store.ts">
        <metrics statements="29" coveredstatements="13" conditionals="18" coveredconditionals="2" methods="7" coveredmethods="2"/>
        <line num="2" count="44" type="stmt"/>
        <line num="3" count="44" type="stmt"/>
        <line num="4" count="44" type="stmt"/>
        <line num="5" count="44" type="stmt"/>
        <line num="7" count="44" type="stmt"/>
        <line num="8" count="44" type="stmt"/>
        <line num="11" count="44" type="cond" truecount="1" falsecount="1"/>
        <line num="12" count="44" type="stmt"/>
        <line num="15" count="0" type="cond" truecount="0" falsecount="2"/>
        <line num="16" count="0" type="stmt"/>
        <line num="20" count="0" type="stmt"/>
        <line num="25" count="0" type="stmt"/>
        <line num="26" count="0" type="stmt"/>
        <line num="31" count="0" type="stmt"/>
        <line num="32" count="0" type="stmt"/>
        <line num="36" count="0" type="cond" truecount="0" falsecount="2"/>
        <line num="37" count="0" type="stmt"/>
        <line num="38" count="0" type="stmt"/>
        <line num="39" count="0" type="stmt"/>
        <line num="40" count="0" type="stmt"/>
        <line num="46" count="0" type="stmt"/>
        <line num="49" count="44" type="stmt"/>
        <line num="50" count="44" type="stmt"/>
        <line num="52" count="44" type="cond" truecount="1" falsecount="1"/>
        <line num="53" count="44" type="stmt"/>
        <line num="56" count="0" type="stmt"/>
        <line num="63" count="44" type="stmt"/>
        <line num="64" count="0" type="cond" truecount="0" falsecount="4"/>
        <line num="65" count="0" type="cond" truecount="0" falsecount="2"/>
      </file>
      <file name="variant-overrides.ts" path="C:\Users\jkmag\Development\api-authentication-models-evaluation\src\variant-overrides.ts">
        <metrics statements="8" coveredstatements="6" conditionals="0" coveredconditionals="0" methods="3" coveredmethods="1"/>
        <line num="28" count="48" type="stmt"/>
        <line num="30" count="48" type="stmt"/>
        <line num="32" count="48" type="stmt"/>
        <line num="33" count="0" type="stmt"/>
        <line num="55" count="48" type="stmt"/>
        <line num="56" count="1224" type="stmt"/>
        <line num="59" count="48" type="stmt"/>
        <line num="60" count="0" type="stmt"/>
      </file>
    </package>
    <package name="src.auth">
      <metrics statements="153" coveredstatements="134" conditionals="62" coveredconditionals="42" methods="22" coveredmethods="22"/>
      <file name="account-security.routes.ts" path="C:\Users\jkmag\Development\api-authentication-models-evaluation\src\auth\account-security.routes.ts">
        <metrics statements="35" coveredstatements="29" conditionals="28" coveredconditionals="16" methods="4" coveredmethods="4"/>
        <line num="1" count="44" type="stmt"/>
        <line num="2" count="44" type="stmt"/>
        <line num="3" count="44" type="stmt"/>
        <line num="4" count="44" type="stmt"/>
        <line num="11" count="44" type="stmt"/>
        <line num="13" count="44" type="stmt"/>
        <line num="14" count="1" type="cond" truecount="1" falsecount="1"/>
        <line num="16" count="1" type="cond" truecount="1" falsecount="1"/>
        <line num="17" count="0" type="stmt"/>
        <line num="20" count="1" type="stmt"/>
        <line num="25" count="1" type="stmt"/>
        <line num="31" count="44" type="stmt"/>
        <line num="32" count="1" type="cond" truecount="1" falsecount="1"/>
        <line num="33" count="1" type="cond" truecount="1" falsecount="1"/>
        <line num="35" count="1" type="cond" truecount="3" falsecount="1"/>
        <line num="36" count="0" type="stmt"/>
        <line num="39" count="1" type="stmt"/>
        <line num="44" count="1" type="cond" truecount="1" falsecount="1"/>
        <line num="45" count="0" type="stmt"/>
        <line num="48" count="1" type="stmt"/>
        <line num="51" count="44" type="stmt"/>
        <line num="52" count="3" type="stmt"/>
        <line num="57" count="3" type="cond" truecount="1" falsecount="1"/>
        <line num="58" count="0" type="stmt"/>
        <line num="61" count="3" type="stmt"/>
        <line num="64" count="44" type="stmt"/>
        <line num="65" count="3" type="cond" truecount="1" falsecount="1"/>
        <line num="66" count="3" type="cond" truecount="1" falsecount="1"/>
        <line num="68" count="3" type="cond" truecount="3" falsecount="1"/>
        <line num="69" count="0" type="stmt"/>
        <line num="72" count="3" type="stmt"/>
        <line num="77" count="3" type="cond" truecount="1" falsecount="1"/>
        <line num="78" count="0" type="stmt"/>
        <line num="81" count="3" type="stmt"/>
        <line num="84" count="44" type="stmt"/>
      </file>
      <file name="account-security.service.ts" path="C:\Users\jkmag\Development\api-authentication-models-evaluation\src\auth\account-security.service.ts">
        <metrics statements="58" coveredstatements="48" conditionals="25" coveredconditionals="19" methods="6" coveredmethods="6"/>
        <line num="1" count="44" type="stmt"/>
        <line num="2" count="44" type="stmt"/>
        <line num="3" count="44" type="stmt"/>
        <line num="4" count="44" type="stmt"/>
        <line num="5" count="44" type="stmt"/>
        <line num="6" count="44" type="stmt"/>
        <line num="7" count="44" type="stmt"/>
        <line num="14" count="2" type="stmt"/>
        <line num="17" count="44" type="stmt"/>
        <line num="18" count="1" type="stmt"/>
        <line num="20" count="1" type="cond" truecount="1" falsecount="1"/>
        <line num="21" count="0" type="stmt"/>
        <line num="28" count="0" type="stmt"/>
        <line num="31" count="1" type="stmt"/>
        <line num="32" count="1" type="stmt"/>
        <line num="34" count="1" type="stmt"/>
        <line num="42" count="1" type="stmt"/>
        <line num="50" count="1" type="cond" truecount="1" falsecount="1"/>
        <line num="53" count="44" type="stmt"/>
        <line num="54" count="1" type="stmt"/>
        <line num="55" count="1" type="stmt"/>
        <line num="60" count="1" type="cond" truecount="4" falsecount="1"/>
        <line num="61" count="0" type="stmt"/>
        <line num="67" count="0" type="stmt"/>
        <line num="70" count="1" type="stmt"/>
        <line num="72" count="1" type="stmt"/>
        <line num="83" count="1" type="stmt"/>
        <line num="91" count="1" type="stmt"/>
        <line num="94" count="44" type="stmt"/>
        <line num="95" count="3" type="stmt"/>
        <line num="97" count="3" type="cond" truecount="3" falsecount="1"/>
        <line num="98" count="0" type="stmt"/>
        <line num="105" count="0" type="stmt"/>
        <line num="108" count="3" type="stmt"/>
        <line num="109" count="3" type="cond" truecount="2" falsecount="0"/>
        <line num="110" count="3" type="stmt"/>
        <line num="112" count="3" type="stmt"/>
        <line num="120" count="3" type="stmt"/>
        <line num="128" count="3" type="stmt"/>
        <line num="134" count="44" type="stmt"/>
        <line num="135" count="3" type="stmt"/>
        <line num="137" count="3" type="cond" truecount="1" falsecount="1"/>
        <line num="138" count="0" type="stmt"/>
        <line num="145" count="0" type="stmt"/>
        <line num="148" count="3" type="stmt"/>
        <line num="150" count="3" type="cond" truecount="1" falsecount="1"/>
        <line num="151" count="0" type="stmt"/>
        <line num="158" count="0" type="stmt"/>
        <line num="161" count="3" type="stmt"/>
        <line num="166" count="3" type="stmt"/>
        <line num="174" count="3" type="stmt"/>
        <line num="177" count="44" type="stmt"/>
        <line num="178" count="26" type="stmt"/>
        <line num="180" count="26" type="cond" truecount="2" falsecount="0"/>
        <line num="181" count="22" type="stmt"/>
        <line num="184" count="4" type="cond" truecount="4" falsecount="0"/>
        <line num="185" count="2" type="stmt"/>
        <line num="188" count="2" type="stmt"/>
      </file>
      <file name="password.ts" path="C:\Users\jkmag\Development\api-authentication-models-evaluation\src\auth\password.ts">
        <metrics statements="11" coveredstatements="10" conditionals="2" coveredconditionals="2" methods="3" coveredmethods="3"/>
        <line num="1" count="46" type="stmt"/>
        <line num="2" count="46" type="stmt"/>
        <line num="4" count="46" type="stmt"/>
        <line num="5" count="1" type="stmt"/>
        <line num="8" count="46" type="stmt"/>
        <line num="9" count="43" type="cond" truecount="2" falsecount="0"/>
        <line num="11" count="13" type="stmt"/>
        <line num="12" count="13" type="stmt"/>
        <line num="14" count="0" type="stmt"/>
        <line num="18" count="46" type="stmt"/>
        <line num="19" count="41" type="stmt"/>
      </file>
      <file name="totp.ts" path="C:\Users\jkmag\Development\api-authentication-models-evaluation\src\auth\totp.ts">
        <metrics statements="46" coveredstatements="44" conditionals="7" coveredconditionals="5" methods="8" coveredmethods="8"/>
        <line num="1" count="44" type="stmt"/>
        <line num="3" count="44" type="stmt"/>
        <line num="6" count="3" type="stmt"/>
        <line num="7" count="3" type="stmt"/>
        <line num="8" count="3" type="stmt"/>
        <line num="10" count="3" type="stmt"/>
        <line num="11" count="60" type="stmt"/>
        <line num="12" count="60" type="stmt"/>
        <line num="14" count="60" type="stmt"/>
        <line num="15" count="96" type="stmt"/>
        <line num="16" count="96" type="stmt"/>
        <line num="20" count="3" type="cond" truecount="1" falsecount="1"/>
        <line num="21" count="0" type="stmt"/>
        <line num="24" count="3" type="stmt"/>
        <line num="28" count="10" type="stmt"/>
        <line num="29" count="10" type="stmt"/>
        <line num="30" count="10" type="stmt"/>
        <line num="31" count="10" type="stmt"/>
        <line num="33" count="10" type="stmt"/>
        <line num="34" count="320" type="stmt"/>
        <line num="35" count="320" type="cond" truecount="1" falsecount="1"/>
        <line num="36" count="0" type="stmt"/>
        <line num="39" count="320" type="stmt"/>
        <line num="40" count="320" type="stmt"/>
        <line num="42" count="320" type="cond" truecount="2" falsecount="0"/>
        <line num="43" count="200" type="stmt"/>
        <line num="44" count="200" type="stmt"/>
        <line num="48" count="10" type="stmt"/>
        <line num="52" count="10" type="stmt"/>
        <line num="53" count="10" type="stmt"/>
        <line num="54" count="10" type="stmt"/>
        <line num="55" count="10" type="stmt"/>
        <line num="56" count="10" type="stmt"/>
        <line num="58" count="10" type="stmt"/>
        <line num="59" count="10" type="stmt"/>
        <line num="60" count="10" type="stmt"/>
        <line num="61" count="10" type="stmt"/>
        <line num="66" count="10" type="stmt"/>
        <line num="69" count="44" type="stmt"/>
        <line num="70" count="3" type="stmt"/>
        <line num="73" count="44" type="stmt"/>
        <line num="74" count="3" type="stmt"/>
        <line num="77" count="44" type="stmt"/>
        <line num="78" count="5" type="stmt"/>
        <line num="81" count="44" type="stmt"/>
        <line num="82" count="5" type="stmt"/>
      </file>
      <file name="user.ts" path="C:\Users\jkmag\Development\api-authentication-models-evaluation\src\auth\user.ts">
        <metrics statements="3" coveredstatements="3" conditionals="0" coveredconditionals="0" methods="1" coveredmethods="1"/>
        <line num="1" count="46" type="stmt"/>
        <line num="3" count="46" type="stmt"/>
        <line num="4" count="48" type="stmt"/>
      </file>
    </package>
    <package name="src.jwt">
      <metrics statements="131" coveredstatements="100" conditionals="102" coveredconditionals="62" methods="15" coveredmethods="11"/>
      <file name="jwt.controller.ts" path="C:\Users\jkmag\Development\api-authentication-models-evaluation\src\jwt\jwt.controller.ts">
        <metrics statements="24" coveredstatements="24" conditionals="6" coveredconditionals="6" methods="2" coveredmethods="2"/>
        <line num="2" count="44" type="stmt"/>
        <line num="3" count="44" type="stmt"/>
        <line num="4" count="44" type="stmt"/>
        <line num="5" count="44" type="stmt"/>
        <line num="6" count="44" type="stmt"/>
        <line num="8" count="44" type="stmt"/>
        <line num="9" count="26" type="stmt"/>
        <line num="11" count="26" type="stmt"/>
        <line num="12" count="26" type="cond" truecount="2" falsecount="0"/>
        <line num="13" count="2" type="stmt"/>
        <line num="14" count="2" type="stmt"/>
        <line num="17" count="24" type="stmt"/>
        <line num="18" count="24" type="cond" truecount="2" falsecount="0"/>
        <line num="19" count="11" type="stmt"/>
        <line num="20" count="11" type="stmt"/>
        <line num="23" count="13" type="stmt"/>
        <line num="24" count="13" type="cond" truecount="2" falsecount="0"/>
        <line num="25" count="1" type="stmt"/>
        <line num="26" count="1" type="stmt"/>
        <line num="29" count="12" type="stmt"/>
        <line num="30" count="12" type="stmt"/>
        <line num="31" count="12" type="stmt"/>
        <line num="34" count="44" type="stmt"/>
        <line num="35" count="3" type="stmt"/>
      </file>
      <file name="jwt.keys.ts" path="C:\Users\jkmag\Development\api-authentication-models-evaluation\src\jwt\jwt.keys.ts">
        <metrics statements="47" coveredstatements="19" conditionals="54" coveredconditionals="17" methods="6" coveredmethods="3"/>
        <line num="1" count="46" type="stmt"/>
        <line num="2" count="46" type="stmt"/>
        <line num="4" count="46" type="stmt"/>
        <line num="8" count="46" type="stmt"/>
        <line num="11" count="0" type="cond" truecount="0" falsecount="2"/>
        <line num="12" count="0" type="stmt"/>
        <line num="18" count="0" type="stmt"/>
        <line num="24" count="0" type="stmt"/>
        <line num="28" count="0" type="cond" truecount="0" falsecount="2"/>
        <line num="29" count="0" type="cond" truecount="0" falsecount="2"/>
        <line num="31" count="0" type="cond" truecount="0" falsecount="2"/>
        <line num="32" count="0" type="stmt"/>
        <line num="35" count="0" type="cond" truecount="0" falsecount="2"/>
        <line num="36" count="0" type="stmt"/>
        <line num="39" count="0" type="stmt"/>
        <line num="43" count="0" type="cond" truecount="0" falsecount="2"/>
        <line num="44" count="0" type="cond" truecount="0" falsecount="2"/>
        <line num="46" count="0" type="cond" truecount="0" falsecount="2"/>
        <line num="47" count="0" type="stmt"/>
        <line num="50" count="0" type="stmt"/>
        <line num="51" count="0" type="stmt"/>
        <line num="52" count="0" type="stmt"/>
        <line num="57" count="46" type="stmt"/>
        <line num="58" count="1032" type="cond" truecount="1" falsecount="1"/>
        <line num="59" count="0" type="stmt"/>
        <line num="62" count="1032" type="cond" truecount="1" falsecount="1"/>
        <line num="63" count="0" type="stmt"/>
        <line num="66" count="1032" type="cond" truecount="7" falsecount="1"/>
        <line num="67" count="0" type="stmt"/>
        <line num="70" count="1032" type="cond" truecount="2" falsecount="2"/>
        <line num="71" count="1032" type="stmt"/>
        <line num="74" count="0" type="stmt"/>
        <line num="77" count="46" type="stmt"/>
        <line num="78" count="15" type="stmt"/>
        <line num="80" count="15" type="cond" truecount="1" falsecount="1"/>
        <line num="81" count="0" type="stmt"/>
        <line num="88" count="15" type="cond" truecount="1" falsecount="1"/>
        <line num="89" count="15" type="stmt"/>
        <line num="96" count="0" type="stmt"/>
        <line num="103" count="46" type="stmt"/>
        <line num="104" count="1017" type="cond" truecount="1" falsecount="1"/>
        <line num="105" count="0" type="stmt"/>
        <line num="108" count="1017" type="cond" truecount="1" falsecount="1"/>
        <line num="109" count="1017" type="cond" truecount="1" falsecount="2"/>
        <line num="112" count="0" type="stmt"/>
        <line num="113" count="0" type="cond" truecount="0" falsecount="2"/>
        <line num="114" count="0" type="cond" truecount="0" falsecount="4"/>
      </file>
      <file name="jwt.middleware.ts" path="C:\Users\jkmag\Development\api-authentication-models-evaluation\src\jwt\jwt.middleware.ts">
        <metrics statements="21" coveredstatements="21" conditionals="20" coveredconditionals="20" methods="1" coveredmethods="1"/>
        <line num="2" count="45" type="stmt"/>
        <line num="4" count="45" type="stmt"/>
        <line num="5" count="2019" type="stmt"/>
        <line num="7" count="2019" type="cond" truecount="2" falsecount="0"/>
        <line num="8" count="2" type="stmt"/>
        <line num="11" count="2017" type="stmt"/>
        <line num="13" count="2017" type="stmt"/>
        <line num="14" count="2017" type="stmt"/>
        <line num="16" count="7" type="cond" truecount="4" falsecount="0"/>
        <line num="17" count="1" type="stmt"/>
        <line num="20" count="6" type="cond" truecount="2" falsecount="0"/>
        <line num="21" count="6" type="cond" truecount="2" falsecount="0"/>
        <line num="23" count="6" type="cond" truecount="4" falsecount="0"/>
        <line num="24" count="1" type="stmt"/>
        <line num="27" count="5" type="cond" truecount="4" falsecount="0"/>
        <line num="28" count="1" type="stmt"/>
        <line num="31" count="4" type="stmt"/>
        <line num="32" count="4" type="stmt"/>
        <line num="34" count="2010" type="cond" truecount="2" falsecount="0"/>
        <line num="35" count="3" type="stmt"/>
        <line num="38" count="2007" type="stmt"/>
      </file>
      <file name="jwt.routes.ts" path="C:\Users\jkmag\Development\api-authentication-models-evaluation\src\jwt\jwt.routes.ts">
        <metrics statements="9" coveredstatements="9" conditionals="0" coveredconditionals="0" methods="0" coveredmethods="0"/>
        <line num="1" count="44" type="stmt"/>
        <line num="2" count="44" type="stmt"/>
        <line num="3" count="44" type="stmt"/>
        <line num="4" count="44" type="stmt"/>
        <line num="5" count="44" type="stmt"/>
        <line num="7" count="44" type="stmt"/>
        <line num="9" count="44" type="stmt"/>
        <line num="10" count="44" type="stmt"/>
        <line num="12" count="44" type="stmt"/>
      </file>
      <file name="jwt.service.ts" path="C:\Users\jkmag\Development\api-authentication-models-evaluation\src\jwt\jwt.service.ts">
        <metrics statements="30" coveredstatements="27" conditionals="22" coveredconditionals="19" methods="6" coveredmethods="5"/>
        <line num="1" count="46" type="stmt"/>
        <line num="2" count="46" type="stmt"/>
        <line num="3" count="46" type="stmt"/>
        <line num="4" count="46" type="stmt"/>
        <line num="5" count="46" type="stmt"/>
        <line num="8" count="15" type="stmt"/>
        <line num="9" count="15" type="cond" truecount="3" falsecount="0"/>
        <line num="13" count="15" type="stmt"/>
        <line num="14" count="15" type="cond" truecount="3" falsecount="0"/>
        <line num="18" count="15" type="stmt"/>
        <line num="19" count="15" type="cond" truecount="3" falsecount="0"/>
        <line num="22" count="46" type="stmt"/>
        <line num="23" count="15" type="stmt"/>
        <line num="24" count="15" type="stmt"/>
        <line num="25" count="15" type="stmt"/>
        <line num="32" count="15" type="cond" truecount="1" falsecount="1"/>
        <line num="33" count="0" type="stmt"/>
        <line num="36" count="15" type="cond" truecount="1" falsecount="1"/>
        <line num="37" count="0" type="stmt"/>
        <line num="43" count="15" type="stmt"/>
        <line num="50" count="46" type="stmt"/>
        <line num="51" count="2017" type="stmt"/>
        <line num="52" count="1017" type="cond" truecount="5" falsecount="0"/>
        <line num="55" count="1017" type="stmt"/>
        <line num="56" count="1017" type="cond" truecount="1" falsecount="1"/>
        <line num="59" count="1017" type="stmt"/>
        <line num="60" count="1017" type="stmt"/>
        <line num="62" count="1017" type="stmt"/>
        <line num="67" count="46" type="stmt"/>
        <line num="68" count="0" type="stmt"/>
      </file>
    </package>
    <package name="src.middleware">
      <metrics statements="25" coveredstatements="21" conditionals="18" coveredconditionals="12" methods="2" coveredmethods="2"/>
      <file name="errorHandler.ts" path="C:\Users\jkmag\Development\api-authentication-models-evaluation\src\middleware\errorHandler.ts">
        <metrics statements="9" coveredstatements="7" conditionals="8" coveredconditionals="4" methods="1" coveredmethods="1"/>
        <line num="2" count="44" type="stmt"/>
        <line num="4" count="44" type="stmt"/>
        <line num="5" count="3" type="cond" truecount="1" falsecount="1"/>
        <line num="6" count="0" type="stmt"/>
        <line num="9" count="3" type="cond" truecount="1" falsecount="1"/>
        <line num="10" count="3" type="cond" truecount="1" falsecount="1"/>
        <line num="12" count="3" type="cond" truecount="1" falsecount="1"/>
        <line num="13" count="0" type="stmt"/>
        <line num="21" count="3" type="stmt"/>
      </file>
      <file name="rateLimiter.ts" path="C:\Users\jkmag\Development\api-authentication-models-evaluation\src\middleware\rateLimiter.ts">
        <metrics statements="5" coveredstatements="5" conditionals="0" coveredconditionals="0" methods="0" coveredmethods="0"/>
        <line num="1" count="45" type="stmt"/>
        <line num="2" count="45" type="stmt"/>
        <line num="4" count="45" type="stmt"/>
        <line num="15" count="45" type="stmt"/>
        <line num="16" count="45" type="stmt"/>
      </file>
      <file name="validateLogin.ts" path="C:\Users\jkmag\Development\api-authentication-models-evaluation\src\middleware\validateLogin.ts">
        <metrics statements="11" coveredstatements="9" conditionals="10" coveredconditionals="8" methods="1" coveredmethods="1"/>
        <line num="3" count="44" type="stmt"/>
        <line num="5" count="44" type="stmt"/>
        <line num="6" count="45" type="stmt"/>
        <line num="8" count="45" type="cond" truecount="4" falsecount="0"/>
        <line num="9" count="1" type="stmt"/>
        <line num="12" count="44" type="cond" truecount="1" falsecount="1"/>
        <line num="13" count="0" type="stmt"/>
        <line num="16" count="44" type="cond" truecount="3" falsecount="1"/>
        <line num="17" count="0" type="stmt"/>
        <line num="20" count="44" type="stmt"/>
        <line num="22" count="44" type="stmt"/>
      </file>
    </package>
    <package name="src.oauth">
      <metrics statements="207" coveredstatements="165" conditionals="157" coveredconditionals="118" methods="19" coveredmethods="16"/>
      <file name="clientScopes.ts" path="C:\Users\jkmag\Development\api-authentication-models-evaluation\src\oauth\clientScopes.ts">
        <metrics statements="1" coveredstatements="1" conditionals="0" coveredconditionals="0" methods="0" coveredmethods="0"/>
        <line num="1" count="46" type="stmt"/>
      </file>
      <file name="oauth.controller.ts" path="C:\Users\jkmag\Development\api-authentication-models-evaluation\src\oauth\oauth.controller.ts">
        <metrics statements="130" coveredstatements="92" conditionals="127" coveredconditionals="93" methods="9" coveredmethods="7"/>
        <line num="2" count="46" type="stmt"/>
        <line num="3" count="46" type="stmt"/>
        <line num="4" count="46" type="stmt"/>
        <line num="5" count="46" type="stmt"/>
        <line num="6" count="46" type="stmt"/>
        <line num="7" count="46" type="stmt"/>
        <line num="8" count="46" type="stmt"/>
        <line num="9" count="46" type="stmt"/>
        <line num="11" count="46" type="stmt"/>
        <line num="14" count="29" type="cond" truecount="2" falsecount="0"/>
        <line num="15" count="27" type="stmt"/>
        <line num="18" count="2" type="stmt"/>
        <line num="19" count="2" type="cond" truecount="1" falsecount="1"/>
        <line num="23" count="22" type="cond" truecount="2" falsecount="0"/>
        <line num="24" count="22" type="cond" truecount="2" falsecount="0"/>
        <line num="28" count="3" type="cond" truecount="1" falsecount="1"/>
        <line num="29" count="0" type="stmt"/>
        <line num="32" count="3" type="stmt"/>
        <line num="33" count="3" type="cond" truecount="2" falsecount="0"/>
        <line num="34" count="3" type="stmt"/>
        <line num="35" count="3" type="stmt"/>
        <line num="41" count="46" type="stmt"/>
        <line num="42" count="26" type="stmt"/>
        <line num="51" count="26" type="stmt"/>
        <line num="52" count="26" type="cond" truecount="1" falsecount="1"/>
        <line num="54" count="26" type="cond" truecount="1" falsecount="1"/>
        <line num="55" count="0" type="stmt"/>
        <line num="58" count="26" type="stmt"/>
        <line num="62" count="26" type="cond" truecount="1" falsecount="1"/>
        <line num="63" count="0" type="stmt"/>
        <line num="66" count="26" type="stmt"/>
        <line num="70" count="26" type="cond" truecount="1" falsecount="1"/>
        <line num="71" count="0" type="stmt"/>
        <line num="74" count="26" type="cond" truecount="2" falsecount="2"/>
        <line num="75" count="0" type="stmt"/>
        <line num="81" count="26" type="cond" truecount="3" falsecount="1"/>
        <line num="82" count="0" type="stmt"/>
        <line num="92" count="26" type="cond" truecount="2" falsecount="0"/>
        <line num="94" count="26" type="cond" truecount="2" falsecount="1"/>
        <line num="96" count="30" type="stmt"/>
        <line num="98" count="26" type="cond" truecount="2" falsecount="0"/>
        <line num="99" count="4" type="stmt"/>
        <line num="108" count="22" type="stmt"/>
        <line num="109" count="22" type="cond" truecount="3" falsecount="0"/>
        <line num="111" count="22" type="cond" truecount="5" falsecount="0"/>
        <line num="112" count="3" type="stmt"/>
        <line num="115" count="19" type="stmt"/>
        <line num="117" count="19" type="stmt"/>
        <line num="131" count="19" type="stmt"/>
        <line num="140" count="19" type="stmt"/>
        <line num="149" count="46" type="stmt"/>
        <line num="150" count="57" type="stmt"/>
        <line num="151" count="57" type="stmt"/>
        <line num="152" count="57" type="cond" truecount="2" falsecount="0"/>
        <line num="153" count="57" type="cond" truecount="2" falsecount="0"/>
        <line num="155" count="57" type="stmt"/>
        <line num="158" count="57" type="cond" truecount="2" falsecount="0"/>
        <line num="159" count="2" type="stmt"/>
        <line num="160" count="2" type="stmt"/>
        <line num="164" count="2" type="stmt"/>
        <line num="168" count="2" type="cond" truecount="3" falsecount="1"/>
        <line num="169" count="0" type="stmt"/>
        <line num="175" count="2" type="stmt"/>
        <line num="178" count="57" type="cond" truecount="1" falsecount="1"/>
        <line num="179" count="0" type="stmt"/>
        <line num="182" count="57" type="cond" truecount="4" falsecount="1"/>
        <line num="183" count="0" type="stmt"/>
        <line num="189" count="57" type="stmt"/>
        <line num="193" count="57" type="cond" truecount="2" falsecount="0"/>
        <line num="194" count="36" type="stmt"/>
        <line num="197" count="21" type="cond" truecount="2" falsecount="0"/>
        <line num="198" count="1" type="stmt"/>
        <line num="201" count="20" type="cond" truecount="2" falsecount="0"/>
        <line num="202" count="20" type="cond" truecount="3" falsecount="2"/>
        <line num="203" count="0" type="stmt"/>
        <line num="206" count="20" type="cond" truecount="4" falsecount="0"/>
        <line num="207" count="1" type="stmt"/>
        <line num="213" count="19" type="cond" truecount="3" falsecount="1"/>
        <line num="214" count="0" type="stmt"/>
        <line num="221" count="19" type="cond" truecount="2" falsecount="0"/>
        <line num="222" count="6" type="cond" truecount="2" falsecount="0"/>
        <line num="223" count="1" type="stmt"/>
        <line num="229" count="5" type="cond" truecount="1" falsecount="1"/>
        <line num="230" count="5" type="cond" truecount="2" falsecount="0"/>
        <line num="234" count="5" type="cond" truecount="2" falsecount="0"/>
        <line num="235" count="2" type="stmt"/>
        <line num="242" count="16" type="stmt"/>
        <line num="244" count="16" type="cond" truecount="2" falsecount="0"/>
        <line num="245" count="6" type="stmt"/>
        <line num="248" count="10" type="stmt"/>
        <line num="257" count="10" type="stmt"/>
        <line num="268" count="46" type="stmt"/>
        <line num="269" count="15" type="cond" truecount="2" falsecount="0"/>
        <line num="270" count="15" type="cond" truecount="2" falsecount="0"/>
        <line num="272" count="15" type="cond" truecount="1" falsecount="1"/>
        <line num="273" count="0" type="stmt"/>
        <line num="279" count="15" type="stmt"/>
        <line num="280" count="15" type="stmt"/>
        <line num="282" count="15" type="stmt"/>
        <line num="294" count="15" type="cond" truecount="2" falsecount="0"/>
        <line num="295" count="12" type="stmt"/>
        <line num="301" count="3" type="stmt"/>
        <line num="312" count="46" type="stmt"/>
        <line num="313" count="0" type="stmt"/>
        <line num="315" count="0" type="cond" truecount="0" falsecount="2"/>
        <line num="316" count="0" type="stmt"/>
        <line num="322" count="0" type="stmt"/>
        <line num="326" count="0" type="cond" truecount="0" falsecount="2"/>
        <line num="327" count="0" type="stmt"/>
        <line num="328" count="0" type="stmt"/>
        <line num="331" count="0" type="stmt"/>
        <line num="335" count="0" type="cond" truecount="0" falsecount="2"/>
        <line num="336" count="0" type="stmt"/>
        <line num="337" count="0" type="stmt"/>
        <line num="340" count="0" type="stmt"/>
        <line num="346" count="46" type="stmt"/>
        <line num="347" count="0" type="stmt"/>
        <line num="349" count="0" type="cond" truecount="0" falsecount="2"/>
        <line num="350" count="0" type="stmt"/>
        <line num="357" count="0" type="stmt"/>
        <line num="361" count="0" type="cond" truecount="0" falsecount="2"/>
        <line num="362" count="0" type="stmt"/>
        <line num="363" count="0" type="stmt"/>
        <line num="365" count="0" type="stmt"/>
        <line num="375" count="0" type="stmt"/>
        <line num="379" count="0" type="cond" truecount="0" falsecount="2"/>
        <line num="380" count="0" type="stmt"/>
        <line num="381" count="0" type="stmt"/>
        <line num="383" count="0" type="stmt"/>
        <line num="393" count="0" type="stmt"/>
      </file>
      <file name="oauth.middleware.ts" path="C:\Users\jkmag\Development\api-authentication-models-evaluation\src\oauth\oauth.middleware.ts">
        <metrics statements="36" coveredstatements="35" conditionals="22" coveredconditionals="21" methods="3" coveredmethods="3"/>
        <line num="2" count="46" type="stmt"/>
        <line num="3" count="46" type="stmt"/>
        <line num="6" count="46" type="stmt"/>
        <line num="11" count="10" type="stmt"/>
        <line num="13" count="10" type="cond" truecount="4" falsecount="0"/>
        <line num="14" count="4" type="stmt"/>
        <line num="17" count="6" type="stmt"/>
        <line num="18" count="6" type="stmt"/>
        <line num="20" count="6" type="cond" truecount="2" falsecount="0"/>
        <line num="21" count="5" type="stmt"/>
        <line num="24" count="1" type="stmt"/>
        <line num="25" count="1" type="stmt"/>
        <line num="26" count="1" type="stmt"/>
        <line num="28" count="1" type="stmt"/>
        <line num="32" count="46" type="stmt"/>
        <line num="33" count="36" type="stmt"/>
        <line num="35" count="36" type="cond" truecount="2" falsecount="0"/>
        <line num="36" count="3" type="stmt"/>
        <line num="39" count="33" type="cond" truecount="2" falsecount="0"/>
        <line num="40" count="2" type="stmt"/>
        <line num="43" count="31" type="cond" truecount="2" falsecount="0"/>
        <line num="44" count="1" type="stmt"/>
        <line num="47" count="30" type="cond" truecount="1" falsecount="1"/>
        <line num="48" count="0" type="stmt"/>
        <line num="52" count="30" type="stmt"/>
        <line num="54" count="30" type="cond" truecount="2" falsecount="0"/>
        <line num="55" count="2" type="stmt"/>
        <line num="58" count="28" type="stmt"/>
        <line num="62" count="28" type="cond" truecount="2" falsecount="0"/>
        <line num="63" count="2" type="stmt"/>
        <line num="66" count="26" type="stmt"/>
        <line num="70" count="46" type="stmt"/>
        <line num="71" count="91" type="stmt"/>
        <line num="73" count="91" type="cond" truecount="4" falsecount="0"/>
        <line num="74" count="34" type="stmt"/>
        <line num="79" count="57" type="stmt"/>
      </file>
      <file name="oauth.routes.ts" path="C:\Users\jkmag\Development\api-authentication-models-evaluation\src\oauth\oauth.routes.ts">
        <metrics statements="13" coveredstatements="13" conditionals="0" coveredconditionals="0" methods="1" coveredmethods="1"/>
        <line num="1" count="44" type="stmt"/>
        <line num="2" count="44" type="stmt"/>
        <line num="3" count="44" type="stmt"/>
        <line num="4" count="44" type="stmt"/>
        <line num="6" count="44" type="stmt"/>
        <line num="9" count="44" type="stmt"/>
        <line num="10" count="44" type="stmt"/>
        <line num="12" count="44" type="stmt"/>
        <line num="13" count="44" type="stmt"/>
        <line num="15" count="44" type="stmt"/>
        <line num="16" count="1" type="stmt"/>
        <line num="24" count="44" type="stmt"/>
        <line num="26" count="44" type="stmt"/>
      </file>
      <file name="oauth.service.ts" path="C:\Users\jkmag\Development\api-authentication-models-evaluation\src\oauth\oauth.service.ts">
        <metrics statements="25" coveredstatements="22" conditionals="8" coveredconditionals="4" methods="6" coveredmethods="5"/>
        <line num="1" count="45" type="stmt"/>
        <line num="2" count="45" type="stmt"/>
        <line num="3" count="45" type="stmt"/>
        <line num="9" count="18" type="stmt"/>
        <line num="13" count="66" type="stmt"/>
        <line num="20" count="0" type="stmt"/>
        <line num="27" count="45" type="stmt"/>
        <line num="28" count="14" type="stmt"/>
        <line num="30" count="14" type="stmt"/>
        <line num="41" count="14" type="cond" truecount="2" falsecount="0"/>
        <line num="42" count="5" type="stmt"/>
        <line num="45" count="9" type="stmt"/>
        <line num="49" count="9" type="cond" truecount="1" falsecount="1"/>
        <line num="51" count="9" type="stmt"/>
        <line num="52" count="9" type="stmt"/>
        <line num="55" count="9" type="stmt"/>
        <line num="67" count="9" type="stmt"/>
        <line num="69" count="9" type="stmt"/>
        <line num="79" count="45" type="stmt"/>
        <line num="80" count="2" type="stmt"/>
        <line num="84" count="2" type="cond" truecount="1" falsecount="1"/>
        <line num="85" count="0" type="cond" truecount="0" falsecount="2"/>
        <line num="87" count="0" type="stmt"/>
        <line num="90" count="45" type="stmt"/>
        <line num="91" count="46" type="stmt"/>
      </file>
      <file name="rateLimit.ts" path="C:\Users\jkmag\Development\api-authentication-models-evaluation\src\oauth\rateLimit.ts">
        <metrics statements="2" coveredstatements="2" conditionals="0" coveredconditionals="0" methods="0" coveredmethods="0"/>
        <line num="1" count="44" type="stmt"/>
        <line num="3" count="44" type="stmt"/>
      </file>
    </package>
    <package name="src.security">
      <metrics statements="6" coveredstatements="6" conditionals="8" coveredconditionals="6" methods="1" coveredmethods="1"/>
      <file name="audit.service.ts" path="C:\Users\jkmag\Development\api-authentication-models-evaluation\src\security\audit.service.ts">
        <metrics statements="6" coveredstatements="6" conditionals="8" coveredconditionals="6" methods="1" coveredmethods="1"/>
        <line num="2" count="46" type="stmt"/>
        <line num="3" count="46" type="stmt"/>
        <line num="14" count="46" type="stmt"/>
        <line num="15" count="80" type="stmt"/>
        <line num="16" count="80" type="stmt"/>
        <line num="27" count="2" type="stmt"/>
      </file>
    </package>
    <package name="src.sessions">
      <metrics statements="85" coveredstatements="81" conditionals="36" coveredconditionals="34" methods="12" coveredmethods="10"/>
      <file name="session.service.ts" path="C:\Users\jkmag\Development\api-authentication-models-evaluation\src\sessions\session.service.ts">
        <metrics statements="12" coveredstatements="9" conditionals="0" coveredconditionals="0" methods="5" coveredmethods="3"/>
        <line num="1" count="46" type="stmt"/>
        <line num="5" count="46" type="stmt"/>
        <line num="6" count="13" type="stmt"/>
        <line num="14" count="46" type="stmt"/>
        <line num="15" count="0" type="stmt"/>
        <line num="17" count="0" type="stmt"/>
        <line num="26" count="46" type="stmt"/>
        <line num="27" count="7" type="stmt"/>
        <line num="32" count="46" type="stmt"/>
        <line num="33" count="1017" type="stmt"/>
        <line num="39" count="46" type="stmt"/>
        <line num="40" count="0" type="stmt"/>
      </file>
      <file name="sessions.controller.ts" path="C:\Users\jkmag\Development\api-authentication-models-evaluation\src\sessions\sessions.controller.ts">
        <metrics statements="45" coveredstatements="44" conditionals="28" coveredconditionals="26" methods="4" coveredmethods="4"/>
        <line num="2" count="44" type="stmt"/>
        <line num="3" count="44" type="stmt"/>
        <line num="4" count="44" type="stmt"/>
        <line num="5" count="44" type="stmt"/>
        <line num="6" count="44" type="stmt"/>
        <line num="7" count="44" type="stmt"/>
        <line num="8" count="44" type="stmt"/>
        <line num="9" count="44" type="stmt"/>
        <line num="11" count="44" type="stmt"/>
        <line num="12" count="15" type="stmt"/>
        <line num="13" count="15" type="stmt"/>
        <line num="14" count="15" type="cond" truecount="2" falsecount="0"/>
        <line num="15" count="15" type="stmt"/>
        <line num="17" count="15" type="stmt"/>
        <line num="19" count="15" type="stmt"/>
        <line num="20" count="15" type="cond" truecount="2" falsecount="0"/>
        <line num="21" count="1" type="stmt"/>
        <line num="22" count="1" type="stmt"/>
        <line num="25" count="14" type="stmt"/>
        <line num="26" count="14" type="cond" truecount="2" falsecount="0"/>
        <line num="27" count="1" type="stmt"/>
        <line num="28" count="1" type="stmt"/>
        <line num="31" count="13" type="stmt"/>
        <line num="32" count="13" type="cond" truecount="2" falsecount="0"/>
        <line num="33" count="1" type="stmt"/>
        <line num="34" count="1" type="stmt"/>
        <line num="37" count="12" type="stmt"/>
        <line num="38" count="12" type="cond" truecount="4" falsecount="0"/>
        <line num="39" count="4" type="stmt"/>
        <line num="42" count="12" type="cond" truecount="3" falsecount="1"/>
        <line num="46" count="12" type="stmt"/>
        <line num="54" count="12" type="stmt"/>
        <line num="56" count="12" type="stmt"/>
        <line num="61" count="0" type="stmt"/>
        <line num="65" count="44" type="stmt"/>
        <line num="66" count="2" type="stmt"/>
        <line num="67" count="2" type="cond" truecount="2" falsecount="0"/>
        <line num="68" count="2" type="stmt"/>
        <line num="70" count="2" type="cond" truecount="3" falsecount="1"/>
        <line num="71" count="2" type="stmt"/>
        <line num="74" count="2" type="stmt"/>
        <line num="81" count="2" type="stmt"/>
        <line num="83" count="2" type="stmt"/>
        <line num="86" count="44" type="stmt"/>
        <line num="87" count="1004" type="stmt"/>
      </file>
      <file name="sessions.middleware.ts" path="C:\Users\jkmag\Development\api-authentication-models-evaluation\src\sessions\sessions.middleware.ts">
        <metrics statements="12" coveredstatements="12" conditionals="8" coveredconditionals="8" methods="1" coveredmethods="1"/>
        <line num="2" count="45" type="stmt"/>
        <line num="4" count="45" type="stmt"/>
        <line num="5" count="2017" type="stmt"/>
        <line num="7" count="2017" type="cond" truecount="2" falsecount="0"/>
        <line num="8" count="1001" type="stmt"/>
        <line num="11" count="1016" type="stmt"/>
        <line num="13" count="1016" type="cond" truecount="2" falsecount="0"/>
        <line num="14" count="5" type="stmt"/>
        <line num="18" count="1011" type="cond" truecount="4" falsecount="0"/>
        <line num="19" count="2" type="stmt"/>
        <line num="23" count="1009" type="stmt"/>
        <line num="25" count="1009" type="stmt"/>
      </file>
      <file name="sessions.routes.ts" path="C:\Users\jkmag\Development\api-authentication-models-evaluation\src\sessions\sessions.routes.ts">
        <metrics statements="16" coveredstatements="16" conditionals="0" coveredconditionals="0" methods="2" coveredmethods="2"/>
        <line num="1" count="44" type="stmt"/>
        <line num="2" count="44" type="stmt"/>
        <line num="3" count="44" type="stmt"/>
        <line num="4" count="44" type="stmt"/>
        <line num="5" count="44" type="stmt"/>
        <line num="6" count="44" type="stmt"/>
        <line num="8" count="44" type="stmt"/>
        <line num="11" count="44" type="stmt"/>
        <line num="14" count="44" type="stmt"/>
        <line num="17" count="44" type="stmt"/>
        <line num="20" count="44" type="stmt"/>
        <line num="28" count="44" type="stmt"/>
        <line num="29" count="4" type="stmt"/>
        <line num="33" count="44" type="stmt"/>
        <line num="34" count="1" type="stmt"/>
        <line num="37" count="44" type="stmt"/>
      </file>
    </package>
  </project>
</coverage>
