{"C:\\Users\\jkmag\\Development\\api-authentication-models-evaluation\\src\\app.ts": {"path":"C:\\Users\\jkmag\\Development\\api-authentication-models-evaluation\\src\\app.ts","statementMap":{"0":{"start":{"line":1,"column":0},"end":{"line":1,"column":30}},"1":{"start":{"line":2,"column":0},"end":{"line":2,"column":28}},"2":{"start":{"line":3,"column":0},"end":{"line":3,"column":24}},"3":{"start":{"line":4,"column":0},"end":{"line":4,"column":41}},"4":{"start":{"line":5,"column":0},"end":{"line":5,"column":38}},"5":{"start":{"line":7,"column":0},"end":{"line":7,"column":47}},"6":{"start":{"line":8,"column":0},"end":{"line":8,"column":55}},"7":{"start":{"line":9,"column":0},"end":{"line":9,"column":41}},"8":{"start":{"line":10,"column":0},"end":{"line":10,"column":58}},"9":{"start":{"line":12,"column":0},"end":{"line":12,"column":57}},"10":{"start":{"line":14,"column":12},"end":{"line":14,"column":21}},"11":{"start":{"line":15,"column":25},"end":{"line":15,"column":46}},"12":{"start":{"line":16,"column":30},"end":{"line":16,"column":63}},"13":{"start":{"line":18,"column":0},"end":{"line":18,"column":18}},"14":{"start":{"line":20,"column":0},"end":{"line":24,"column":4}},"15":{"start":{"line":26,"column":0},"end":{"line":26,"column":24}},"16":{"start":{"line":27,"column":0},"end":{"line":27,"column":24}},"17":{"start":{"line":30,"column":0},"end":{"line":39,"column":4}},"18":{"start":{"line":41,"column":0},"end":{"line":43,"column":3}},"19":{"start":{"line":42,"column":2},"end":{"line":42,"column":26}},"20":{"start":{"line":46,"column":0},"end":{"line":46,"column":31}},"21":{"start":{"line":47,"column":0},"end":{"line":47,"column":36}},"22":{"start":{"line":48,"column":0},"end":{"line":48,"column":27}},"23":{"start":{"line":50,"column":0},"end":{"line":50,"column":22}},"24":{"start":{"line":52,"column":0},"end":{"line":52,"column":19}}},"fnMap":{"0":{"name":"(anonymous_1)","decl":{"start":{"line":41,"column":13},"end":{"line":41,"column":14}},"loc":{"start":{"line":41,"column":26},"end":{"line":43,"column":1}}}},"branchMap":{"0":{"loc":{"start":{"line":35,"column":12},"end":{"line":35,"column":50}},"type":"binary-expr","locations":[{"start":{"line":35,"column":12},"end":{"line":35,"column":41}},{"start":{"line":35,"column":45},"end":{"line":35,"column":50}}]},"1":{"loc":{"start":{"line":36,"column":14},"end":{"line":36,"column":53}},"type":"binary-expr","locations":[{"start":{"line":36,"column":14},"end":{"line":36,"column":45}},{"start":{"line":36,"column":49},"end":{"line":36,"column":53}}]},"2":{"loc":{"start":{"line":37,"column":14},"end":{"line":37,"column":55}},"type":"binary-expr","locations":[{"start":{"line":37,"column":14},"end":{"line":37,"column":45}},{"start":{"line":37,"column":49},"end":{"line":37,"column":55}}]}},"s":{"0":43,"1":43,"2":43,"3":43,"4":43,"5":43,"6":43,"7":43,"8":43,"9":43,"10":43,"11":43,"12":43,"13":43,"14":43,"15":43,"16":43,"17":43,"18":43,"19":0,"20":43,"21":43,"22":43,"23":43,"24":43},"f":{"0":0},"b":{"0":[43,43],"1":[43,43],"2":[43,43]}}
,"C:\\Users\\jkmag\\Development\\api-authentication-models-evaluation\\src\\config.ts": {"path":"C:\\Users\\jkmag\\Development\\api-authentication-models-evaluation\\src\\config.ts","statementMap":{"0":{"start":{"line":1,"column":13},"end":{"line":1,"column":53}},"1":{"start":{"line":2,"column":13},"end":{"line":2,"column":59}},"2":{"start":{"line":3,"column":13},"end":{"line":3,"column":79}},"3":{"start":{"line":5,"column":0},"end":{"line":9,"column":2}}},"fnMap":{},"branchMap":{"0":{"loc":{"start":{"line":1,"column":27},"end":{"line":1,"column":51}},"type":"binary-expr","locations":[{"start":{"line":1,"column":27},"end":{"line":1,"column":43}},{"start":{"line":1,"column":47},"end":{"line":1,"column":51}}]},"1":{"loc":{"start":{"line":2,"column":28},"end":{"line":2,"column":58}},"type":"binary-expr","locations":[{"start":{"line":2,"column":28},"end":{"line":2,"column":52}},{"start":{"line":2,"column":56},"end":{"line":2,"column":58}}]},"2":{"loc":{"start":{"line":3,"column":41},"end":{"line":3,"column":77}},"type":"binary-expr","locations":[{"start":{"line":3,"column":41},"end":{"line":3,"column":71}},{"start":{"line":3,"column":75},"end":{"line":3,"column":77}}]}},"s":{"0":45,"1":45,"2":45,"3":45},"f":{},"b":{"0":[45,45],"1":[45,0],"2":[45,45]}}
,"C:\\Users\\jkmag\\Development\\api-authentication-models-evaluation\\src\\db.ts": {"path":"C:\\Users\\jkmag\\Development\\api-authentication-models-evaluation\\src\\db.ts","statementMap":{"0":{"start":{"line":1,"column":0},"end":{"line":1,"column":46}},"1":{"start":{"line":2,"column":0},"end":{"line":2,"column":40}},"2":{"start":{"line":4,"column":13},"end":{"line":10,"column":3}}},"fnMap":{},"branchMap":{},"s":{"0":45,"1":45,"2":45},"f":{},"b":{}}
,"C:\\Users\\jkmag\\Development\\api-authentication-models-evaluation\\src\\variant-overrides.ts": {"path":"C:\\Users\\jkmag\\Development\\api-authentication-models-evaluation\\src\\variant-overrides.ts","statementMap":{"0":{"start":{"line":32,"column":0},"end":{"line":32,"column":16}},"1":{"start":{"line":55,"column":0},"end":{"line":55,"column":16}},"2":{"start":{"line":59,"column":0},"end":{"line":59,"column":16}},"3":{"start":{"line":28,"column":52},"end":{"line":28,"column":54}},"4":{"start":{"line":30,"column":47},"end":{"line":30,"column":79}},"5":{"start":{"line":33,"column":2},"end":{"line":52,"column":4}},"6":{"start":{"line":56,"column":2},"end":{"line":56,"column":32}},"7":{"start":{"line":60,"column":2},"end":{"line":60,"column":60}}},"fnMap":{"0":{"name":"setVariantOverrides","decl":{"start":{"line":32,"column":16},"end":{"line":32,"column":35}},"loc":{"start":{"line":32,"column":70},"end":{"line":53,"column":1}}},"1":{"name":"getVariantOverrides","decl":{"start":{"line":55,"column":16},"end":{"line":55,"column":35}},"loc":{"start":{"line":55,"column":35},"end":{"line":57,"column":1}}},"2":{"name":"resetVariantOverrides","decl":{"start":{"line":59,"column":16},"end":{"line":59,"column":37}},"loc":{"start":{"line":59,"column":37},"end":{"line":61,"column":1}}}},"branchMap":{},"s":{"0":47,"1":47,"2":47,"3":47,"4":47,"5":0,"6":2222,"7":0},"f":{"0":0,"1":2222,"2":0},"b":{}}
,"C:\\Users\\jkmag\\Development\\api-authentication-models-evaluation\\src\\auth\\password.ts": {"path":"C:\\Users\\jkmag\\Development\\api-authentication-models-evaluation\\src\\auth\\password.ts","statementMap":{"0":{"start":{"line":3,"column":0},"end":{"line":3,"column":7}},"1":{"start":{"line":1,"column":0},"end":{"line":1,"column":30}},"2":{"start":{"line":4,"column":2},"end":{"line":4,"column":40}},"3":{"start":{"line":4,"column":28},"end":{"line":4,"column":40}},"4":{"start":{"line":5,"column":2},"end":{"line":5,"column":43}}},"fnMap":{"0":{"name":"isValidPassword","decl":{"start":{"line":3,"column":22},"end":{"line":3,"column":37}},"loc":{"start":{"line":3,"column":71},"end":{"line":6,"column":1}}}},"branchMap":{"0":{"loc":{"start":{"line":4,"column":2},"end":{"line":4,"column":40}},"type":"if","locations":[{"start":{"line":4,"column":2},"end":{"line":4,"column":40}},{"start":{},"end":{}}]}},"s":{"0":43,"1":43,"2":33,"3":21,"4":12},"f":{"0":33},"b":{"0":[21,12]}}
,"C:\\Users\\jkmag\\Development\\api-authentication-models-evaluation\\src\\auth\\user.ts": {"path":"C:\\Users\\jkmag\\Development\\api-authentication-models-evaluation\\src\\auth\\user.ts","statementMap":{"0":{"start":{"line":3,"column":0},"end":{"line":3,"column":7}},"1":{"start":{"line":1,"column":0},"end":{"line":1,"column":31}},"2":{"start":{"line":4,"column":2},"end":{"line":4,"column":54}}},"fnMap":{"0":{"name":"findUserByEmail","decl":{"start":{"line":3,"column":22},"end":{"line":3,"column":37}},"loc":{"start":{"line":3,"column":51},"end":{"line":5,"column":1}}}},"branchMap":{},"s":{"0":44,"1":44,"2":36},"f":{"0":36},"b":{}}
,"C:\\Users\\jkmag\\Development\\api-authentication-models-evaluation\\src\\jwt\\jwt.controller.ts": {"path":"C:\\Users\\jkmag\\Development\\api-authentication-models-evaluation\\src\\jwt\\jwt.controller.ts","statementMap":{"0":{"start":{"line":6,"column":0},"end":{"line":6,"column":7}},"1":{"start":{"line":19,"column":0},"end":{"line":19,"column":7}},"2":{"start":{"line":2,"column":0},"end":{"line":2,"column":47}},"3":{"start":{"line":3,"column":0},"end":{"line":3,"column":51}},"4":{"start":{"line":4,"column":0},"end":{"line":4,"column":44}},"5":{"start":{"line":7,"column":30},"end":{"line":7,"column":38}},"6":{"start":{"line":9,"column":15},"end":{"line":9,"column":43}},"7":{"start":{"line":10,"column":2},"end":{"line":10,"column":75}},"8":{"start":{"line":10,"column":13},"end":{"line":10,"column":75}},"9":{"start":{"line":12,"column":16},"end":{"line":12,"column":62}},"10":{"start":{"line":13,"column":2},"end":{"line":13,"column":76}},"11":{"start":{"line":13,"column":14},"end":{"line":13,"column":76}},"12":{"start":{"line":15,"column":16},"end":{"line":15,"column":36}},"13":{"start":{"line":16,"column":2},"end":{"line":16,"column":41}},"14":{"start":{"line":20,"column":2},"end":{"line":23,"column":5}}},"fnMap":{"0":{"name":"jwtLogin","decl":{"start":{"line":6,"column":22},"end":{"line":6,"column":30}},"loc":{"start":{"line":6,"column":58},"end":{"line":17,"column":1}}},"1":{"name":"jwtProtected","decl":{"start":{"line":19,"column":22},"end":{"line":19,"column":34}},"loc":{"start":{"line":19,"column":62},"end":{"line":24,"column":1}}}},"branchMap":{"0":{"loc":{"start":{"line":10,"column":2},"end":{"line":10,"column":75}},"type":"if","locations":[{"start":{"line":10,"column":2},"end":{"line":10,"column":75}},{"start":{},"end":{}}]},"1":{"loc":{"start":{"line":13,"column":2},"end":{"line":13,"column":76}},"type":"if","locations":[{"start":{"line":13,"column":2},"end":{"line":13,"column":76}},{"start":{},"end":{}}]}},"s":{"0":43,"1":43,"2":43,"3":43,"4":43,"5":23,"6":23,"7":23,"8":2,"9":21,"10":21,"11":11,"12":10,"13":10,"14":3},"f":{"0":23,"1":3},"b":{"0":[2,21],"1":[11,10]}}
,"C:\\Users\\jkmag\\Development\\api-authentication-models-evaluation\\src\\jwt\\jwt.middleware.ts": {"path":"C:\\Users\\jkmag\\Development\\api-authentication-models-evaluation\\src\\jwt\\jwt.middleware.ts","statementMap":{"0":{"start":{"line":20,"column":0},"end":{"line":20,"column":16}},"1":{"start":{"line":1,"column":0},"end":{"line":1,"column":31}},"2":{"start":{"line":3,"column":0},"end":{"line":3,"column":59}},"3":{"start":{"line":6,"column":27},"end":{"line":6,"column":48}},"4":{"start":{"line":7,"column":2},"end":{"line":7,"column":87}},"5":{"start":{"line":11,"column":27},"end":{"line":11,"column":48}},"6":{"start":{"line":12,"column":2},"end":{"line":12,"column":86}},"7":{"start":{"line":16,"column":27},"end":{"line":16,"column":48}},"8":{"start":{"line":17,"column":2},"end":{"line":17,"column":52}},"9":{"start":{"line":21,"column":17},"end":{"line":21,"column":42}},"10":{"start":{"line":23,"column":2},"end":{"line":25,"column":3}},"11":{"start":{"line":24,"column":4},"end":{"line":24,"column":66}},"12":{"start":{"line":27,"column":16},"end":{"line":27,"column":36}},"13":{"start":{"line":29,"column":2},"end":{"line":56,"column":3}},"14":{"start":{"line":30,"column":30},"end":{"line":30,"column":52}},"15":{"start":{"line":31,"column":22},"end":{"line":31,"column":81}},"16":{"start":{"line":33,"column":20},"end":{"line":35,"column":13}},"17":{"start":{"line":37,"column":4},"end":{"line":39,"column":5}},"18":{"start":{"line":38,"column":6},"end":{"line":38,"column":64}},"19":{"start":{"line":41,"column":4},"end":{"line":43,"column":5}},"20":{"start":{"line":42,"column":6},"end":{"line":42,"column":64}},"21":{"start":{"line":45,"column":4},"end":{"line":47,"column":5}},"22":{"start":{"line":46,"column":6},"end":{"line":46,"column":64}},"23":{"start":{"line":49,"column":5},"end":{"line":49,"column":41}},"24":{"start":{"line":50,"column":4},"end":{"line":50,"column":18}},"25":{"start":{"line":52,"column":4},"end":{"line":54,"column":5}},"26":{"start":{"line":53,"column":6},"end":{"line":53,"column":64}},"27":{"start":{"line":55,"column":4},"end":{"line":55,"column":62}}},"fnMap":{"0":{"name":"getExpectedAudience","decl":{"start":{"line":5,"column":9},"end":{"line":5,"column":28}},"loc":{"start":{"line":5,"column":28},"end":{"line":8,"column":1}}},"1":{"name":"getExpectedIssuer","decl":{"start":{"line":10,"column":9},"end":{"line":10,"column":26}},"loc":{"start":{"line":10,"column":26},"end":{"line":13,"column":1}}},"2":{"name":"getExpectedAlgorithm","decl":{"start":{"line":15,"column":9},"end":{"line":15,"column":29}},"loc":{"start":{"line":15,"column":29},"end":{"line":18,"column":1}}},"3":{"name":"jwtAuth","decl":{"start":{"line":20,"column":16},"end":{"line":20,"column":23}},"loc":{"start":{"line":20,"column":71},"end":{"line":57,"column":1}}}},"branchMap":{"0":{"loc":{"start":{"line":7,"column":9},"end":{"line":7,"column":86}},"type":"binary-expr","locations":[{"start":{"line":7,"column":9},"end":{"line":7,"column":39}},{"start":{"line":7,"column":43},"end":{"line":7,"column":67}},{"start":{"line":7,"column":71},"end":{"line":7,"column":86}}]},"1":{"loc":{"start":{"line":12,"column":9},"end":{"line":12,"column":85}},"type":"binary-expr","locations":[{"start":{"line":12,"column":9},"end":{"line":12,"column":37}},{"start":{"line":12,"column":41},"end":{"line":12,"column":63}},{"start":{"line":12,"column":67},"end":{"line":12,"column":85}}]},"2":{"loc":{"start":{"line":17,"column":9},"end":{"line":17,"column":51}},"type":"binary-expr","locations":[{"start":{"line":17,"column":9},"end":{"line":17,"column":40}},{"start":{"line":17,"column":44},"end":{"line":17,"column":51}}]},"3":{"loc":{"start":{"line":23,"column":2},"end":{"line":25,"column":3}},"type":"if","locations":[{"start":{"line":23,"column":2},"end":{"line":25,"column":3}},{"start":{},"end":{}}]},"4":{"loc":{"start":{"line":31,"column":22},"end":{"line":31,"column":81}},"type":"cond-expr","locations":[{"start":{"line":31,"column":53},"end":{"line":31,"column":55}},{"start":{"line":31,"column":58},"end":{"line":31,"column":81}}]},"5":{"loc":{"start":{"line":37,"column":4},"end":{"line":39,"column":5}},"type":"if","locations":[{"start":{"line":37,"column":4},"end":{"line":39,"column":5}},{"start":{},"end":{}}]},"6":{"loc":{"start":{"line":37,"column":8},"end":{"line":37,"column":62}},"type":"binary-expr","locations":[{"start":{"line":37,"column":8},"end":{"line":37,"column":24}},{"start":{"line":37,"column":28},"end":{"line":37,"column":62}}]},"7":{"loc":{"start":{"line":41,"column":4},"end":{"line":43,"column":5}},"type":"if","locations":[{"start":{"line":41,"column":4},"end":{"line":43,"column":5}},{"start":{},"end":{}}]},"8":{"loc":{"start":{"line":41,"column":8},"end":{"line":41,"column":60}},"type":"binary-expr","locations":[{"start":{"line":41,"column":8},"end":{"line":41,"column":19}},{"start":{"line":41,"column":23},"end":{"line":41,"column":60}}]},"9":{"loc":{"start":{"line":45,"column":4},"end":{"line":47,"column":5}},"type":"if","locations":[{"start":{"line":45,"column":4},"end":{"line":47,"column":5}},{"start":{},"end":{}}]},"10":{"loc":{"start":{"line":45,"column":8},"end":{"line":45,"column":58}},"type":"binary-expr","locations":[{"start":{"line":45,"column":8},"end":{"line":45,"column":19}},{"start":{"line":45,"column":23},"end":{"line":45,"column":58}}]},"11":{"loc":{"start":{"line":52,"column":4},"end":{"line":54,"column":5}},"type":"if","locations":[{"start":{"line":52,"column":4},"end":{"line":54,"column":5}},{"start":{},"end":{}}]}},"s":{"0":44,"1":44,"2":44,"3":5,"4":5,"5":4,"6":4,"7":2017,"8":2017,"9":2019,"10":2019,"11":2,"12":2017,"13":2017,"14":2017,"15":2017,"16":2017,"17":7,"18":1,"19":6,"20":1,"21":5,"22":1,"23":4,"24":4,"25":2010,"26":3,"27":2007},"f":{"0":5,"1":4,"2":2017,"3":2019},"b":{"0":[5,5,5],"1":[4,4,4],"2":[2017,2017],"3":[2,2017],"4":[0,2017],"5":[1,6],"6":[7,6],"7":[1,5],"8":[6,5],"9":[1,4],"10":[5,4],"11":[3,2007]}}
,"C:\\Users\\jkmag\\Development\\api-authentication-models-evaluation\\src\\jwt\\jwt.routes.ts": {"path":"C:\\Users\\jkmag\\Development\\api-authentication-models-evaluation\\src\\jwt\\jwt.routes.ts","statementMap":{"0":{"start":{"line":1,"column":0},"end":{"line":1,"column":33}},"1":{"start":{"line":2,"column":0},"end":{"line":2,"column":58}},"2":{"start":{"line":3,"column":0},"end":{"line":3,"column":43}},"3":{"start":{"line":4,"column":0},"end":{"line":4,"column":60}},"4":{"start":{"line":5,"column":0},"end":{"line":5,"column":56}},"5":{"start":{"line":7,"column":15},"end":{"line":7,"column":23}},"6":{"start":{"line":9,"column":0},"end":{"line":9,"column":60}},"7":{"start":{"line":10,"column":0},"end":{"line":10,"column":48}},"8":{"start":{"line":12,"column":0},"end":{"line":12,"column":22}}},"fnMap":{},"branchMap":{},"s":{"0":43,"1":43,"2":43,"3":43,"4":43,"5":43,"6":43,"7":43,"8":43},"f":{},"b":{}}
,"C:\\Users\\jkmag\\Development\\api-authentication-models-evaluation\\src\\jwt\\jwt.service.ts": {"path":"C:\\Users\\jkmag\\Development\\api-authentication-models-evaluation\\src\\jwt\\jwt.service.ts","statementMap":{"0":{"start":{"line":29,"column":0},"end":{"line":29,"column":16}},"1":{"start":{"line":52,"column":0},"end":{"line":52,"column":7}},"2":{"start":{"line":60,"column":0},"end":{"line":60,"column":7}},"3":{"start":{"line":1,"column":0},"end":{"line":1,"column":48}},"4":{"start":{"line":2,"column":0},"end":{"line":2,"column":72}},"5":{"start":{"line":3,"column":0},"end":{"line":3,"column":59}},"6":{"start":{"line":6,"column":2},"end":{"line":6,"column":48}},"7":{"start":{"line":10,"column":27},"end":{"line":10,"column":48}},"8":{"start":{"line":11,"column":2},"end":{"line":11,"column":87}},"9":{"start":{"line":15,"column":27},"end":{"line":15,"column":48}},"10":{"start":{"line":16,"column":2},"end":{"line":16,"column":86}},"11":{"start":{"line":20,"column":27},"end":{"line":20,"column":48}},"12":{"start":{"line":21,"column":2},"end":{"line":21,"column":52}},"13":{"start":{"line":25,"column":27},"end":{"line":25,"column":48}},"14":{"start":{"line":26,"column":2},"end":{"line":26,"column":46}},"15":{"start":{"line":30,"column":20},"end":{"line":30,"column":37}},"16":{"start":{"line":31,"column":35},"end":{"line":36,"column":4}},"17":{"start":{"line":38,"column":2},"end":{"line":43,"column":3}},"18":{"start":{"line":39,"column":4},"end":{"line":42,"column":7}},"19":{"start":{"line":45,"column":2},"end":{"line":49,"column":4}},"20":{"start":{"line":53,"column":2},"end":{"line":57,"column":3}},"21":{"start":{"line":54,"column":4},"end":{"line":54,"column":95}},"22":{"start":{"line":56,"column":4},"end":{"line":56,"column":16}},"23":{"start":{"line":61,"column":2},"end":{"line":61,"column":38}}},"fnMap":{"0":{"name":"getJwtSecret","decl":{"start":{"line":5,"column":9},"end":{"line":5,"column":21}},"loc":{"start":{"line":5,"column":21},"end":{"line":7,"column":1}}},"1":{"name":"getJwtAudience","decl":{"start":{"line":9,"column":9},"end":{"line":9,"column":23}},"loc":{"start":{"line":9,"column":23},"end":{"line":12,"column":1}}},"2":{"name":"getJwtIssuer","decl":{"start":{"line":14,"column":9},"end":{"line":14,"column":21}},"loc":{"start":{"line":14,"column":21},"end":{"line":17,"column":1}}},"3":{"name":"getJwtAlgorithm","decl":{"start":{"line":19,"column":9},"end":{"line":19,"column":24}},"loc":{"start":{"line":19,"column":24},"end":{"line":22,"column":1}}},"4":{"name":"getJwtExpiry","decl":{"start":{"line":24,"column":9},"end":{"line":24,"column":21}},"loc":{"start":{"line":24,"column":21},"end":{"line":27,"column":1}}},"5":{"name":"generateJwt","decl":{"start":{"line":29,"column":16},"end":{"line":29,"column":27}},"loc":{"start":{"line":29,"column":42},"end":{"line":50,"column":1}}},"6":{"name":"verifyJwt","decl":{"start":{"line":52,"column":22},"end":{"line":52,"column":31}},"loc":{"start":{"line":52,"column":45},"end":{"line":58,"column":1}}},"7":{"name":"findUserByEmail","decl":{"start":{"line":60,"column":22},"end":{"line":60,"column":37}},"loc":{"start":{"line":60,"column":51},"end":{"line":62,"column":1}}}},"branchMap":{"0":{"loc":{"start":{"line":6,"column":9},"end":{"line":6,"column":47}},"type":"binary-expr","locations":[{"start":{"line":6,"column":9},"end":{"line":6,"column":31}},{"start":{"line":6,"column":35},"end":{"line":6,"column":47}}]},"1":{"loc":{"start":{"line":11,"column":9},"end":{"line":11,"column":86}},"type":"binary-expr","locations":[{"start":{"line":11,"column":9},"end":{"line":11,"column":39}},{"start":{"line":11,"column":43},"end":{"line":11,"column":67}},{"start":{"line":11,"column":71},"end":{"line":11,"column":86}}]},"2":{"loc":{"start":{"line":16,"column":9},"end":{"line":16,"column":85}},"type":"binary-expr","locations":[{"start":{"line":16,"column":9},"end":{"line":16,"column":37}},{"start":{"line":16,"column":41},"end":{"line":16,"column":63}},{"start":{"line":16,"column":67},"end":{"line":16,"column":85}}]},"3":{"loc":{"start":{"line":21,"column":9},"end":{"line":21,"column":51}},"type":"binary-expr","locations":[{"start":{"line":21,"column":9},"end":{"line":21,"column":40}},{"start":{"line":21,"column":44},"end":{"line":21,"column":51}}]},"4":{"loc":{"start":{"line":26,"column":9},"end":{"line":26,"column":45}},"type":"binary-expr","locations":[{"start":{"line":26,"column":9},"end":{"line":26,"column":37}},{"start":{"line":26,"column":41},"end":{"line":26,"column":45}}]},"5":{"loc":{"start":{"line":38,"column":2},"end":{"line":43,"column":3}},"type":"if","locations":[{"start":{"line":38,"column":2},"end":{"line":43,"column":3}},{"start":{},"end":{}}]}},"s":{"0":44,"1":44,"2":44,"3":44,"4":44,"5":44,"6":13,"7":13,"8":13,"9":13,"10":13,"11":13,"12":13,"13":13,"14":13,"15":13,"16":13,"17":13,"18":0,"19":13,"20":0,"21":0,"22":0,"23":0},"f":{"0":13,"1":13,"2":13,"3":13,"4":13,"5":13,"6":0,"7":0},"b":{"0":[13,0],"1":[13,13,13],"2":[13,13,13],"3":[13,13],"4":[13,13],"5":[0,13]}}
,"C:\\Users\\jkmag\\Development\\api-authentication-models-evaluation\\src\\middleware\\errorHandler.ts": {"path":"C:\\Users\\jkmag\\Development\\api-authentication-models-evaluation\\src\\middleware\\errorHandler.ts","statementMap":{"0":{"start":{"line":3,"column":0},"end":{"line":3,"column":16}},"1":{"start":{"line":4,"column":2},"end":{"line":6,"column":3}},"2":{"start":{"line":5,"column":4},"end":{"line":5,"column":21}},"3":{"start":{"line":8,"column":17},"end":{"line":8,"column":34}},"4":{"start":{"line":9,"column":18},"end":{"line":9,"column":56}},"5":{"start":{"line":11,"column":2},"end":{"line":11,"column":46}}},"fnMap":{"0":{"name":"errorHandler","decl":{"start":{"line":3,"column":16},"end":{"line":3,"column":28}},"loc":{"start":{"line":3,"column":86},"end":{"line":12,"column":1}}}},"branchMap":{"0":{"loc":{"start":{"line":4,"column":2},"end":{"line":6,"column":3}},"type":"if","locations":[{"start":{"line":4,"column":2},"end":{"line":6,"column":3}},{"start":{},"end":{}}]},"1":{"loc":{"start":{"line":8,"column":17},"end":{"line":8,"column":34}},"type":"binary-expr","locations":[{"start":{"line":8,"column":17},"end":{"line":8,"column":27}},{"start":{"line":8,"column":31},"end":{"line":8,"column":34}}]},"2":{"loc":{"start":{"line":9,"column":18},"end":{"line":9,"column":56}},"type":"binary-expr","locations":[{"start":{"line":9,"column":18},"end":{"line":9,"column":29}},{"start":{"line":9,"column":33},"end":{"line":9,"column":56}}]}},"s":{"0":43,"1":3,"2":0,"3":3,"4":3,"5":3},"f":{"0":3},"b":{"0":[0,3],"1":[3,0],"2":[3,0]}}
,"C:\\Users\\jkmag\\Development\\api-authentication-models-evaluation\\src\\middleware\\rateLimiter.ts": {"path":"C:\\Users\\jkmag\\Development\\api-authentication-models-evaluation\\src\\middleware\\rateLimiter.ts","statementMap":{"0":{"start":{"line":1,"column":0},"end":{"line":1,"column":43}},"1":{"start":{"line":3,"column":20},"end":{"line":12,"column":2}},"2":{"start":{"line":15,"column":9},"end":{"line":15,"column":20}},"3":{"start":{"line":14,"column":0},"end":{"line":14,"column":27}}},"fnMap":{},"branchMap":{"0":{"loc":{"start":{"line":5,"column":14},"end":{"line":5,"column":92}},"type":"binary-expr","locations":[{"start":{"line":5,"column":14},"end":{"line":5,"column":45}},{"start":{"line":5,"column":50},"end":{"line":5,"column":91}}]},"1":{"loc":{"start":{"line":5,"column":50},"end":{"line":5,"column":91}},"type":"cond-expr","locations":[{"start":{"line":5,"column":84},"end":{"line":5,"column":85}},{"start":{"line":5,"column":88},"end":{"line":5,"column":91}}]}},"s":{"0":44,"1":44,"2":44,"3":44},"f":{},"b":{"0":[44,44],"1":[44,0]}}
,"C:\\Users\\jkmag\\Development\\api-authentication-models-evaluation\\src\\middleware\\validateLogin.ts": {"path":"C:\\Users\\jkmag\\Development\\api-authentication-models-evaluation\\src\\middleware\\validateLogin.ts","statementMap":{"0":{"start":{"line":5,"column":0},"end":{"line":5,"column":16}},"1":{"start":{"line":3,"column":21},"end":{"line":3,"column":49}},"2":{"start":{"line":6,"column":30},"end":{"line":6,"column":38}},"3":{"start":{"line":8,"column":2},"end":{"line":10,"column":3}},"4":{"start":{"line":9,"column":4},"end":{"line":9,"column":64}},"5":{"start":{"line":12,"column":2},"end":{"line":14,"column":3}},"6":{"start":{"line":13,"column":4},"end":{"line":13,"column":67}},"7":{"start":{"line":16,"column":2},"end":{"line":18,"column":3}},"8":{"start":{"line":17,"column":4},"end":{"line":17,"column":67}},"9":{"start":{"line":20,"column":2},"end":{"line":20,"column":46}},"10":{"start":{"line":22,"column":2},"end":{"line":22,"column":9}}},"fnMap":{"0":{"name":"validateLogin","decl":{"start":{"line":5,"column":16},"end":{"line":5,"column":29}},"loc":{"start":{"line":5,"column":77},"end":{"line":23,"column":1}}}},"branchMap":{"0":{"loc":{"start":{"line":8,"column":2},"end":{"line":10,"column":3}},"type":"if","locations":[{"start":{"line":8,"column":2},"end":{"line":10,"column":3}},{"start":{},"end":{}}]},"1":{"loc":{"start":{"line":8,"column":6},"end":{"line":8,"column":48}},"type":"binary-expr","locations":[{"start":{"line":8,"column":6},"end":{"line":8,"column":31}},{"start":{"line":8,"column":35},"end":{"line":8,"column":48}}]},"2":{"loc":{"start":{"line":12,"column":2},"end":{"line":14,"column":3}},"type":"if","locations":[{"start":{"line":12,"column":2},"end":{"line":14,"column":3}},{"start":{},"end":{}}]},"3":{"loc":{"start":{"line":16,"column":2},"end":{"line":18,"column":3}},"type":"if","locations":[{"start":{"line":16,"column":2},"end":{"line":18,"column":3}},{"start":{},"end":{}}]},"4":{"loc":{"start":{"line":16,"column":6},"end":{"line":16,"column":54}},"type":"binary-expr","locations":[{"start":{"line":16,"column":6},"end":{"line":16,"column":34}},{"start":{"line":16,"column":38},"end":{"line":16,"column":54}}]}},"s":{"0":43,"1":43,"2":37,"3":37,"4":1,"5":36,"6":0,"7":36,"8":0,"9":36,"10":36},"f":{"0":37},"b":{"0":[1,36],"1":[37,36],"2":[0,36],"3":[0,36],"4":[36,36]}}
,"C:\\Users\\jkmag\\Development\\api-authentication-models-evaluation\\src\\oauth\\clientScopes.ts": {"path":"C:\\Users\\jkmag\\Development\\api-authentication-models-evaluation\\src\\oauth\\clientScopes.ts","statementMap":{"0":{"start":{"line":1,"column":13},"end":{"line":5,"column":2}}},"fnMap":{},"branchMap":{},"s":{"0":45},"f":{},"b":{}}
,"C:\\Users\\jkmag\\Development\\api-authentication-models-evaluation\\src\\oauth\\oauth.controller.ts": {"path":"C:\\Users\\jkmag\\Development\\api-authentication-models-evaluation\\src\\oauth\\oauth.controller.ts","statementMap":{"0":{"start":{"line":29,"column":0},"end":{"line":29,"column":7}},"1":{"start":{"line":114,"column":0},"end":{"line":114,"column":7}},"2":{"start":{"line":209,"column":0},"end":{"line":209,"column":7}},"3":{"start":{"line":253,"column":0},"end":{"line":253,"column":7}},"4":{"start":{"line":287,"column":0},"end":{"line":287,"column":7}},"5":{"start":{"line":2,"column":0},"end":{"line":2,"column":31}},"6":{"start":{"line":3,"column":0},"end":{"line":3,"column":28}},"7":{"start":{"line":4,"column":0},"end":{"line":4,"column":55}},"8":{"start":{"line":5,"column":0},"end":{"line":5,"column":46}},"9":{"start":{"line":6,"column":0},"end":{"line":6,"column":59}},"10":{"start":{"line":8,"column":34},"end":{"line":8,"column":66}},"11":{"start":{"line":11,"column":22},"end":{"line":11,"column":67}},"12":{"start":{"line":12,"column":2},"end":{"line":12,"column":67}},"13":{"start":{"line":16,"column":2},"end":{"line":18,"column":3}},"14":{"start":{"line":17,"column":4},"end":{"line":17,"column":16}},"15":{"start":{"line":20,"column":27},"end":{"line":20,"column":48}},"16":{"start":{"line":21,"column":27},"end":{"line":21,"column":96}},"17":{"start":{"line":22,"column":21},"end":{"line":22,"column":52}},"18":{"start":{"line":23,"column":2},"end":{"line":23,"column":47}},"19":{"start":{"line":30,"column":27},"end":{"line":30,"column":48}},"20":{"start":{"line":39,"column":6},"end":{"line":39,"column":14}},"21":{"start":{"line":40,"column":19},"end":{"line":40,"column":58}},"22":{"start":{"line":42,"column":2},"end":{"line":44,"column":3}},"23":{"start":{"line":43,"column":4},"end":{"line":43,"column":61}},"24":{"start":{"line":46,"column":15},"end":{"line":48,"column":4}},"25":{"start":{"line":50,"column":2},"end":{"line":52,"column":3}},"26":{"start":{"line":51,"column":4},"end":{"line":51,"column":61}},"27":{"start":{"line":54,"column":17},"end":{"line":56,"column":4}},"28":{"start":{"line":58,"column":2},"end":{"line":60,"column":3}},"29":{"start":{"line":59,"column":4},"end":{"line":59,"column":63}},"30":{"start":{"line":66,"column":36},"end":{"line":66,"column":64}},"31":{"start":{"line":68,"column":24},"end":{"line":68,"column":93}},"32":{"start":{"line":70,"column":18},"end":{"line":70,"column":71}},"33":{"start":{"line":70,"column":44},"end":{"line":70,"column":70}},"34":{"start":{"line":72,"column":2},"end":{"line":77,"column":3}},"35":{"start":{"line":73,"column":4},"end":{"line":76,"column":7}},"36":{"start":{"line":82,"column":31},"end":{"line":82,"column":59}},"37":{"start":{"line":83,"column":39},"end":{"line":83,"column":126}},"38":{"start":{"line":85,"column":2},"end":{"line":87,"column":3}},"39":{"start":{"line":86,"column":4},"end":{"line":86,"column":67}},"40":{"start":{"line":89,"column":15},"end":{"line":89,"column":34}},"41":{"start":{"line":91,"column":2},"end":{"line":103,"column":5}},"42":{"start":{"line":105,"column":2},"end":{"line":108,"column":5}},"43":{"start":{"line":115,"column":27},"end":{"line":115,"column":48}},"44":{"start":{"line":116,"column":26},"end":{"line":116,"column":34}},"45":{"start":{"line":117,"column":23},"end":{"line":117,"column":70}},"46":{"start":{"line":119,"column":15},"end":{"line":119,"column":40}},"47":{"start":{"line":122,"column":2},"end":{"line":140,"column":3}},"48":{"start":{"line":123,"column":19},"end":{"line":123,"column":45}},"49":{"start":{"line":124,"column":37},"end":{"line":126,"column":17}},"50":{"start":{"line":128,"column":19},"end":{"line":130,"column":6}},"51":{"start":{"line":132,"column":4},"end":{"line":137,"column":5}},"52":{"start":{"line":133,"column":6},"end":{"line":136,"column":9}},"53":{"start":{"line":139,"column":4},"end":{"line":139,"column":38}},"54":{"start":{"line":142,"column":2},"end":{"line":144,"column":3}},"55":{"start":{"line":143,"column":4},"end":{"line":143,"column":59}},"56":{"start":{"line":146,"column":17},"end":{"line":148,"column":4}},"57":{"start":{"line":150,"column":2},"end":{"line":152,"column":3}},"58":{"start":{"line":151,"column":4},"end":{"line":151,"column":73}},"59":{"start":{"line":154,"column":2},"end":{"line":156,"column":3}},"60":{"start":{"line":155,"column":4},"end":{"line":155,"column":78}},"61":{"start":{"line":158,"column":24},"end":{"line":158,"column":69}},"62":{"start":{"line":159,"column":2},"end":{"line":161,"column":3}},"63":{"start":{"line":160,"column":4},"end":{"line":160,"column":60}},"64":{"start":{"line":163,"column":2},"end":{"line":168,"column":3}},"65":{"start":{"line":164,"column":4},"end":{"line":167,"column":7}},"66":{"start":{"line":171,"column":2},"end":{"line":190,"column":3}},"67":{"start":{"line":172,"column":4},"end":{"line":177,"column":5}},"68":{"start":{"line":173,"column":6},"end":{"line":176,"column":9}},"69":{"start":{"line":179,"column":19},"end":{"line":179,"column":72}},"70":{"start":{"line":180,"column":30},"end":{"line":182,"column":20}},"71":{"start":{"line":184,"column":4},"end":{"line":189,"column":5}},"72":{"start":{"line":185,"column":6},"end":{"line":188,"column":9}},"73":{"start":{"line":192,"column":22},"end":{"line":192,"column":54}},"74":{"start":{"line":194,"column":2},"end":{"line":196,"column":3}},"75":{"start":{"line":195,"column":4},"end":{"line":195,"column":73}},"76":{"start":{"line":198,"column":2},"end":{"line":203,"column":5}},"77":{"start":{"line":210,"column":23},"end":{"line":210,"column":70}},"78":{"start":{"line":211,"column":19},"end":{"line":211,"column":58}},"79":{"start":{"line":213,"column":2},"end":{"line":218,"column":3}},"80":{"start":{"line":214,"column":4},"end":{"line":217,"column":7}},"81":{"start":{"line":220,"column":25},"end":{"line":220,"column":44}},"82":{"start":{"line":221,"column":26},"end":{"line":221,"column":45}},"83":{"start":{"line":223,"column":18},"end":{"line":233,"column":4}},"84":{"start":{"line":235,"column":2},"end":{"line":240,"column":3}},"85":{"start":{"line":236,"column":4},"end":{"line":239,"column":7}},"86":{"start":{"line":242,"column":2},"end":{"line":247,"column":5}},"87":{"start":{"line":254,"column":20},"end":{"line":254,"column":28}},"88":{"start":{"line":256,"column":2},"end":{"line":261,"column":3}},"89":{"start":{"line":257,"column":4},"end":{"line":260,"column":7}},"90":{"start":{"line":263,"column":17},"end":{"line":265,"column":4}},"91":{"start":{"line":267,"column":2},"end":{"line":270,"column":3}},"92":{"start":{"line":268,"column":4},"end":{"line":268,"column":76}},"93":{"start":{"line":269,"column":4},"end":{"line":269,"column":34}},"94":{"start":{"line":272,"column":18},"end":{"line":274,"column":4}},"95":{"start":{"line":276,"column":2},"end":{"line":279,"column":3}},"96":{"start":{"line":277,"column":4},"end":{"line":277,"column":77}},"97":{"start":{"line":278,"column":4},"end":{"line":278,"column":34}},"98":{"start":{"line":281,"column":2},"end":{"line":281,"column":32}},"99":{"start":{"line":288,"column":20},"end":{"line":288,"column":28}},"100":{"start":{"line":290,"column":2},"end":{"line":296,"column":3}},"101":{"start":{"line":291,"column":4},"end":{"line":295,"column":7}},"102":{"start":{"line":298,"column":17},"end":{"line":300,"column":4}},"103":{"start":{"line":302,"column":2},"end":{"line":314,"column":3}},"104":{"start":{"line":303,"column":16},"end":{"line":303,"column":26}},"105":{"start":{"line":304,"column":19},"end":{"line":304,"column":41}},"106":{"start":{"line":306,"column":4},"end":{"line":313,"column":7}},"107":{"start":{"line":316,"column":18},"end":{"line":318,"column":4}},"108":{"start":{"line":320,"column":2},"end":{"line":332,"column":3}},"109":{"start":{"line":321,"column":16},"end":{"line":321,"column":26}},"110":{"start":{"line":322,"column":19},"end":{"line":322,"column":42}},"111":{"start":{"line":324,"column":4},"end":{"line":331,"column":7}},"112":{"start":{"line":334,"column":2},"end":{"line":334,"column":37}}},"fnMap":{"0":{"name":"getRequestedRedirectUri","decl":{"start":{"line":10,"column":9},"end":{"line":10,"column":32}},"loc":{"start":{"line":10,"column":45},"end":{"line":13,"column":1}}},"1":{"name":"validateRedirectUri","decl":{"start":{"line":15,"column":9},"end":{"line":15,"column":28}},"loc":{"start":{"line":15,"column":60},"end":{"line":24,"column":1}}},"2":{"name":"authorize","decl":{"start":{"line":29,"column":22},"end":{"line":29,"column":31}},"loc":{"start":{"line":29,"column":59},"end":{"line":109,"column":1}}},"3":{"name":"(anonymous_4)","decl":{"start":{"line":70,"column":39},"end":{"line":70,"column":40}},"loc":{"start":{"line":70,"column":44},"end":{"line":70,"column":70}}},"4":{"name":"token","decl":{"start":{"line":114,"column":22},"end":{"line":114,"column":27}},"loc":{"start":{"line":114,"column":55},"end":{"line":204,"column":1}}},"5":{"name":"refresh","decl":{"start":{"line":209,"column":22},"end":{"line":209,"column":29}},"loc":{"start":{"line":209,"column":57},"end":{"line":248,"column":1}}},"6":{"name":"revoke","decl":{"start":{"line":253,"column":22},"end":{"line":253,"column":28}},"loc":{"start":{"line":253,"column":56},"end":{"line":282,"column":1}}},"7":{"name":"introspect","decl":{"start":{"line":287,"column":22},"end":{"line":287,"column":32}},"loc":{"start":{"line":287,"column":60},"end":{"line":335,"column":1}}}},"branchMap":{"0":{"loc":{"start":{"line":11,"column":22},"end":{"line":11,"column":67}},"type":"binary-expr","locations":[{"start":{"line":11,"column":22},"end":{"line":11,"column":42}},{"start":{"line":11,"column":46},"end":{"line":11,"column":67}}]},"1":{"loc":{"start":{"line":12,"column":9},"end":{"line":12,"column":66}},"type":"cond-expr","locations":[{"start":{"line":12,"column":43},"end":{"line":12,"column":54}},{"start":{"line":12,"column":57},"end":{"line":12,"column":66}}]},"2":{"loc":{"start":{"line":16,"column":2},"end":{"line":18,"column":3}},"type":"if","locations":[{"start":{"line":16,"column":2},"end":{"line":18,"column":3}},{"start":{},"end":{}}]},"3":{"loc":{"start":{"line":21,"column":27},"end":{"line":21,"column":96}},"type":"binary-expr","locations":[{"start":{"line":21,"column":27},"end":{"line":21,"column":67}},{"start":{"line":21,"column":71},"end":{"line":21,"column":96}}]},"4":{"loc":{"start":{"line":40,"column":19},"end":{"line":40,"column":58}},"type":"binary-expr","locations":[{"start":{"line":40,"column":19},"end":{"line":40,"column":36}},{"start":{"line":40,"column":40},"end":{"line":40,"column":58}}]},"5":{"loc":{"start":{"line":42,"column":2},"end":{"line":44,"column":3}},"type":"if","locations":[{"start":{"line":42,"column":2},"end":{"line":44,"column":3}},{"start":{},"end":{}}]},"6":{"loc":{"start":{"line":50,"column":2},"end":{"line":52,"column":3}},"type":"if","locations":[{"start":{"line":50,"column":2},"end":{"line":52,"column":3}},{"start":{},"end":{}}]},"7":{"loc":{"start":{"line":58,"column":2},"end":{"line":60,"column":3}},"type":"if","locations":[{"start":{"line":58,"column":2},"end":{"line":60,"column":3}},{"start":{},"end":{}}]},"8":{"loc":{"start":{"line":66,"column":37},"end":{"line":66,"column":52}},"type":"binary-expr","locations":[{"start":{"line":66,"column":37},"end":{"line":66,"column":42}},{"start":{"line":66,"column":46},"end":{"line":66,"column":52}}]},"9":{"loc":{"start":{"line":68,"column":24},"end":{"line":68,"column":93}},"type":"binary-expr","locations":[{"start":{"line":68,"column":24},"end":{"line":68,"column":61}},{"start":{"line":68,"column":65},"end":{"line":68,"column":87}},{"start":{"line":68,"column":91},"end":{"line":68,"column":93}}]},"10":{"loc":{"start":{"line":72,"column":2},"end":{"line":77,"column":3}},"type":"if","locations":[{"start":{"line":72,"column":2},"end":{"line":77,"column":3}},{"start":{},"end":{}}]},"11":{"loc":{"start":{"line":83,"column":39},"end":{"line":83,"column":126}},"type":"binary-expr","locations":[{"start":{"line":83,"column":39},"end":{"line":83,"column":64}},{"start":{"line":83,"column":68},"end":{"line":83,"column":94}},{"start":{"line":83,"column":98},"end":{"line":83,"column":126}}]},"12":{"loc":{"start":{"line":85,"column":2},"end":{"line":87,"column":3}},"type":"if","locations":[{"start":{"line":85,"column":2},"end":{"line":87,"column":3}},{"start":{},"end":{}}]},"13":{"loc":{"start":{"line":85,"column":6},"end":{"line":85,"column":106}},"type":"binary-expr","locations":[{"start":{"line":85,"column":7},"end":{"line":85,"column":27}},{"start":{"line":85,"column":31},"end":{"line":85,"column":73}},{"start":{"line":85,"column":78},"end":{"line":85,"column":106}}]},"14":{"loc":{"start":{"line":96,"column":13},"end":{"line":96,"column":26}},"type":"binary-expr","locations":[{"start":{"line":96,"column":13},"end":{"line":96,"column":18}},{"start":{"line":96,"column":22},"end":{"line":96,"column":26}}]},"15":{"loc":{"start":{"line":97,"column":13},"end":{"line":97,"column":28}},"type":"binary-expr","locations":[{"start":{"line":97,"column":13},"end":{"line":97,"column":18}},{"start":{"line":97,"column":22},"end":{"line":97,"column":28}}]},"16":{"loc":{"start":{"line":99,"column":21},"end":{"line":99,"column":43}},"type":"binary-expr","locations":[{"start":{"line":99,"column":21},"end":{"line":99,"column":35}},{"start":{"line":99,"column":39},"end":{"line":99,"column":43}}]},"17":{"loc":{"start":{"line":100,"column":27},"end":{"line":100,"column":56}},"type":"binary-expr","locations":[{"start":{"line":100,"column":27},"end":{"line":100,"column":48}},{"start":{"line":100,"column":52},"end":{"line":100,"column":56}}]},"18":{"loc":{"start":{"line":107,"column":11},"end":{"line":107,"column":24}},"type":"binary-expr","locations":[{"start":{"line":107,"column":11},"end":{"line":107,"column":16}},{"start":{"line":107,"column":20},"end":{"line":107,"column":24}}]},"19":{"loc":{"start":{"line":117,"column":23},"end":{"line":117,"column":70}},"type":"binary-expr","locations":[{"start":{"line":117,"column":23},"end":{"line":117,"column":45}},{"start":{"line":117,"column":49},"end":{"line":117,"column":70}}]},"20":{"loc":{"start":{"line":122,"column":2},"end":{"line":140,"column":3}},"type":"if","locations":[{"start":{"line":122,"column":2},"end":{"line":140,"column":3}},{"start":{},"end":{}}]},"21":{"loc":{"start":{"line":132,"column":4},"end":{"line":137,"column":5}},"type":"if","locations":[{"start":{"line":132,"column":4},"end":{"line":137,"column":5}},{"start":{},"end":{}}]},"22":{"loc":{"start":{"line":132,"column":8},"end":{"line":132,"column":49}},"type":"binary-expr","locations":[{"start":{"line":132,"column":8},"end":{"line":132,"column":15}},{"start":{"line":132,"column":19},"end":{"line":132,"column":49}}]},"23":{"loc":{"start":{"line":142,"column":2},"end":{"line":144,"column":3}},"type":"if","locations":[{"start":{"line":142,"column":2},"end":{"line":144,"column":3}},{"start":{},"end":{}}]},"24":{"loc":{"start":{"line":150,"column":2},"end":{"line":152,"column":3}},"type":"if","locations":[{"start":{"line":150,"column":2},"end":{"line":152,"column":3}},{"start":{},"end":{}}]},"25":{"loc":{"start":{"line":154,"column":2},"end":{"line":156,"column":3}},"type":"if","locations":[{"start":{"line":154,"column":2},"end":{"line":156,"column":3}},{"start":{},"end":{}}]},"26":{"loc":{"start":{"line":158,"column":24},"end":{"line":158,"column":69}},"type":"binary-expr","locations":[{"start":{"line":158,"column":24},"end":{"line":158,"column":61}},{"start":{"line":158,"column":65},"end":{"line":158,"column":69}}]},"27":{"loc":{"start":{"line":159,"column":2},"end":{"line":161,"column":3}},"type":"if","locations":[{"start":{"line":159,"column":2},"end":{"line":161,"column":3}},{"start":{},"end":{}}]},"28":{"loc":{"start":{"line":159,"column":6},"end":{"line":159,"column":61}},"type":"binary-expr","locations":[{"start":{"line":159,"column":6},"end":{"line":159,"column":19}},{"start":{"line":159,"column":23},"end":{"line":159,"column":35}},{"start":{"line":159,"column":39},"end":{"line":159,"column":61}}]},"29":{"loc":{"start":{"line":163,"column":2},"end":{"line":168,"column":3}},"type":"if","locations":[{"start":{"line":163,"column":2},"end":{"line":168,"column":3}},{"start":{},"end":{}}]},"30":{"loc":{"start":{"line":163,"column":6},"end":{"line":163,"column":72}},"type":"binary-expr","locations":[{"start":{"line":163,"column":6},"end":{"line":163,"column":27}},{"start":{"line":163,"column":31},"end":{"line":163,"column":72}}]},"31":{"loc":{"start":{"line":171,"column":2},"end":{"line":190,"column":3}},"type":"if","locations":[{"start":{"line":171,"column":2},"end":{"line":190,"column":3}},{"start":{},"end":{}}]},"32":{"loc":{"start":{"line":172,"column":4},"end":{"line":177,"column":5}},"type":"if","locations":[{"start":{"line":172,"column":4},"end":{"line":177,"column":5}},{"start":{},"end":{}}]},"33":{"loc":{"start":{"line":179,"column":20},"end":{"line":179,"column":57}},"type":"binary-expr","locations":[{"start":{"line":179,"column":20},"end":{"line":179,"column":46}},{"start":{"line":179,"column":50},"end":{"line":179,"column":57}}]},"34":{"loc":{"start":{"line":180,"column":30},"end":{"line":182,"column":20}},"type":"cond-expr","locations":[{"start":{"line":181,"column":8},"end":{"line":181,"column":76}},{"start":{"line":182,"column":8},"end":{"line":182,"column":20}}]},"35":{"loc":{"start":{"line":184,"column":4},"end":{"line":189,"column":5}},"type":"if","locations":[{"start":{"line":184,"column":4},"end":{"line":189,"column":5}},{"start":{},"end":{}}]},"36":{"loc":{"start":{"line":194,"column":2},"end":{"line":196,"column":3}},"type":"if","locations":[{"start":{"line":194,"column":2},"end":{"line":196,"column":3}},{"start":{},"end":{}}]},"37":{"loc":{"start":{"line":210,"column":23},"end":{"line":210,"column":70}},"type":"binary-expr","locations":[{"start":{"line":210,"column":23},"end":{"line":210,"column":45}},{"start":{"line":210,"column":49},"end":{"line":210,"column":70}}]},"38":{"loc":{"start":{"line":211,"column":19},"end":{"line":211,"column":58}},"type":"binary-expr","locations":[{"start":{"line":211,"column":19},"end":{"line":211,"column":36}},{"start":{"line":211,"column":40},"end":{"line":211,"column":58}}]},"39":{"loc":{"start":{"line":213,"column":2},"end":{"line":218,"column":3}},"type":"if","locations":[{"start":{"line":213,"column":2},"end":{"line":218,"column":3}},{"start":{},"end":{}}]},"40":{"loc":{"start":{"line":235,"column":2},"end":{"line":240,"column":3}},"type":"if","locations":[{"start":{"line":235,"column":2},"end":{"line":240,"column":3}},{"start":{},"end":{}}]},"41":{"loc":{"start":{"line":256,"column":2},"end":{"line":261,"column":3}},"type":"if","locations":[{"start":{"line":256,"column":2},"end":{"line":261,"column":3}},{"start":{},"end":{}}]},"42":{"loc":{"start":{"line":267,"column":2},"end":{"line":270,"column":3}},"type":"if","locations":[{"start":{"line":267,"column":2},"end":{"line":270,"column":3}},{"start":{},"end":{}}]},"43":{"loc":{"start":{"line":276,"column":2},"end":{"line":279,"column":3}},"type":"if","locations":[{"start":{"line":276,"column":2},"end":{"line":279,"column":3}},{"start":{},"end":{}}]},"44":{"loc":{"start":{"line":290,"column":2},"end":{"line":296,"column":3}},"type":"if","locations":[{"start":{"line":290,"column":2},"end":{"line":296,"column":3}},{"start":{},"end":{}}]},"45":{"loc":{"start":{"line":302,"column":2},"end":{"line":314,"column":3}},"type":"if","locations":[{"start":{"line":302,"column":2},"end":{"line":314,"column":3}},{"start":{},"end":{}}]},"46":{"loc":{"start":{"line":308,"column":13},"end":{"line":308,"column":33}},"type":"binary-expr","locations":[{"start":{"line":308,"column":13},"end":{"line":308,"column":25}},{"start":{"line":308,"column":29},"end":{"line":308,"column":33}}]},"47":{"loc":{"start":{"line":320,"column":2},"end":{"line":332,"column":3}},"type":"if","locations":[{"start":{"line":320,"column":2},"end":{"line":332,"column":3}},{"start":{},"end":{}}]},"48":{"loc":{"start":{"line":326,"column":13},"end":{"line":326,"column":34}},"type":"binary-expr","locations":[{"start":{"line":326,"column":13},"end":{"line":326,"column":26}},{"start":{"line":326,"column":30},"end":{"line":326,"column":34}}]}},"s":{"0":45,"1":45,"2":45,"3":45,"4":45,"5":45,"6":45,"7":45,"8":45,"9":45,"10":45,"11":22,"12":22,"13":3,"14":0,"15":3,"16":3,"17":3,"18":3,"19":26,"20":26,"21":26,"22":26,"23":0,"24":26,"25":26,"26":0,"27":26,"28":26,"29":0,"30":26,"31":26,"32":26,"33":30,"34":26,"35":4,"36":22,"37":22,"38":22,"39":3,"40":19,"41":19,"42":19,"43":57,"44":57,"45":57,"46":57,"47":57,"48":2,"49":2,"50":2,"51":2,"52":0,"53":2,"54":57,"55":0,"56":57,"57":57,"58":36,"59":21,"60":1,"61":20,"62":20,"63":0,"64":20,"65":1,"66":19,"67":6,"68":1,"69":5,"70":5,"71":5,"72":2,"73":16,"74":16,"75":6,"76":10,"77":15,"78":15,"79":15,"80":0,"81":15,"82":15,"83":15,"84":15,"85":12,"86":3,"87":0,"88":0,"89":0,"90":0,"91":0,"92":0,"93":0,"94":0,"95":0,"96":0,"97":0,"98":0,"99":0,"100":0,"101":0,"102":0,"103":0,"104":0,"105":0,"106":0,"107":0,"108":0,"109":0,"110":0,"111":0,"112":0},"f":{"0":22,"1":3,"2":26,"3":30,"4":57,"5":15,"6":0,"7":0},"b":{"0":[22,19],"1":[3,19],"2":[0,3],"3":[3,3],"4":[26,0],"5":[0,26],"6":[0,26],"7":[0,26],"8":[26,5],"9":[26,26,0],"10":[4,22],"11":[22,3,1],"12":[3,19],"13":[22,3,20],"14":[19,18],"15":[19,2],"16":[19,13],"17":[19,13],"18":[19,18],"19":[57,48],"20":[2,55],"21":[0,2],"22":[2,2],"23":[0,57],"24":[36,21],"25":[1,20],"26":[20,20],"27":[0,20],"28":[20,20,0],"29":[1,19],"30":[20,2],"31":[6,13],"32":[1,5],"33":[5,0],"34":[1,4],"35":[2,3],"36":[6,10],"37":[15,2],"38":[15,13],"39":[0,15],"40":[12,3],"41":[0,0],"42":[0,0],"43":[0,0],"44":[0,0],"45":[0,0],"46":[0,0],"47":[0,0],"48":[0,0]}}
,"C:\\Users\\jkmag\\Development\\api-authentication-models-evaluation\\src\\oauth\\oauth.middleware.ts": {"path":"C:\\Users\\jkmag\\Development\\api-authentication-models-evaluation\\src\\oauth\\oauth.middleware.ts","statementMap":{"0":{"start":{"line":6,"column":0},"end":{"line":6,"column":7}},"1":{"start":{"line":32,"column":0},"end":{"line":32,"column":7}},"2":{"start":{"line":70,"column":0},"end":{"line":70,"column":16}},"3":{"start":{"line":2,"column":0},"end":{"line":2,"column":54}},"4":{"start":{"line":3,"column":0},"end":{"line":3,"column":31}},"5":{"start":{"line":11,"column":17},"end":{"line":11,"column":42}},"6":{"start":{"line":13,"column":2},"end":{"line":15,"column":3}},"7":{"start":{"line":14,"column":4},"end":{"line":14,"column":75}},"8":{"start":{"line":17,"column":16},"end":{"line":17,"column":45}},"9":{"start":{"line":18,"column":16},"end":{"line":18,"column":48}},"10":{"start":{"line":20,"column":2},"end":{"line":22,"column":3}},"11":{"start":{"line":21,"column":4},"end":{"line":21,"column":71}},"12":{"start":{"line":24,"column":3},"end":{"line":24,"column":37}},"13":{"start":{"line":25,"column":3},"end":{"line":25,"column":41}},"14":{"start":{"line":26,"column":3},"end":{"line":26,"column":35}},"15":{"start":{"line":28,"column":2},"end":{"line":28,"column":9}},"16":{"start":{"line":33,"column":21},"end":{"line":33,"column":29}},"17":{"start":{"line":35,"column":2},"end":{"line":37,"column":3}},"18":{"start":{"line":36,"column":4},"end":{"line":36,"column":65}},"19":{"start":{"line":39,"column":2},"end":{"line":41,"column":3}},"20":{"start":{"line":40,"column":4},"end":{"line":40,"column":70}},"21":{"start":{"line":43,"column":2},"end":{"line":45,"column":3}},"22":{"start":{"line":44,"column":4},"end":{"line":44,"column":71}},"23":{"start":{"line":47,"column":2},"end":{"line":49,"column":3}},"24":{"start":{"line":48,"column":4},"end":{"line":48,"column":81}},"25":{"start":{"line":52,"column":4},"end":{"line":52,"column":69}},"26":{"start":{"line":54,"column":2},"end":{"line":56,"column":3}},"27":{"start":{"line":55,"column":4},"end":{"line":55,"column":74}},"28":{"start":{"line":58,"column":15},"end":{"line":60,"column":4}},"29":{"start":{"line":62,"column":2},"end":{"line":64,"column":3}},"30":{"start":{"line":63,"column":4},"end":{"line":63,"column":66}},"31":{"start":{"line":66,"column":2},"end":{"line":66,"column":9}},"32":{"start":{"line":71,"column":19},"end":{"line":71,"column":27}},"33":{"start":{"line":73,"column":2},"end":{"line":77,"column":3}},"34":{"start":{"line":74,"column":4},"end":{"line":76,"column":7}},"35":{"start":{"line":79,"column":2},"end":{"line":79,"column":9}}},"fnMap":{"0":{"name":"verifyAccessToken","decl":{"start":{"line":6,"column":22},"end":{"line":6,"column":39}},"loc":{"start":{"line":9,"column":20},"end":{"line":29,"column":1}}},"1":{"name":"validateAuthorize","decl":{"start":{"line":32,"column":22},"end":{"line":32,"column":39}},"loc":{"start":{"line":32,"column":87},"end":{"line":67,"column":1}}},"2":{"name":"validateToken","decl":{"start":{"line":70,"column":16},"end":{"line":70,"column":29}},"loc":{"start":{"line":70,"column":77},"end":{"line":80,"column":1}}}},"branchMap":{"0":{"loc":{"start":{"line":13,"column":2},"end":{"line":15,"column":3}},"type":"if","locations":[{"start":{"line":13,"column":2},"end":{"line":15,"column":3}},{"start":{},"end":{}}]},"1":{"loc":{"start":{"line":13,"column":6},"end":{"line":13,"column":46}},"type":"binary-expr","locations":[{"start":{"line":13,"column":6},"end":{"line":13,"column":13}},{"start":{"line":13,"column":17},"end":{"line":13,"column":46}}]},"2":{"loc":{"start":{"line":20,"column":2},"end":{"line":22,"column":3}},"type":"if","locations":[{"start":{"line":20,"column":2},"end":{"line":22,"column":3}},{"start":{},"end":{}}]},"3":{"loc":{"start":{"line":35,"column":2},"end":{"line":37,"column":3}},"type":"if","locations":[{"start":{"line":35,"column":2},"end":{"line":37,"column":3}},{"start":{},"end":{}}]},"4":{"loc":{"start":{"line":39,"column":2},"end":{"line":41,"column":3}},"type":"if","locations":[{"start":{"line":39,"column":2},"end":{"line":41,"column":3}},{"start":{},"end":{}}]},"5":{"loc":{"start":{"line":43,"column":2},"end":{"line":45,"column":3}},"type":"if","locations":[{"start":{"line":43,"column":2},"end":{"line":45,"column":3}},{"start":{},"end":{}}]},"6":{"loc":{"start":{"line":47,"column":2},"end":{"line":49,"column":3}},"type":"if","locations":[{"start":{"line":47,"column":2},"end":{"line":49,"column":3}},{"start":{},"end":{}}]},"7":{"loc":{"start":{"line":54,"column":2},"end":{"line":56,"column":3}},"type":"if","locations":[{"start":{"line":54,"column":2},"end":{"line":56,"column":3}},{"start":{},"end":{}}]},"8":{"loc":{"start":{"line":62,"column":2},"end":{"line":64,"column":3}},"type":"if","locations":[{"start":{"line":62,"column":2},"end":{"line":64,"column":3}},{"start":{},"end":{}}]},"9":{"loc":{"start":{"line":73,"column":2},"end":{"line":77,"column":3}},"type":"if","locations":[{"start":{"line":73,"column":2},"end":{"line":77,"column":3}},{"start":{},"end":{}}]},"10":{"loc":{"start":{"line":73,"column":6},"end":{"line":73,"column":39}},"type":"binary-expr","locations":[{"start":{"line":73,"column":6},"end":{"line":73,"column":11}},{"start":{"line":73,"column":15},"end":{"line":73,"column":39}}]}},"s":{"0":45,"1":45,"2":45,"3":45,"4":45,"5":10,"6":10,"7":4,"8":6,"9":6,"10":6,"11":5,"12":1,"13":1,"14":1,"15":1,"16":36,"17":36,"18":3,"19":33,"20":2,"21":31,"22":1,"23":30,"24":0,"25":30,"26":30,"27":2,"28":28,"29":28,"30":2,"31":26,"32":91,"33":91,"34":34,"35":57},"f":{"0":10,"1":36,"2":91},"b":{"0":[4,6],"1":[10,8],"2":[5,1],"3":[3,33],"4":[2,31],"5":[1,30],"6":[0,30],"7":[2,28],"8":[2,26],"9":[34,57],"10":[91,60]}}
,"C:\\Users\\jkmag\\Development\\api-authentication-models-evaluation\\src\\oauth\\oauth.routes.ts": {"path":"C:\\Users\\jkmag\\Development\\api-authentication-models-evaluation\\src\\oauth\\oauth.routes.ts","statementMap":{"0":{"start":{"line":1,"column":0},"end":{"line":1,"column":33}},"1":{"start":{"line":2,"column":0},"end":{"line":2,"column":43}},"2":{"start":{"line":3,"column":0},"end":{"line":3,"column":83}},"3":{"start":{"line":4,"column":0},"end":{"line":4,"column":90}},"4":{"start":{"line":6,"column":15},"end":{"line":6,"column":23}},"5":{"start":{"line":9,"column":0},"end":{"line":9,"column":70}},"6":{"start":{"line":10,"column":0},"end":{"line":10,"column":58}},"7":{"start":{"line":12,"column":0},"end":{"line":12,"column":47}},"8":{"start":{"line":13,"column":0},"end":{"line":13,"column":45}},"9":{"start":{"line":15,"column":0},"end":{"line":21,"column":3}},"10":{"start":{"line":16,"column":2},"end":{"line":20,"column":5}},"11":{"start":{"line":24,"column":0},"end":{"line":24,"column":53}},"12":{"start":{"line":26,"column":0},"end":{"line":26,"column":22}}},"fnMap":{"0":{"name":"(anonymous_0)","decl":{"start":{"line":15,"column":44},"end":{"line":15,"column":45}},"loc":{"start":{"line":15,"column":57},"end":{"line":21,"column":1}}}},"branchMap":{},"s":{"0":43,"1":43,"2":43,"3":43,"4":43,"5":43,"6":43,"7":43,"8":43,"9":43,"10":1,"11":43,"12":43},"f":{"0":1},"b":{}}
,"C:\\Users\\jkmag\\Development\\api-authentication-models-evaluation\\src\\oauth\\oauth.service.ts": {"path":"C:\\Users\\jkmag\\Development\\api-authentication-models-evaluation\\src\\oauth\\oauth.service.ts","statementMap":{"0":{"start":{"line":22,"column":0},"end":{"line":22,"column":7}},"1":{"start":{"line":71,"column":0},"end":{"line":71,"column":7}},"2":{"start":{"line":1,"column":0},"end":{"line":1,"column":31}},"3":{"start":{"line":2,"column":0},"end":{"line":2,"column":28}},"4":{"start":{"line":8,"column":2},"end":{"line":8,"column":48}},"5":{"start":{"line":15,"column":2},"end":{"line":15,"column":52}},"6":{"start":{"line":23,"column":14},"end":{"line":23,"column":24}},"7":{"start":{"line":25,"column":22},"end":{"line":34,"column":4}},"8":{"start":{"line":36,"column":2},"end":{"line":38,"column":3}},"9":{"start":{"line":37,"column":4},"end":{"line":37,"column":16}},"10":{"start":{"line":40,"column":19},"end":{"line":42,"column":4}},"11":{"start":{"line":44,"column":2},"end":{"line":44,"column":29}},"12":{"start":{"line":44,"column":17},"end":{"line":44,"column":29}},"13":{"start":{"line":47,"column":16},"end":{"line":56,"column":4}},"14":{"start":{"line":59,"column":2},"end":{"line":59,"column":66}},"15":{"start":{"line":61,"column":2},"end":{"line":65,"column":4}},"16":{"start":{"line":72,"column":17},"end":{"line":74,"column":4}},"17":{"start":{"line":76,"column":2},"end":{"line":76,"column":27}},"18":{"start":{"line":76,"column":15},"end":{"line":76,"column":27}},"19":{"start":{"line":77,"column":2},"end":{"line":77,"column":49}},"20":{"start":{"line":77,"column":37},"end":{"line":77,"column":49}},"21":{"start":{"line":79,"column":2},"end":{"line":79,"column":16}}},"fnMap":{"0":{"name":"generateToken","decl":{"start":{"line":7,"column":9},"end":{"line":7,"column":22}},"loc":{"start":{"line":7,"column":22},"end":{"line":9,"column":1}}},"1":{"name":"expiresIn","decl":{"start":{"line":14,"column":9},"end":{"line":14,"column":18}},"loc":{"start":{"line":14,"column":34},"end":{"line":16,"column":1}}},"2":{"name":"exchangeCodeForToken","decl":{"start":{"line":22,"column":22},"end":{"line":22,"column":42}},"loc":{"start":{"line":22,"column":55},"end":{"line":66,"column":1}}},"3":{"name":"validateAccessToken","decl":{"start":{"line":71,"column":22},"end":{"line":71,"column":41}},"loc":{"start":{"line":71,"column":61},"end":{"line":80,"column":1}}}},"branchMap":{"0":{"loc":{"start":{"line":36,"column":2},"end":{"line":38,"column":3}},"type":"if","locations":[{"start":{"line":36,"column":2},"end":{"line":38,"column":3}},{"start":{},"end":{}}]},"1":{"loc":{"start":{"line":44,"column":2},"end":{"line":44,"column":29}},"type":"if","locations":[{"start":{"line":44,"column":2},"end":{"line":44,"column":29}},{"start":{},"end":{}}]},"2":{"loc":{"start":{"line":76,"column":2},"end":{"line":76,"column":27}},"type":"if","locations":[{"start":{"line":76,"column":2},"end":{"line":76,"column":27}},{"start":{},"end":{}}]},"3":{"loc":{"start":{"line":77,"column":2},"end":{"line":77,"column":49}},"type":"if","locations":[{"start":{"line":77,"column":2},"end":{"line":77,"column":49}},{"start":{},"end":{}}]}},"s":{"0":44,"1":44,"2":44,"3":44,"4":18,"5":9,"6":14,"7":14,"8":14,"9":5,"10":9,"11":9,"12":0,"13":9,"14":9,"15":9,"16":2,"17":2,"18":2,"19":0,"20":0,"21":0},"f":{"0":18,"1":9,"2":14,"3":2},"b":{"0":[5,9],"1":[0,9],"2":[2,0],"3":[0,0]}}
,"C:\\Users\\jkmag\\Development\\api-authentication-models-evaluation\\src\\oauth\\rateLimit.ts": {"path":"C:\\Users\\jkmag\\Development\\api-authentication-models-evaluation\\src\\oauth\\rateLimit.ts","statementMap":{"0":{"start":{"line":1,"column":0},"end":{"line":1,"column":43}},"1":{"start":{"line":3,"column":13},"end":{"line":12,"column":3}}},"fnMap":{},"branchMap":{},"s":{"0":43,"1":43},"f":{},"b":{}}
,"C:\\Users\\jkmag\\Development\\api-authentication-models-evaluation\\src\\sessions\\session.service.ts": {"path":"C:\\Users\\jkmag\\Development\\api-authentication-models-evaluation\\src\\sessions\\session.service.ts","statementMap":{"0":{"start":{"line":5,"column":0},"end":{"line":5,"column":7}},"1":{"start":{"line":14,"column":0},"end":{"line":14,"column":7}},"2":{"start":{"line":26,"column":0},"end":{"line":26,"column":7}},"3":{"start":{"line":32,"column":0},"end":{"line":32,"column":7}},"4":{"start":{"line":39,"column":0},"end":{"line":39,"column":7}},"5":{"start":{"line":1,"column":0},"end":{"line":1,"column":31}},"6":{"start":{"line":6,"column":2},"end":{"line":11,"column":5}},"7":{"start":{"line":15,"column":2},"end":{"line":15,"column":64}},"8":{"start":{"line":17,"column":2},"end":{"line":23,"column":5}},"9":{"start":{"line":27,"column":2},"end":{"line":29,"column":5}},"10":{"start":{"line":33,"column":2},"end":{"line":35,"column":5}},"11":{"start":{"line":40,"column":2},"end":{"line":42,"column":5}}},"fnMap":{"0":{"name":"createSession","decl":{"start":{"line":5,"column":22},"end":{"line":5,"column":35}},"loc":{"start":{"line":5,"column":50},"end":{"line":12,"column":1}}},"1":{"name":"createSessionWithId","decl":{"start":{"line":14,"column":22},"end":{"line":14,"column":41}},"loc":{"start":{"line":14,"column":75},"end":{"line":24,"column":1}}},"2":{"name":"deleteSession","decl":{"start":{"line":26,"column":22},"end":{"line":26,"column":35}},"loc":{"start":{"line":26,"column":53},"end":{"line":30,"column":1}}},"3":{"name":"findSession","decl":{"start":{"line":32,"column":22},"end":{"line":32,"column":33}},"loc":{"start":{"line":32,"column":51},"end":{"line":36,"column":1}}},"4":{"name":"findUserByEmail","decl":{"start":{"line":39,"column":22},"end":{"line":39,"column":37}},"loc":{"start":{"line":39,"column":51},"end":{"line":43,"column":1}}}},"branchMap":{},"s":{"0":45,"1":45,"2":45,"3":45,"4":45,"5":45,"6":12,"7":0,"8":0,"9":7,"10":1017,"11":0},"f":{"0":12,"1":0,"2":7,"3":1017,"4":0},"b":{}}
,"C:\\Users\\jkmag\\Development\\api-authentication-models-evaluation\\src\\sessions\\sessions.controller.ts": {"path":"C:\\Users\\jkmag\\Development\\api-authentication-models-evaluation\\src\\sessions\\sessions.controller.ts","statementMap":{"0":{"start":{"line":8,"column":0},"end":{"line":8,"column":7}},"1":{"start":{"line":46,"column":0},"end":{"line":46,"column":7}},"2":{"start":{"line":60,"column":0},"end":{"line":60,"column":16}},"3":{"start":{"line":2,"column":0},"end":{"line":2,"column":47}},"4":{"start":{"line":3,"column":0},"end":{"line":3,"column":51}},"5":{"start":{"line":4,"column":0},"end":{"line":4,"column":50}},"6":{"start":{"line":5,"column":0},"end":{"line":5,"column":71}},"7":{"start":{"line":6,"column":0},"end":{"line":6,"column":59}},"8":{"start":{"line":9,"column":2},"end":{"line":43,"column":3}},"9":{"start":{"line":10,"column":29},"end":{"line":10,"column":50}},"10":{"start":{"line":11,"column":30},"end":{"line":11,"column":82}},"11":{"start":{"line":12,"column":34},"end":{"line":12,"column":67}},"12":{"start":{"line":14,"column":32},"end":{"line":14,"column":40}},"13":{"start":{"line":16,"column":17},"end":{"line":16,"column":45}},"14":{"start":{"line":17,"column":4},"end":{"line":17,"column":79}},"15":{"start":{"line":17,"column":15},"end":{"line":17,"column":79}},"16":{"start":{"line":19,"column":18},"end":{"line":19,"column":64}},"17":{"start":{"line":20,"column":4},"end":{"line":20,"column":80}},"18":{"start":{"line":20,"column":16},"end":{"line":20,"column":80}},"19":{"start":{"line":22,"column":30},"end":{"line":22,"column":52}},"20":{"start":{"line":23,"column":4},"end":{"line":25,"column":5}},"21":{"start":{"line":24,"column":6},"end":{"line":24,"column":68}},"22":{"start":{"line":24,"column":57},"end":{"line":24,"column":66}},"23":{"start":{"line":27,"column":20},"end":{"line":29,"column":36}},"24":{"start":{"line":31,"column":4},"end":{"line":35,"column":7}},"25":{"start":{"line":37,"column":4},"end":{"line":40,"column":7}},"26":{"start":{"line":42,"column":4},"end":{"line":42,"column":14}},"27":{"start":{"line":47,"column":27},"end":{"line":47,"column":48}},"28":{"start":{"line":48,"column":36},"end":{"line":48,"column":96}},"29":{"start":{"line":49,"column":20},"end":{"line":49,"column":41}},"30":{"start":{"line":51,"column":2},"end":{"line":53,"column":3}},"31":{"start":{"line":52,"column":4},"end":{"line":52,"column":35}},"32":{"start":{"line":55,"column":2},"end":{"line":55,"column":31}},"33":{"start":{"line":57,"column":2},"end":{"line":57,"column":45}},"34":{"start":{"line":61,"column":2},"end":{"line":64,"column":5}}},"fnMap":{"0":{"name":"loginWithSession","decl":{"start":{"line":8,"column":22},"end":{"line":8,"column":38}},"loc":{"start":{"line":8,"column":86},"end":{"line":44,"column":1}}},"1":{"name":"(anonymous_1)","decl":{"start":{"line":24,"column":51},"end":{"line":24,"column":54}},"loc":{"start":{"line":24,"column":57},"end":{"line":24,"column":66}}},"2":{"name":"logoutSession","decl":{"start":{"line":46,"column":22},"end":{"line":46,"column":35}},"loc":{"start":{"line":46,"column":63},"end":{"line":58,"column":1}}},"3":{"name":"getSessionProtected","decl":{"start":{"line":60,"column":16},"end":{"line":60,"column":35}},"loc":{"start":{"line":60,"column":63},"end":{"line":65,"column":1}}}},"branchMap":{"0":{"loc":{"start":{"line":11,"column":30},"end":{"line":11,"column":82}},"type":"binary-expr","locations":[{"start":{"line":11,"column":30},"end":{"line":11,"column":74}},{"start":{"line":11,"column":78},"end":{"line":11,"column":82}}]},"1":{"loc":{"start":{"line":17,"column":4},"end":{"line":17,"column":79}},"type":"if","locations":[{"start":{"line":17,"column":4},"end":{"line":17,"column":79}},{"start":{},"end":{}}]},"2":{"loc":{"start":{"line":20,"column":4},"end":{"line":20,"column":80}},"type":"if","locations":[{"start":{"line":20,"column":4},"end":{"line":20,"column":80}},{"start":{},"end":{}}]},"3":{"loc":{"start":{"line":23,"column":4},"end":{"line":25,"column":5}},"type":"if","locations":[{"start":{"line":23,"column":4},"end":{"line":25,"column":5}},{"start":{},"end":{}}]},"4":{"loc":{"start":{"line":23,"column":8},"end":{"line":23,"column":46}},"type":"binary-expr","locations":[{"start":{"line":23,"column":8},"end":{"line":23,"column":25}},{"start":{"line":23,"column":29},"end":{"line":23,"column":46}}]},"5":{"loc":{"start":{"line":27,"column":20},"end":{"line":29,"column":36}},"type":"cond-expr","locations":[{"start":{"line":28,"column":8},"end":{"line":28,"column":61}},{"start":{"line":29,"column":8},"end":{"line":29,"column":36}}]},"6":{"loc":{"start":{"line":27,"column":20},"end":{"line":27,"column":59}},"type":"binary-expr","locations":[{"start":{"line":27,"column":20},"end":{"line":27,"column":37}},{"start":{"line":27,"column":41},"end":{"line":27,"column":59}}]},"7":{"loc":{"start":{"line":32,"column":16},"end":{"line":32,"column":55}},"type":"binary-expr","locations":[{"start":{"line":32,"column":16},"end":{"line":32,"column":47}},{"start":{"line":32,"column":51},"end":{"line":32,"column":55}}]},"8":{"loc":{"start":{"line":33,"column":14},"end":{"line":33,"column":52}},"type":"binary-expr","locations":[{"start":{"line":33,"column":14},"end":{"line":33,"column":43}},{"start":{"line":33,"column":47},"end":{"line":33,"column":52}}]},"9":{"loc":{"start":{"line":34,"column":16},"end":{"line":34,"column":56}},"type":"binary-expr","locations":[{"start":{"line":34,"column":16},"end":{"line":34,"column":47}},{"start":{"line":34,"column":51},"end":{"line":34,"column":56}}]},"10":{"loc":{"start":{"line":48,"column":36},"end":{"line":48,"column":96}},"type":"binary-expr","locations":[{"start":{"line":48,"column":36},"end":{"line":48,"column":88}},{"start":{"line":48,"column":92},"end":{"line":48,"column":96}}]},"11":{"loc":{"start":{"line":51,"column":2},"end":{"line":53,"column":3}},"type":"if","locations":[{"start":{"line":51,"column":2},"end":{"line":53,"column":3}},{"start":{},"end":{}}]},"12":{"loc":{"start":{"line":51,"column":6},"end":{"line":51,"column":44}},"type":"binary-expr","locations":[{"start":{"line":51,"column":6},"end":{"line":51,"column":15}},{"start":{"line":51,"column":19},"end":{"line":51,"column":44}}]}},"s":{"0":43,"1":43,"2":43,"3":43,"4":43,"5":43,"6":43,"7":43,"8":13,"9":13,"10":13,"11":13,"12":13,"13":13,"14":13,"15":1,"16":12,"17":12,"18":1,"19":11,"20":11,"21":4,"22":1,"23":11,"24":11,"25":11,"26":0,"27":2,"28":2,"29":2,"30":2,"31":2,"32":2,"33":2,"34":1004},"f":{"0":13,"1":1,"2":2,"3":1004},"b":{"0":[13,13],"1":[1,12],"2":[1,11],"3":[4,7],"4":[11,4],"5":[0,11],"6":[11,4],"7":[11,11],"8":[11,11],"9":[11,11],"10":[2,2],"11":[2,0],"12":[2,2]}}
,"C:\\Users\\jkmag\\Development\\api-authentication-models-evaluation\\src\\sessions\\sessions.middleware.ts": {"path":"C:\\Users\\jkmag\\Development\\api-authentication-models-evaluation\\src\\sessions\\sessions.middleware.ts","statementMap":{"0":{"start":{"line":4,"column":0},"end":{"line":4,"column":7}},"1":{"start":{"line":2,"column":0},"end":{"line":2,"column":48}},"2":{"start":{"line":5,"column":20},"end":{"line":5,"column":41}},"3":{"start":{"line":7,"column":2},"end":{"line":9,"column":3}},"4":{"start":{"line":8,"column":4},"end":{"line":8,"column":66}},"5":{"start":{"line":11,"column":18},"end":{"line":11,"column":46}},"6":{"start":{"line":13,"column":2},"end":{"line":15,"column":3}},"7":{"start":{"line":14,"column":4},"end":{"line":14,"column":64}},"8":{"start":{"line":18,"column":2},"end":{"line":20,"column":3}},"9":{"start":{"line":19,"column":4},"end":{"line":19,"column":64}},"10":{"start":{"line":23,"column":3},"end":{"line":23,"column":39}},"11":{"start":{"line":25,"column":2},"end":{"line":25,"column":9}}},"fnMap":{"0":{"name":"requireSession","decl":{"start":{"line":4,"column":22},"end":{"line":4,"column":36}},"loc":{"start":{"line":4,"column":84},"end":{"line":26,"column":1}}}},"branchMap":{"0":{"loc":{"start":{"line":7,"column":2},"end":{"line":9,"column":3}},"type":"if","locations":[{"start":{"line":7,"column":2},"end":{"line":9,"column":3}},{"start":{},"end":{}}]},"1":{"loc":{"start":{"line":13,"column":2},"end":{"line":15,"column":3}},"type":"if","locations":[{"start":{"line":13,"column":2},"end":{"line":15,"column":3}},{"start":{},"end":{}}]},"2":{"loc":{"start":{"line":18,"column":2},"end":{"line":20,"column":3}},"type":"if","locations":[{"start":{"line":18,"column":2},"end":{"line":20,"column":3}},{"start":{},"end":{}}]},"3":{"loc":{"start":{"line":18,"column":6},"end":{"line":18,"column":57}},"type":"binary-expr","locations":[{"start":{"line":18,"column":6},"end":{"line":18,"column":23}},{"start":{"line":18,"column":27},"end":{"line":18,"column":57}}]}},"s":{"0":44,"1":44,"2":2017,"3":2017,"4":1001,"5":1016,"6":1016,"7":5,"8":1011,"9":2,"10":1009,"11":1009},"f":{"0":2017},"b":{"0":[1001,1016],"1":[5,1011],"2":[2,1009],"3":[1011,1011]}}
,"C:\\Users\\jkmag\\Development\\api-authentication-models-evaluation\\src\\sessions\\sessions.routes.ts": {"path":"C:\\Users\\jkmag\\Development\\api-authentication-models-evaluation\\src\\sessions\\sessions.routes.ts","statementMap":{"0":{"start":{"line":1,"column":0},"end":{"line":1,"column":33}},"1":{"start":{"line":2,"column":0},"end":{"line":2,"column":25}},"2":{"start":{"line":3,"column":0},"end":{"line":3,"column":60}},"3":{"start":{"line":4,"column":0},"end":{"line":4,"column":56}},"4":{"start":{"line":5,"column":0},"end":{"line":5,"column":93}},"5":{"start":{"line":6,"column":0},"end":{"line":6,"column":55}},"6":{"start":{"line":8,"column":15},"end":{"line":8,"column":23}},"7":{"start":{"line":11,"column":23},"end":{"line":11,"column":45}},"8":{"start":{"line":14,"column":0},"end":{"line":14,"column":68}},"9":{"start":{"line":17,"column":0},"end":{"line":17,"column":62}},"10":{"start":{"line":20,"column":0},"end":{"line":20,"column":38}},"11":{"start":{"line":28,"column":0},"end":{"line":30,"column":3}},"12":{"start":{"line":29,"column":2},"end":{"line":29,"column":43}},"13":{"start":{"line":33,"column":0},"end":{"line":35,"column":3}},"14":{"start":{"line":34,"column":2},"end":{"line":34,"column":54}},"15":{"start":{"line":37,"column":0},"end":{"line":37,"column":22}}},"fnMap":{"0":{"name":"(anonymous_1)","decl":{"start":{"line":28,"column":42},"end":{"line":28,"column":43}},"loc":{"start":{"line":28,"column":55},"end":{"line":30,"column":1}}},"1":{"name":"(anonymous_2)","decl":{"start":{"line":33,"column":65},"end":{"line":33,"column":66}},"loc":{"start":{"line":33,"column":78},"end":{"line":35,"column":1}}}},"branchMap":{},"s":{"0":43,"1":43,"2":43,"3":43,"4":43,"5":43,"6":43,"7":43,"8":43,"9":43,"10":43,"11":43,"12":4,"13":43,"14":1,"15":43},"f":{"0":4,"1":1},"b":{}}
}
