{"C:\\Users\\jkmag\\Development\\api-authentication-models-evaluation\\src\\app.ts": {"path":"C:\\Users\\jkmag\\Development\\api-authentication-models-evaluation\\src\\app.ts","statementMap":{"0":{"start":{"line":1,"column":0},"end":{"line":1,"column":30}},"1":{"start":{"line":2,"column":0},"end":{"line":2,"column":28}},"2":{"start":{"line":3,"column":0},"end":{"line":3,"column":24}},"3":{"start":{"line":4,"column":0},"end":{"line":4,"column":41}},"4":{"start":{"line":5,"column":0},"end":{"line":5,"column":38}},"5":{"start":{"line":6,"column":0},"end":{"line":6,"column":30}},"6":{"start":{"line":8,"column":0},"end":{"line":8,"column":47}},"7":{"start":{"line":9,"column":0},"end":{"line":9,"column":55}},"8":{"start":{"line":10,"column":0},"end":{"line":10,"column":41}},"9":{"start":{"line":11,"column":0},"end":{"line":11,"column":67}},"10":{"start":{"line":12,"column":0},"end":{"line":12,"column":58}},"11":{"start":{"line":13,"column":0},"end":{"line":13,"column":34}},"12":{"start":{"line":14,"column":0},"end":{"line":14,"column":31}},"13":{"start":{"line":15,"column":0},"end":{"line":15,"column":68}},"14":{"start":{"line":17,"column":0},"end":{"line":17,"column":57}},"15":{"start":{"line":19,"column":12},"end":{"line":19,"column":21}},"16":{"start":{"line":20,"column":25},"end":{"line":20,"column":46}},"17":{"start":{"line":21,"column":30},"end":{"line":21,"column":63}},"18":{"start":{"line":22,"column":27},"end":{"line":22,"column":58}},"19":{"start":{"line":24,"column":0},"end":{"line":24,"column":28}},"20":{"start":{"line":25,"column":0},"end":{"line":27,"column":1}},"21":{"start":{"line":26,"column":2},"end":{"line":26,"column":28}},"22":{"start":{"line":29,"column":0},"end":{"line":45,"column":3}},"23":{"start":{"line":30,"column":20},"end":{"line":30,"column":30}},"24":{"start":{"line":32,"column":2},"end":{"line":42,"column":5}},"25":{"start":{"line":33,"column":4},"end":{"line":33,"column":47}},"26":{"start":{"line":33,"column":40},"end":{"line":33,"column":47}},"27":{"start":{"line":35,"column":4},"end":{"line":41,"column":7}},"28":{"start":{"line":44,"column":2},"end":{"line":44,"column":9}},"29":{"start":{"line":47,"column":0},"end":{"line":47,"column":18}},"30":{"start":{"line":49,"column":0},"end":{"line":66,"column":4}},"31":{"start":{"line":51,"column":4},"end":{"line":54,"column":5}},"32":{"start":{"line":52,"column":6},"end":{"line":52,"column":27}},"33":{"start":{"line":53,"column":6},"end":{"line":53,"column":13}},"34":{"start":{"line":56,"column":4},"end":{"line":59,"column":5}},"35":{"start":{"line":57,"column":6},"end":{"line":57,"column":27}},"36":{"start":{"line":58,"column":6},"end":{"line":58,"column":13}},"37":{"start":{"line":61,"column":4},"end":{"line":61,"column":54}},"38":{"start":{"line":68,"column":0},"end":{"line":68,"column":24}},"39":{"start":{"line":69,"column":0},"end":{"line":69,"column":24}},"40":{"start":{"line":72,"column":0},"end":{"line":86,"column":4}},"41":{"start":{"line":88,"column":0},"end":{"line":90,"column":3}},"42":{"start":{"line":89,"column":2},"end":{"line":89,"column":26}},"43":{"start":{"line":92,"column":0},"end":{"line":94,"column":3}},"44":{"start":{"line":93,"column":2},"end":{"line":93,"column":29}},"45":{"start":{"line":96,"column":0},"end":{"line":118,"column":3}},"46":{"start":{"line":97,"column":2},"end":{"line":117,"column":3}},"47":{"start":{"line":98,"column":4},"end":{"line":98,"column":45}},"48":{"start":{"line":99,"column":4},"end":{"line":105,"column":7}},"49":{"start":{"line":107,"column":4},"end":{"line":109,"column":7}},"50":{"start":{"line":110,"column":4},"end":{"line":116,"column":7}},"51":{"start":{"line":120,"column":0},"end":{"line":127,"column":3}},"52":{"start":{"line":121,"column":2},"end":{"line":126,"column":5}},"53":{"start":{"line":130,"column":0},"end":{"line":130,"column":31}},"54":{"start":{"line":131,"column":0},"end":{"line":131,"column":36}},"55":{"start":{"line":132,"column":0},"end":{"line":132,"column":27}},"56":{"start":{"line":133,"column":0},"end":{"line":133,"column":49}},"57":{"start":{"line":135,"column":0},"end":{"line":135,"column":22}},"58":{"start":{"line":137,"column":0},"end":{"line":137,"column":19}}},"fnMap":{"0":{"name":"(anonymous_1)","decl":{"start":{"line":29,"column":8},"end":{"line":29,"column":9}},"loc":{"start":{"line":29,"column":27},"end":{"line":45,"column":1}}},"1":{"name":"(anonymous_2)","decl":{"start":{"line":32,"column":19},"end":{"line":32,"column":22}},"loc":{"start":{"line":32,"column":24},"end":{"line":42,"column":3}}},"2":{"name":"(anonymous_3)","decl":{"start":{"line":50,"column":2},"end":{"line":50,"column":8}},"loc":{"start":{"line":50,"column":25},"end":{"line":62,"column":3}}},"3":{"name":"(anonymous_4)","decl":{"start":{"line":88,"column":13},"end":{"line":88,"column":14}},"loc":{"start":{"line":88,"column":26},"end":{"line":90,"column":1}}},"4":{"name":"(anonymous_5)","decl":{"start":{"line":92,"column":24},"end":{"line":92,"column":25}},"loc":{"start":{"line":92,"column":38},"end":{"line":94,"column":1}}},"5":{"name":"(anonymous_6)","decl":{"start":{"line":96,"column":25},"end":{"line":96,"column":30}},"loc":{"start":{"line":96,"column":45},"end":{"line":118,"column":1}}},"6":{"name":"(anonymous_7)","decl":{"start":{"line":120,"column":20},"end":{"line":120,"column":21}},"loc":{"start":{"line":120,"column":34},"end":{"line":127,"column":1}}}},"branchMap":{"0":{"loc":{"start":{"line":25,"column":0},"end":{"line":27,"column":1}},"type":"if","locations":[{"start":{"line":25,"column":0},"end":{"line":27,"column":1}},{"start":{},"end":{}}]},"1":{"loc":{"start":{"line":33,"column":4},"end":{"line":33,"column":47}},"type":"if","locations":[{"start":{"line":33,"column":4},"end":{"line":33,"column":47}},{"start":{},"end":{}}]},"2":{"loc":{"start":{"line":51,"column":4},"end":{"line":54,"column":5}},"type":"if","locations":[{"start":{"line":51,"column":4},"end":{"line":54,"column":5}},{"start":{},"end":{}}]},"3":{"loc":{"start":{"line":56,"column":4},"end":{"line":59,"column":5}},"type":"if","locations":[{"start":{"line":56,"column":4},"end":{"line":59,"column":5}},{"start":{},"end":{}}]},"4":{"loc":{"start":{"line":56,"column":8},"end":{"line":56,"column":71}},"type":"binary-expr","locations":[{"start":{"line":56,"column":8},"end":{"line":56,"column":37}},{"start":{"line":56,"column":41},"end":{"line":56,"column":71}}]},"5":{"loc":{"start":{"line":80,"column":12},"end":{"line":80,"column":69}},"type":"binary-expr","locations":[{"start":{"line":80,"column":12},"end":{"line":80,"column":41}},{"start":{"line":80,"column":45},"end":{"line":80,"column":69}}]},"6":{"loc":{"start":{"line":81,"column":14},"end":{"line":81,"column":75}},"type":"binary-expr","locations":[{"start":{"line":81,"column":14},"end":{"line":81,"column":45}},{"start":{"line":81,"column":49},"end":{"line":81,"column":75}}]},"7":{"loc":{"start":{"line":82,"column":14},"end":{"line":82,"column":75}},"type":"binary-expr","locations":[{"start":{"line":82,"column":14},"end":{"line":82,"column":45}},{"start":{"line":82,"column":49},"end":{"line":82,"column":75}}]},"8":{"loc":{"start":{"line":108,"column":13},"end":{"line":108,"column":67}},"type":"cond-expr","locations":[{"start":{"line":108,"column":38},"end":{"line":108,"column":51}},{"start":{"line":108,"column":54},"end":{"line":108,"column":67}}]}},"s":{"0":44,"1":44,"2":44,"3":44,"4":44,"5":44,"6":44,"7":44,"8":44,"9":44,"10":44,"11":44,"12":44,"13":44,"14":44,"15":44,"16":44,"17":44,"18":44,"19":44,"20":44,"21":0,"22":44,"23":6175,"24":6175,"25":6175,"26":0,"27":6175,"28":6175,"29":44,"30":44,"31":6175,"32":6175,"33":6175,"34":0,"35":0,"36":0,"37":0,"38":44,"39":44,"40":44,"41":44,"42":0,"43":44,"44":0,"45":44,"46":0,"47":0,"48":0,"49":0,"50":0,"51":44,"52":0,"53":44,"54":44,"55":44,"56":44,"57":44,"58":44},"f":{"0":6175,"1":6175,"2":6175,"3":0,"4":0,"5":0,"6":0},"b":{"0":[0,44],"1":[0,6175],"2":[6175,0],"3":[0,0],"4":[0,0],"5":[44,44],"6":[44,44],"7":[44,44],"8":[0,0]}}
,"C:\\Users\\jkmag\\Development\\api-authentication-models-evaluation\\src\\config.ts": {"path":"C:\\Users\\jkmag\\Development\\api-authentication-models-evaluation\\src\\config.ts","statementMap":{"0":{"start":{"line":71,"column":0},"end":{"line":71,"column":16}},"1":{"start":{"line":2,"column":2},"end":{"line":2,"column":30}},"2":{"start":{"line":2,"column":14},"end":{"line":2,"column":30}},"3":{"start":{"line":4,"column":17},"end":{"line":4,"column":30}},"4":{"start":{"line":5,"column":2},"end":{"line":5,"column":53}},"5":{"start":{"line":9,"column":2},"end":{"line":9,"column":43}},"6":{"start":{"line":9,"column":27},"end":{"line":9,"column":43}},"7":{"start":{"line":10,"column":2},"end":{"line":10,"column":26}},"8":{"start":{"line":14,"column":2},"end":{"line":14,"column":30}},"9":{"start":{"line":14,"column":14},"end":{"line":14,"column":30}},"10":{"start":{"line":15,"column":2},"end":{"line":15,"column":69}},"11":{"start":{"line":15,"column":40},"end":{"line":15,"column":51}},"12":{"start":{"line":18,"column":13},"end":{"line":18,"column":62}},"13":{"start":{"line":19,"column":13},"end":{"line":19,"column":55}},"14":{"start":{"line":20,"column":13},"end":{"line":20,"column":53}},"15":{"start":{"line":21,"column":13},"end":{"line":21,"column":59}},"16":{"start":{"line":22,"column":13},"end":{"line":22,"column":79}},"17":{"start":{"line":24,"column":13},"end":{"line":69,"column":2}},"18":{"start":{"line":72,"column":27},"end":{"line":72,"column":29}},"19":{"start":{"line":73,"column":29},"end":{"line":73,"column":31}},"20":{"start":{"line":75,"column":2},"end":{"line":77,"column":3}},"21":{"start":{"line":76,"column":4},"end":{"line":76,"column":45}},"22":{"start":{"line":79,"column":2},"end":{"line":81,"column":3}},"23":{"start":{"line":80,"column":4},"end":{"line":80,"column":61}},"24":{"start":{"line":83,"column":2},"end":{"line":85,"column":3}},"25":{"start":{"line":84,"column":4},"end":{"line":84,"column":62}},"26":{"start":{"line":87,"column":2},"end":{"line":89,"column":3}},"27":{"start":{"line":88,"column":4},"end":{"line":88,"column":104}},"28":{"start":{"line":91,"column":2},"end":{"line":93,"column":3}},"29":{"start":{"line":92,"column":4},"end":{"line":92,"column":94}},"30":{"start":{"line":95,"column":2},"end":{"line":95,"column":30}},"31":{"start":{"line":98,"column":0},"end":{"line":98,"column":26}}},"fnMap":{"0":{"name":"asNumber","decl":{"start":{"line":1,"column":9},"end":{"line":1,"column":17}},"loc":{"start":{"line":1,"column":61},"end":{"line":6,"column":1}}},"1":{"name":"asBoolean","decl":{"start":{"line":8,"column":9},"end":{"line":8,"column":18}},"loc":{"start":{"line":8,"column":62},"end":{"line":11,"column":1}}},"2":{"name":"asList","decl":{"start":{"line":13,"column":9},"end":{"line":13,"column":15}},"loc":{"start":{"line":13,"column":66},"end":{"line":16,"column":1}}},"3":{"name":"(anonymous_3)","decl":{"start":{"line":15,"column":30},"end":{"line":15,"column":31}},"loc":{"start":{"line":15,"column":40},"end":{"line":15,"column":51}}},"4":{"name":"validateRuntimeConfig","decl":{"start":{"line":71,"column":16},"end":{"line":71,"column":37}},"loc":{"start":{"line":71,"column":37},"end":{"line":96,"column":1}}}},"branchMap":{"0":{"loc":{"start":{"line":2,"column":2},"end":{"line":2,"column":30}},"type":"if","locations":[{"start":{"line":2,"column":2},"end":{"line":2,"column":30}},{"start":{},"end":{}}]},"1":{"loc":{"start":{"line":5,"column":9},"end":{"line":5,"column":52}},"type":"cond-expr","locations":[{"start":{"line":5,"column":35},"end":{"line":5,"column":41}},{"start":{"line":5,"column":44},"end":{"line":5,"column":52}}]},"2":{"loc":{"start":{"line":8,"column":46},"end":{"line":8,"column":62}},"type":"default-arg","locations":[{"start":{"line":8,"column":57},"end":{"line":8,"column":62}}]},"3":{"loc":{"start":{"line":9,"column":2},"end":{"line":9,"column":43}},"type":"if","locations":[{"start":{"line":9,"column":2},"end":{"line":9,"column":43}},{"start":{},"end":{}}]},"4":{"loc":{"start":{"line":13,"column":43},"end":{"line":13,"column":66}},"type":"default-arg","locations":[{"start":{"line":13,"column":64},"end":{"line":13,"column":66}}]},"5":{"loc":{"start":{"line":14,"column":2},"end":{"line":14,"column":30}},"type":"if","locations":[{"start":{"line":14,"column":2},"end":{"line":14,"column":30}},{"start":{},"end":{}}]},"6":{"loc":{"start":{"line":18,"column":24},"end":{"line":18,"column":61}},"type":"binary-expr","locations":[{"start":{"line":18,"column":24},"end":{"line":18,"column":44}},{"start":{"line":18,"column":48},"end":{"line":18,"column":61}}]},"7":{"loc":{"start":{"line":21,"column":28},"end":{"line":21,"column":58}},"type":"binary-expr","locations":[{"start":{"line":21,"column":28},"end":{"line":21,"column":52}},{"start":{"line":21,"column":56},"end":{"line":21,"column":58}}]},"8":{"loc":{"start":{"line":31,"column":56},"end":{"line":31,"column":102}},"type":"cond-expr","locations":[{"start":{"line":31,"column":72},"end":{"line":31,"column":74}},{"start":{"line":31,"column":77},"end":{"line":31,"column":102}}]},"9":{"loc":{"start":{"line":35,"column":15},"end":{"line":35,"column":78}},"type":"binary-expr","locations":[{"start":{"line":35,"column":15},"end":{"line":35,"column":43}},{"start":{"line":35,"column":48},"end":{"line":35,"column":77}}]},"10":{"loc":{"start":{"line":35,"column":48},"end":{"line":35,"column":77}},"type":"cond-expr","locations":[{"start":{"line":35,"column":64},"end":{"line":35,"column":69}},{"start":{"line":35,"column":72},"end":{"line":35,"column":77}}]},"11":{"loc":{"start":{"line":40,"column":12},"end":{"line":40,"column":62}},"type":"binary-expr","locations":[{"start":{"line":40,"column":12},"end":{"line":40,"column":38}},{"start":{"line":40,"column":42},"end":{"line":40,"column":62}}]},"12":{"loc":{"start":{"line":45,"column":14},"end":{"line":45,"column":57}},"type":"binary-expr","locations":[{"start":{"line":45,"column":14},"end":{"line":45,"column":38}},{"start":{"line":45,"column":42},"end":{"line":45,"column":57}}]},"13":{"loc":{"start":{"line":46,"column":12},"end":{"line":46,"column":56}},"type":"binary-expr","locations":[{"start":{"line":46,"column":12},"end":{"line":46,"column":34}},{"start":{"line":46,"column":38},"end":{"line":46,"column":56}}]},"14":{"loc":{"start":{"line":47,"column":15},"end":{"line":47,"column":51}},"type":"binary-expr","locations":[{"start":{"line":47,"column":15},"end":{"line":47,"column":40}},{"start":{"line":47,"column":44},"end":{"line":47,"column":51}}]},"15":{"loc":{"start":{"line":48,"column":15},"end":{"line":48,"column":49}},"type":"binary-expr","locations":[{"start":{"line":48,"column":15},"end":{"line":48,"column":41}},{"start":{"line":48,"column":45},"end":{"line":48,"column":49}}]},"16":{"loc":{"start":{"line":49,"column":17},"end":{"line":49,"column":56}},"type":"binary-expr","locations":[{"start":{"line":49,"column":17},"end":{"line":49,"column":43}},{"start":{"line":49,"column":47},"end":{"line":49,"column":56}}]},"17":{"loc":{"start":{"line":63,"column":14},"end":{"line":63,"column":45}},"type":"binary-expr","locations":[{"start":{"line":63,"column":14},"end":{"line":63,"column":35}},{"start":{"line":63,"column":39},"end":{"line":63,"column":45}}]},"18":{"loc":{"start":{"line":67,"column":64},"end":{"line":67,"column":93}},"type":"cond-expr","locations":[{"start":{"line":67,"column":86},"end":{"line":67,"column":87}},{"start":{"line":67,"column":90},"end":{"line":67,"column":93}}]},"19":{"loc":{"start":{"line":75,"column":2},"end":{"line":77,"column":3}},"type":"if","locations":[{"start":{"line":75,"column":2},"end":{"line":77,"column":3}},{"start":{},"end":{}}]},"20":{"loc":{"start":{"line":79,"column":2},"end":{"line":81,"column":3}},"type":"if","locations":[{"start":{"line":79,"column":2},"end":{"line":81,"column":3}},{"start":{},"end":{}}]},"21":{"loc":{"start":{"line":79,"column":6},"end":{"line":79,"column":83}},"type":"binary-expr","locations":[{"start":{"line":79,"column":6},"end":{"line":79,"column":29}},{"start":{"line":79,"column":33},"end":{"line":79,"column":83}}]},"22":{"loc":{"start":{"line":83,"column":2},"end":{"line":85,"column":3}},"type":"if","locations":[{"start":{"line":83,"column":2},"end":{"line":85,"column":3}},{"start":{},"end":{}}]},"23":{"loc":{"start":{"line":83,"column":6},"end":{"line":83,"column":58}},"type":"binary-expr","locations":[{"start":{"line":83,"column":6},"end":{"line":83,"column":29}},{"start":{"line":83,"column":33},"end":{"line":83,"column":58}}]},"24":{"loc":{"start":{"line":87,"column":2},"end":{"line":89,"column":3}},"type":"if","locations":[{"start":{"line":87,"column":2},"end":{"line":89,"column":3}},{"start":{},"end":{}}]},"25":{"loc":{"start":{"line":87,"column":6},"end":{"line":87,"column":61}},"type":"binary-expr","locations":[{"start":{"line":87,"column":6},"end":{"line":87,"column":29}},{"start":{"line":87,"column":33},"end":{"line":87,"column":61}}]},"26":{"loc":{"start":{"line":91,"column":2},"end":{"line":93,"column":3}},"type":"if","locations":[{"start":{"line":91,"column":2},"end":{"line":93,"column":3}},{"start":{},"end":{}}]},"27":{"loc":{"start":{"line":91,"column":6},"end":{"line":91,"column":68}},"type":"binary-expr","locations":[{"start":{"line":91,"column":6},"end":{"line":91,"column":29}},{"start":{"line":91,"column":33},"end":{"line":91,"column":68}}]}},"s":{"0":51,"1":408,"2":408,"3":0,"4":0,"5":204,"6":204,"7":0,"8":102,"9":102,"10":0,"11":0,"12":51,"13":51,"14":51,"15":51,"16":51,"17":51,"18":0,"19":0,"20":0,"21":0,"22":0,"23":0,"24":0,"25":0,"26":0,"27":0,"28":0,"29":0,"30":0,"31":51},"f":{"0":408,"1":204,"2":102,"3":0,"4":0},"b":{"0":[408,0],"1":[0,0],"2":[0],"3":[204,0],"4":[0],"5":[102,0],"6":[51,0],"7":[51,0],"8":[0,51],"9":[51,51],"10":[0,51],"11":[51,0],"12":[51,51],"13":[51,51],"14":[51,51],"15":[51,51],"16":[51,51],"17":[51,51],"18":[51,0],"19":[0,0],"20":[0,0],"21":[0,0],"22":[0,0],"23":[0,0],"24":[0,0],"25":[0,0],"26":[0,0],"27":[0,0]}}
,"C:\\Users\\jkmag\\Development\\api-authentication-models-evaluation\\src\\db.ts": {"path":"C:\\Users\\jkmag\\Development\\api-authentication-models-evaluation\\src\\db.ts","statementMap":{"0":{"start":{"line":1,"column":0},"end":{"line":1,"column":46}},"1":{"start":{"line":2,"column":0},"end":{"line":2,"column":40}},"2":{"start":{"line":4,"column":13},"end":{"line":10,"column":3}}},"fnMap":{},"branchMap":{},"s":{"0":47,"1":47,"2":47},"f":{},"b":{}}
,"C:\\Users\\jkmag\\Development\\api-authentication-models-evaluation\\src\\logger.ts": {"path":"C:\\Users\\jkmag\\Development\\api-authentication-models-evaluation\\src\\logger.ts","statementMap":{"0":{"start":{"line":17,"column":0},"end":{"line":17,"column":16}},"1":{"start":{"line":1,"column":0},"end":{"line":1,"column":38}},"2":{"start":{"line":5,"column":46},"end":{"line":10,"column":2}},"3":{"start":{"line":13,"column":27},"end":{"line":13,"column":83}},"4":{"start":{"line":14,"column":2},"end":{"line":14,"column":60}},"5":{"start":{"line":18,"column":2},"end":{"line":18,"column":32}},"6":{"start":{"line":18,"column":25},"end":{"line":18,"column":32}},"7":{"start":{"line":20,"column":18},"end":{"line":25,"column":4}},"8":{"start":{"line":27,"column":15},"end":{"line":27,"column":38}},"9":{"start":{"line":29,"column":2},"end":{"line":32,"column":3}},"10":{"start":{"line":30,"column":4},"end":{"line":30,"column":24}},"11":{"start":{"line":31,"column":4},"end":{"line":31,"column":11}},"12":{"start":{"line":34,"column":2},"end":{"line":37,"column":3}},"13":{"start":{"line":35,"column":4},"end":{"line":35,"column":23}},"14":{"start":{"line":36,"column":4},"end":{"line":36,"column":11}},"15":{"start":{"line":39,"column":2},"end":{"line":39,"column":20}}},"fnMap":{"0":{"name":"shouldLog","decl":{"start":{"line":12,"column":9},"end":{"line":12,"column":18}},"loc":{"start":{"line":12,"column":34},"end":{"line":15,"column":1}}},"1":{"name":"log","decl":{"start":{"line":17,"column":16},"end":{"line":17,"column":19}},"loc":{"start":{"line":17,"column":89},"end":{"line":40,"column":1}}}},"branchMap":{"0":{"loc":{"start":{"line":13,"column":27},"end":{"line":13,"column":83}},"type":"binary-expr","locations":[{"start":{"line":13,"column":27},"end":{"line":13,"column":73}},{"start":{"line":13,"column":77},"end":{"line":13,"column":83}}]},"1":{"loc":{"start":{"line":17,"column":54},"end":{"line":17,"column":89}},"type":"default-arg","locations":[{"start":{"line":17,"column":87},"end":{"line":17,"column":89}}]},"2":{"loc":{"start":{"line":18,"column":2},"end":{"line":18,"column":32}},"type":"if","locations":[{"start":{"line":18,"column":2},"end":{"line":18,"column":32}},{"start":{},"end":{}}]},"3":{"loc":{"start":{"line":29,"column":2},"end":{"line":32,"column":3}},"type":"if","locations":[{"start":{"line":29,"column":2},"end":{"line":32,"column":3}},{"start":{},"end":{}}]},"4":{"loc":{"start":{"line":34,"column":2},"end":{"line":37,"column":3}},"type":"if","locations":[{"start":{"line":34,"column":2},"end":{"line":37,"column":3}},{"start":{},"end":{}}]}},"s":{"0":46,"1":46,"2":46,"3":6177,"4":6177,"5":6177,"6":0,"7":6177,"8":6177,"9":6177,"10":2,"11":2,"12":6175,"13":0,"14":0,"15":6175},"f":{"0":6177,"1":6177},"b":{"0":[6177,0],"1":[0],"2":[0,6177],"3":[2,6175],"4":[0,6175]}}
,"C:\\Users\\jkmag\\Development\\api-authentication-models-evaluation\\src\\session-store.ts": {"path":"C:\\Users\\jkmag\\Development\\api-authentication-models-evaluation\\src\\session-store.ts","statementMap":{"0":{"start":{"line":49,"column":0},"end":{"line":49,"column":16}},"1":{"start":{"line":63,"column":0},"end":{"line":63,"column":16}},"2":{"start":{"line":2,"column":0},"end":{"line":2,"column":43}},"3":{"start":{"line":3,"column":0},"end":{"line":3,"column":59}},"4":{"start":{"line":4,"column":0},"end":{"line":4,"column":38}},"5":{"start":{"line":5,"column":0},"end":{"line":5,"column":31}},"6":{"start":{"line":7,"column":42},"end":{"line":7,"column":46}},"7":{"start":{"line":8,"column":26},"end":{"line":8,"column":31}},"8":{"start":{"line":11,"column":2},"end":{"line":13,"column":3}},"9":{"start":{"line":12,"column":4},"end":{"line":12,"column":16}},"10":{"start":{"line":15,"column":2},"end":{"line":34,"column":3}},"11":{"start":{"line":16,"column":4},"end":{"line":23,"column":7}},"12":{"start":{"line":20,"column":10},"end":{"line":20,"column":47}},"13":{"start":{"line":25,"column":4},"end":{"line":29,"column":7}},"14":{"start":{"line":26,"column":6},"end":{"line":28,"column":9}},"15":{"start":{"line":31,"column":4},"end":{"line":33,"column":7}},"16":{"start":{"line":32,"column":6},"end":{"line":32,"column":47}},"17":{"start":{"line":36,"column":2},"end":{"line":44,"column":3}},"18":{"start":{"line":37,"column":4},"end":{"line":37,"column":31}},"19":{"start":{"line":38,"column":4},"end":{"line":43,"column":7}},"20":{"start":{"line":39,"column":6},"end":{"line":39,"column":34}},"21":{"start":{"line":40,"column":6},"end":{"line":42,"column":9}},"22":{"start":{"line":46,"column":2},"end":{"line":46,"column":21}},"23":{"start":{"line":50,"column":17},"end":{"line":50,"column":36}},"24":{"start":{"line":52,"column":2},"end":{"line":54,"column":3}},"25":{"start":{"line":53,"column":4},"end":{"line":53,"column":21}},"26":{"start":{"line":56,"column":2},"end":{"line":60,"column":5}},"27":{"start":{"line":64,"column":2},"end":{"line":64,"column":83}},"28":{"start":{"line":64,"column":20},"end":{"line":64,"column":83}},"29":{"start":{"line":65,"column":2},"end":{"line":65,"column":54}}},"fnMap":{"0":{"name":"ensureRedisClient","decl":{"start":{"line":10,"column":9},"end":{"line":10,"column":26}},"loc":{"start":{"line":10,"column":26},"end":{"line":47,"column":1}}},"1":{"name":"(anonymous_1)","decl":{"start":{"line":19,"column":8},"end":{"line":19,"column":25}},"loc":{"start":{"line":19,"column":33},"end":{"line":21,"column":9}}},"2":{"name":"(anonymous_2)","decl":{"start":{"line":25,"column":28},"end":{"line":25,"column":29}},"loc":{"start":{"line":25,"column":38},"end":{"line":29,"column":5}}},"3":{"name":"(anonymous_3)","decl":{"start":{"line":31,"column":28},"end":{"line":31,"column":31}},"loc":{"start":{"line":31,"column":33},"end":{"line":33,"column":5}}},"4":{"name":"(anonymous_4)","decl":{"start":{"line":38,"column":37},"end":{"line":38,"column":38}},"loc":{"start":{"line":38,"column":47},"end":{"line":43,"column":5}}},"5":{"name":"buildSessionStore","decl":{"start":{"line":49,"column":16},"end":{"line":49,"column":33}},"loc":{"start":{"line":49,"column":33},"end":{"line":61,"column":1}}},"6":{"name":"getRedisStatus","decl":{"start":{"line":63,"column":16},"end":{"line":63,"column":30}},"loc":{"start":{"line":63,"column":30},"end":{"line":66,"column":1}}}},"branchMap":{"0":{"loc":{"start":{"line":11,"column":2},"end":{"line":13,"column":3}},"type":"if","locations":[{"start":{"line":11,"column":2},"end":{"line":13,"column":3}},{"start":{},"end":{}}]},"1":{"loc":{"start":{"line":15,"column":2},"end":{"line":34,"column":3}},"type":"if","locations":[{"start":{"line":15,"column":2},"end":{"line":34,"column":3}},{"start":{},"end":{}}]},"2":{"loc":{"start":{"line":27,"column":15},"end":{"line":27,"column":69}},"type":"cond-expr","locations":[{"start":{"line":27,"column":40},"end":{"line":27,"column":53}},{"start":{"line":27,"column":56},"end":{"line":27,"column":69}}]},"3":{"loc":{"start":{"line":36,"column":2},"end":{"line":44,"column":3}},"type":"if","locations":[{"start":{"line":36,"column":2},"end":{"line":44,"column":3}},{"start":{},"end":{}}]},"4":{"loc":{"start":{"line":41,"column":15},"end":{"line":41,"column":69}},"type":"cond-expr","locations":[{"start":{"line":41,"column":40},"end":{"line":41,"column":53}},{"start":{"line":41,"column":56},"end":{"line":41,"column":69}}]},"5":{"loc":{"start":{"line":52,"column":2},"end":{"line":54,"column":3}},"type":"if","locations":[{"start":{"line":52,"column":2},"end":{"line":54,"column":3}},{"start":{},"end":{}}]},"6":{"loc":{"start":{"line":64,"column":2},"end":{"line":64,"column":83}},"type":"if","locations":[{"start":{"line":64,"column":2},"end":{"line":64,"column":83}},{"start":{},"end":{}}]},"7":{"loc":{"start":{"line":64,"column":27},"end":{"line":64,"column":82}},"type":"cond-expr","locations":[{"start":{"line":64,"column":57},"end":{"line":64,"column":69}},{"start":{"line":64,"column":72},"end":{"line":64,"column":82}}]},"8":{"loc":{"start":{"line":65,"column":9},"end":{"line":65,"column":53}},"type":"cond-expr","locations":[{"start":{"line":65,"column":31},"end":{"line":65,"column":38}},{"start":{"line":65,"column":41},"end":{"line":65,"column":53}}]}},"s":{"0":44,"1":44,"2":44,"3":44,"4":44,"5":44,"6":44,"7":44,"8":44,"9":44,"10":0,"11":0,"12":0,"13":0,"14":0,"15":0,"16":0,"17":0,"18":0,"19":0,"20":0,"21":0,"22":0,"23":44,"24":44,"25":44,"26":0,"27":0,"28":0,"29":0},"f":{"0":44,"1":0,"2":0,"3":0,"4":0,"5":44,"6":0},"b":{"0":[44,0],"1":[0,0],"2":[0,0],"3":[0,0],"4":[0,0],"5":[44,0],"6":[0,0],"7":[0,0],"8":[0,0]}}
,"C:\\Users\\jkmag\\Development\\api-authentication-models-evaluation\\src\\variant-overrides.ts": {"path":"C:\\Users\\jkmag\\Development\\api-authentication-models-evaluation\\src\\variant-overrides.ts","statementMap":{"0":{"start":{"line":32,"column":0},"end":{"line":32,"column":16}},"1":{"start":{"line":55,"column":0},"end":{"line":55,"column":16}},"2":{"start":{"line":59,"column":0},"end":{"line":59,"column":16}},"3":{"start":{"line":28,"column":52},"end":{"line":28,"column":54}},"4":{"start":{"line":30,"column":47},"end":{"line":30,"column":79}},"5":{"start":{"line":33,"column":2},"end":{"line":52,"column":4}},"6":{"start":{"line":56,"column":2},"end":{"line":56,"column":32}},"7":{"start":{"line":60,"column":2},"end":{"line":60,"column":60}}},"fnMap":{"0":{"name":"setVariantOverrides","decl":{"start":{"line":32,"column":16},"end":{"line":32,"column":35}},"loc":{"start":{"line":32,"column":70},"end":{"line":53,"column":1}}},"1":{"name":"getVariantOverrides","decl":{"start":{"line":55,"column":16},"end":{"line":55,"column":35}},"loc":{"start":{"line":55,"column":35},"end":{"line":57,"column":1}}},"2":{"name":"resetVariantOverrides","decl":{"start":{"line":59,"column":16},"end":{"line":59,"column":37}},"loc":{"start":{"line":59,"column":37},"end":{"line":61,"column":1}}}},"branchMap":{},"s":{"0":48,"1":48,"2":48,"3":48,"4":48,"5":0,"6":1224,"7":0},"f":{"0":0,"1":1224,"2":0},"b":{}}
,"C:\\Users\\jkmag\\Development\\api-authentication-models-evaluation\\src\\auth\\account-security.routes.ts": {"path":"C:\\Users\\jkmag\\Development\\api-authentication-models-evaluation\\src\\auth\\account-security.routes.ts","statementMap":{"0":{"start":{"line":1,"column":0},"end":{"line":1,"column":33}},"1":{"start":{"line":2,"column":0},"end":{"line":2,"column":60}},"2":{"start":{"line":3,"column":0},"end":{"line":3,"column":56}},"3":{"start":{"line":4,"column":0},"end":{"line":4,"column":null}},"4":{"start":{"line":11,"column":15},"end":{"line":11,"column":23}},"5":{"start":{"line":13,"column":0},"end":{"line":29,"column":3}},"6":{"start":{"line":14,"column":16},"end":{"line":14,"column":93}},"7":{"start":{"line":16,"column":2},"end":{"line":18,"column":3}},"8":{"start":{"line":17,"column":4},"end":{"line":17,"column":64}},"9":{"start":{"line":20,"column":16},"end":{"line":23,"column":4}},"10":{"start":{"line":25,"column":2},"end":{"line":28,"column":5}},"11":{"start":{"line":31,"column":0},"end":{"line":49,"column":3}},"12":{"start":{"line":32,"column":16},"end":{"line":32,"column":72}},"13":{"start":{"line":33,"column":22},"end":{"line":33,"column":90}},"14":{"start":{"line":35,"column":2},"end":{"line":37,"column":3}},"15":{"start":{"line":36,"column":4},"end":{"line":36,"column":81}},"16":{"start":{"line":39,"column":18},"end":{"line":42,"column":4}},"17":{"start":{"line":44,"column":2},"end":{"line":46,"column":3}},"18":{"start":{"line":45,"column":4},"end":{"line":45,"column":86}},"19":{"start":{"line":48,"column":2},"end":{"line":48,"column":51}},"20":{"start":{"line":51,"column":0},"end":{"line":62,"column":3}},"21":{"start":{"line":52,"column":21},"end":{"line":55,"column":4}},"22":{"start":{"line":57,"column":2},"end":{"line":59,"column":3}},"23":{"start":{"line":58,"column":4},"end":{"line":58,"column":66}},"24":{"start":{"line":61,"column":2},"end":{"line":61,"column":30}},"25":{"start":{"line":64,"column":0},"end":{"line":82,"column":3}},"26":{"start":{"line":65,"column":16},"end":{"line":65,"column":93}},"27":{"start":{"line":66,"column":15},"end":{"line":66,"column":69}},"28":{"start":{"line":68,"column":2},"end":{"line":70,"column":3}},"29":{"start":{"line":69,"column":4},"end":{"line":69,"column":74}},"30":{"start":{"line":72,"column":18},"end":{"line":75,"column":4}},"31":{"start":{"line":77,"column":2},"end":{"line":79,"column":3}},"32":{"start":{"line":78,"column":4},"end":{"line":78,"column":63}},"33":{"start":{"line":81,"column":2},"end":{"line":81,"column":46}},"34":{"start":{"line":84,"column":0},"end":{"line":84,"column":22}}},"fnMap":{"0":{"name":"(anonymous_0)","decl":{"start":{"line":13,"column":52},"end":{"line":13,"column":57}},"loc":{"start":{"line":13,"column":71},"end":{"line":29,"column":1}}},"1":{"name":"(anonymous_1)","decl":{"start":{"line":31,"column":52},"end":{"line":31,"column":57}},"loc":{"start":{"line":31,"column":71},"end":{"line":49,"column":1}}},"2":{"name":"(anonymous_2)","decl":{"start":{"line":51,"column":55},"end":{"line":51,"column":60}},"loc":{"start":{"line":51,"column":74},"end":{"line":62,"column":1}}},"3":{"name":"(anonymous_3)","decl":{"start":{"line":64,"column":40},"end":{"line":64,"column":45}},"loc":{"start":{"line":64,"column":59},"end":{"line":82,"column":1}}}},"branchMap":{"0":{"loc":{"start":{"line":14,"column":16},"end":{"line":14,"column":93}},"type":"cond-expr","locations":[{"start":{"line":14,"column":53},"end":{"line":14,"column":88}},{"start":{"line":14,"column":91},"end":{"line":14,"column":93}}]},"1":{"loc":{"start":{"line":16,"column":2},"end":{"line":18,"column":3}},"type":"if","locations":[{"start":{"line":16,"column":2},"end":{"line":18,"column":3}},{"start":{},"end":{}}]},"2":{"loc":{"start":{"line":27,"column":17},"end":{"line":27,"column":35}},"type":"binary-expr","locations":[{"start":{"line":27,"column":17},"end":{"line":27,"column":22}},{"start":{"line":27,"column":26},"end":{"line":27,"column":35}}]},"3":{"loc":{"start":{"line":32,"column":16},"end":{"line":32,"column":72}},"type":"cond-expr","locations":[{"start":{"line":32,"column":53},"end":{"line":32,"column":67}},{"start":{"line":32,"column":70},"end":{"line":32,"column":72}}]},"4":{"loc":{"start":{"line":33,"column":22},"end":{"line":33,"column":90}},"type":"cond-expr","locations":[{"start":{"line":33,"column":65},"end":{"line":33,"column":85}},{"start":{"line":33,"column":88},"end":{"line":33,"column":90}}]},"5":{"loc":{"start":{"line":35,"column":2},"end":{"line":37,"column":3}},"type":"if","locations":[{"start":{"line":35,"column":2},"end":{"line":37,"column":3}},{"start":{},"end":{}}]},"6":{"loc":{"start":{"line":35,"column":6},"end":{"line":35,"column":28}},"type":"binary-expr","locations":[{"start":{"line":35,"column":6},"end":{"line":35,"column":12}},{"start":{"line":35,"column":16},"end":{"line":35,"column":28}}]},"7":{"loc":{"start":{"line":44,"column":2},"end":{"line":46,"column":3}},"type":"if","locations":[{"start":{"line":44,"column":2},"end":{"line":46,"column":3}},{"start":{},"end":{}}]},"8":{"loc":{"start":{"line":57,"column":2},"end":{"line":59,"column":3}},"type":"if","locations":[{"start":{"line":57,"column":2},"end":{"line":59,"column":3}},{"start":{},"end":{}}]},"9":{"loc":{"start":{"line":65,"column":16},"end":{"line":65,"column":93}},"type":"cond-expr","locations":[{"start":{"line":65,"column":53},"end":{"line":65,"column":88}},{"start":{"line":65,"column":91},"end":{"line":65,"column":93}}]},"10":{"loc":{"start":{"line":66,"column":15},"end":{"line":66,"column":69}},"type":"cond-expr","locations":[{"start":{"line":66,"column":51},"end":{"line":66,"column":64}},{"start":{"line":66,"column":67},"end":{"line":66,"column":69}}]},"11":{"loc":{"start":{"line":68,"column":2},"end":{"line":70,"column":3}},"type":"if","locations":[{"start":{"line":68,"column":2},"end":{"line":70,"column":3}},{"start":{},"end":{}}]},"12":{"loc":{"start":{"line":68,"column":6},"end":{"line":68,"column":21}},"type":"binary-expr","locations":[{"start":{"line":68,"column":6},"end":{"line":68,"column":12}},{"start":{"line":68,"column":16},"end":{"line":68,"column":21}}]},"13":{"loc":{"start":{"line":77,"column":2},"end":{"line":79,"column":3}},"type":"if","locations":[{"start":{"line":77,"column":2},"end":{"line":79,"column":3}},{"start":{},"end":{}}]}},"s":{"0":44,"1":44,"2":44,"3":44,"4":44,"5":44,"6":1,"7":1,"8":0,"9":1,"10":1,"11":44,"12":1,"13":1,"14":1,"15":0,"16":1,"17":1,"18":0,"19":1,"20":44,"21":3,"22":3,"23":0,"24":3,"25":44,"26":3,"27":3,"28":3,"29":0,"30":3,"31":3,"32":0,"33":3,"34":44},"f":{"0":1,"1":1,"2":3,"3":3},"b":{"0":[1,0],"1":[0,1],"2":[1,0],"3":[1,0],"4":[1,0],"5":[0,1],"6":[1,1],"7":[0,1],"8":[0,3],"9":[3,0],"10":[3,0],"11":[0,3],"12":[3,3],"13":[0,3]}}
,"C:\\Users\\jkmag\\Development\\api-authentication-models-evaluation\\src\\auth\\account-security.service.ts": {"path":"C:\\Users\\jkmag\\Development\\api-authentication-models-evaluation\\src\\auth\\account-security.service.ts","statementMap":{"0":{"start":{"line":17,"column":0},"end":{"line":17,"column":7}},"1":{"start":{"line":53,"column":0},"end":{"line":53,"column":7}},"2":{"start":{"line":94,"column":0},"end":{"line":94,"column":7}},"3":{"start":{"line":134,"column":0},"end":{"line":134,"column":7}},"4":{"start":{"line":177,"column":0},"end":{"line":177,"column":7}},"5":{"start":{"line":1,"column":0},"end":{"line":1,"column":28}},"6":{"start":{"line":2,"column":0},"end":{"line":2,"column":31}},"7":{"start":{"line":3,"column":0},"end":{"line":3,"column":39}},"8":{"start":{"line":4,"column":0},"end":{"line":4,"column":41}},"9":{"start":{"line":5,"column":0},"end":{"line":5,"column":59}},"10":{"start":{"line":6,"column":0},"end":{"line":6,"column":60}},"11":{"start":{"line":7,"column":0},"end":{"line":7,"column":73}},"12":{"start":{"line":14,"column":2},"end":{"line":14,"column":65}},"13":{"start":{"line":18,"column":15},"end":{"line":18,"column":43}},"14":{"start":{"line":20,"column":2},"end":{"line":29,"column":3}},"15":{"start":{"line":21,"column":4},"end":{"line":27,"column":7}},"16":{"start":{"line":28,"column":4},"end":{"line":28,"column":16}},"17":{"start":{"line":31,"column":16},"end":{"line":31,"column":60}},"18":{"start":{"line":32,"column":20},"end":{"line":32,"column":41}},"19":{"start":{"line":34,"column":2},"end":{"line":40,"column":5}},"20":{"start":{"line":42,"column":2},"end":{"line":48,"column":5}},"21":{"start":{"line":50,"column":2},"end":{"line":50,"column":48}},"22":{"start":{"line":54,"column":20},"end":{"line":54,"column":41}},"23":{"start":{"line":55,"column":17},"end":{"line":58,"column":4}},"24":{"start":{"line":60,"column":2},"end":{"line":68,"column":3}},"25":{"start":{"line":61,"column":4},"end":{"line":66,"column":7}},"26":{"start":{"line":67,"column":4},"end":{"line":67,"column":17}},"27":{"start":{"line":70,"column":23},"end":{"line":70,"column":54}},"28":{"start":{"line":72,"column":2},"end":{"line":81,"column":5}},"29":{"start":{"line":83,"column":2},"end":{"line":89,"column":5}},"30":{"start":{"line":91,"column":2},"end":{"line":91,"column":14}},"31":{"start":{"line":95,"column":15},"end":{"line":95,"column":43}},"32":{"start":{"line":97,"column":2},"end":{"line":106,"column":3}},"33":{"start":{"line":98,"column":4},"end":{"line":104,"column":7}},"34":{"start":{"line":105,"column":4},"end":{"line":105,"column":16}},"35":{"start":{"line":108,"column":17},"end":{"line":108,"column":37}},"36":{"start":{"line":109,"column":17},"end":{"line":109,"column":64}},"37":{"start":{"line":110,"column":21},"end":{"line":110,"column":64}},"38":{"start":{"line":112,"column":2},"end":{"line":118,"column":5}},"39":{"start":{"line":120,"column":2},"end":{"line":126,"column":5}},"40":{"start":{"line":128,"column":2},"end":{"line":131,"column":4}},"41":{"start":{"line":135,"column":15},"end":{"line":135,"column":43}},"42":{"start":{"line":137,"column":2},"end":{"line":146,"column":3}},"43":{"start":{"line":138,"column":4},"end":{"line":144,"column":7}},"44":{"start":{"line":145,"column":4},"end":{"line":145,"column":17}},"45":{"start":{"line":148,"column":16},"end":{"line":148,"column":48}},"46":{"start":{"line":150,"column":2},"end":{"line":159,"column":3}},"47":{"start":{"line":151,"column":4},"end":{"line":157,"column":7}},"48":{"start":{"line":158,"column":4},"end":{"line":158,"column":17}},"49":{"start":{"line":161,"column":2},"end":{"line":164,"column":5}},"50":{"start":{"line":166,"column":2},"end":{"line":172,"column":5}},"51":{"start":{"line":174,"column":2},"end":{"line":174,"column":14}},"52":{"start":{"line":178,"column":15},"end":{"line":178,"column":70}},"53":{"start":{"line":180,"column":2},"end":{"line":182,"column":3}},"54":{"start":{"line":181,"column":4},"end":{"line":181,"column":16}},"55":{"start":{"line":184,"column":2},"end":{"line":186,"column":3}},"56":{"start":{"line":185,"column":4},"end":{"line":185,"column":17}},"57":{"start":{"line":188,"column":2},"end":{"line":188,"column":42}}},"fnMap":{"0":{"name":"hashResetToken","decl":{"start":{"line":13,"column":9},"end":{"line":13,"column":23}},"loc":{"start":{"line":13,"column":37},"end":{"line":15,"column":1}}},"1":{"name":"requestPasswordReset","decl":{"start":{"line":17,"column":22},"end":{"line":17,"column":42}},"loc":{"start":{"line":17,"column":81},"end":{"line":51,"column":1}}},"2":{"name":"confirmPasswordReset","decl":{"start":{"line":53,"column":22},"end":{"line":53,"column":42}},"loc":{"start":{"line":53,"column":102},"end":{"line":92,"column":1}}},"3":{"name":"startMfaEnrollment","decl":{"start":{"line":94,"column":22},"end":{"line":94,"column":40}},"loc":{"start":{"line":94,"column":97},"end":{"line":132,"column":1}}},"4":{"name":"verifyMfaEnrollment","decl":{"start":{"line":134,"column":22},"end":{"line":134,"column":41}},"loc":{"start":{"line":134,"column":94},"end":{"line":175,"column":1}}},"5":{"name":"validateMfaForUser","decl":{"start":{"line":177,"column":22},"end":{"line":177,"column":40}},"loc":{"start":{"line":177,"column":81},"end":{"line":189,"column":1}}}},"branchMap":{"0":{"loc":{"start":{"line":20,"column":2},"end":{"line":29,"column":3}},"type":"if","locations":[{"start":{"line":20,"column":2},"end":{"line":29,"column":3}},{"start":{},"end":{}}]},"1":{"loc":{"start":{"line":50,"column":9},"end":{"line":50,"column":47}},"type":"cond-expr","locations":[{"start":{"line":50,"column":35},"end":{"line":50,"column":39}},{"start":{"line":50,"column":42},"end":{"line":50,"column":47}}]},"2":{"loc":{"start":{"line":60,"column":2},"end":{"line":68,"column":3}},"type":"if","locations":[{"start":{"line":60,"column":2},"end":{"line":68,"column":3}},{"start":{},"end":{}}]},"3":{"loc":{"start":{"line":60,"column":6},"end":{"line":60,"column":63}},"type":"binary-expr","locations":[{"start":{"line":60,"column":6},"end":{"line":60,"column":13}},{"start":{"line":60,"column":17},"end":{"line":60,"column":30}},{"start":{"line":60,"column":34},"end":{"line":60,"column":63}}]},"4":{"loc":{"start":{"line":97,"column":2},"end":{"line":106,"column":3}},"type":"if","locations":[{"start":{"line":97,"column":2},"end":{"line":106,"column":3}},{"start":{},"end":{}}]},"5":{"loc":{"start":{"line":97,"column":6},"end":{"line":97,"column":64}},"type":"binary-expr","locations":[{"start":{"line":97,"column":6},"end":{"line":97,"column":11}},{"start":{"line":97,"column":15},"end":{"line":97,"column":64}}]},"6":{"loc":{"start":{"line":109,"column":17},"end":{"line":109,"column":64}},"type":"binary-expr","locations":[{"start":{"line":109,"column":17},"end":{"line":109,"column":39}},{"start":{"line":109,"column":43},"end":{"line":109,"column":64}}]},"7":{"loc":{"start":{"line":137,"column":2},"end":{"line":146,"column":3}},"type":"if","locations":[{"start":{"line":137,"column":2},"end":{"line":146,"column":3}},{"start":{},"end":{}}]},"8":{"loc":{"start":{"line":150,"column":2},"end":{"line":159,"column":3}},"type":"if","locations":[{"start":{"line":150,"column":2},"end":{"line":159,"column":3}},{"start":{},"end":{}}]},"9":{"loc":{"start":{"line":180,"column":2},"end":{"line":182,"column":3}},"type":"if","locations":[{"start":{"line":180,"column":2},"end":{"line":182,"column":3}},{"start":{},"end":{}}]},"10":{"loc":{"start":{"line":184,"column":2},"end":{"line":186,"column":3}},"type":"if","locations":[{"start":{"line":184,"column":2},"end":{"line":186,"column":3}},{"start":{},"end":{}}]},"11":{"loc":{"start":{"line":184,"column":6},"end":{"line":184,"column":30}},"type":"binary-expr","locations":[{"start":{"line":184,"column":6},"end":{"line":184,"column":11}},{"start":{"line":184,"column":15},"end":{"line":184,"column":30}}]}},"s":{"0":44,"1":44,"2":44,"3":44,"4":44,"5":44,"6":44,"7":44,"8":44,"9":44,"10":44,"11":44,"12":2,"13":1,"14":1,"15":0,"16":0,"17":1,"18":1,"19":1,"20":1,"21":1,"22":1,"23":1,"24":1,"25":0,"26":0,"27":1,"28":1,"29":1,"30":1,"31":3,"32":3,"33":0,"34":0,"35":3,"36":3,"37":3,"38":3,"39":3,"40":3,"41":3,"42":3,"43":0,"44":0,"45":3,"46":3,"47":0,"48":0,"49":3,"50":3,"51":3,"52":26,"53":26,"54":22,"55":4,"56":2,"57":2},"f":{"0":2,"1":1,"2":1,"3":3,"4":3,"5":26},"b":{"0":[0,1],"1":[0,1],"2":[0,1],"3":[1,1,1],"4":[0,3],"5":[3,3],"6":[3,3],"7":[0,3],"8":[0,3],"9":[22,4],"10":[2,2],"11":[4,2]}}
,"C:\\Users\\jkmag\\Development\\api-authentication-models-evaluation\\src\\auth\\password.ts": {"path":"C:\\Users\\jkmag\\Development\\api-authentication-models-evaluation\\src\\auth\\password.ts","statementMap":{"0":{"start":{"line":4,"column":0},"end":{"line":4,"column":7}},"1":{"start":{"line":8,"column":0},"end":{"line":8,"column":7}},"2":{"start":{"line":18,"column":0},"end":{"line":18,"column":7}},"3":{"start":{"line":1,"column":0},"end":{"line":1,"column":30}},"4":{"start":{"line":2,"column":0},"end":{"line":2,"column":47}},"5":{"start":{"line":5,"column":2},"end":{"line":5,"column":48}},"6":{"start":{"line":9,"column":2},"end":{"line":9,"column":40}},"7":{"start":{"line":9,"column":28},"end":{"line":9,"column":40}},"8":{"start":{"line":11,"column":2},"end":{"line":15,"column":3}},"9":{"start":{"line":12,"column":4},"end":{"line":12,"column":51}},"10":{"start":{"line":14,"column":4},"end":{"line":14,"column":17}},"11":{"start":{"line":19,"column":2},"end":{"line":19,"column":53}}},"fnMap":{"0":{"name":"hashPassword","decl":{"start":{"line":4,"column":22},"end":{"line":4,"column":34}},"loc":{"start":{"line":4,"column":48},"end":{"line":6,"column":1}}},"1":{"name":"matchesStoredHashOrValue","decl":{"start":{"line":8,"column":22},"end":{"line":8,"column":46}},"loc":{"start":{"line":8,"column":80},"end":{"line":16,"column":1}}},"2":{"name":"isValidPassword","decl":{"start":{"line":18,"column":22},"end":{"line":18,"column":37}},"loc":{"start":{"line":18,"column":71},"end":{"line":20,"column":1}}}},"branchMap":{"0":{"loc":{"start":{"line":9,"column":2},"end":{"line":9,"column":40}},"type":"if","locations":[{"start":{"line":9,"column":2},"end":{"line":9,"column":40}},{"start":{},"end":{}}]}},"s":{"0":46,"1":46,"2":46,"3":46,"4":46,"5":1,"6":43,"7":30,"8":13,"9":13,"10":0,"11":41},"f":{"0":1,"1":43,"2":41},"b":{"0":[30,13]}}
,"C:\\Users\\jkmag\\Development\\api-authentication-models-evaluation\\src\\auth\\totp.ts": {"path":"C:\\Users\\jkmag\\Development\\api-authentication-models-evaluation\\src\\auth\\totp.ts","statementMap":{"0":{"start":{"line":69,"column":0},"end":{"line":69,"column":16}},"1":{"start":{"line":73,"column":0},"end":{"line":73,"column":16}},"2":{"start":{"line":77,"column":0},"end":{"line":77,"column":16}},"3":{"start":{"line":81,"column":0},"end":{"line":81,"column":16}},"4":{"start":{"line":1,"column":0},"end":{"line":1,"column":28}},"5":{"start":{"line":3,"column":24},"end":{"line":3,"column":58}},"6":{"start":{"line":6,"column":13},"end":{"line":6,"column":14}},"7":{"start":{"line":7,"column":14},"end":{"line":7,"column":15}},"8":{"start":{"line":8,"column":15},"end":{"line":8,"column":17}},"9":{"start":{"line":10,"column":2},"end":{"line":18,"column":3}},"10":{"start":{"line":11,"column":4},"end":{"line":11,"column":32}},"11":{"start":{"line":12,"column":4},"end":{"line":12,"column":14}},"12":{"start":{"line":14,"column":4},"end":{"line":17,"column":5}},"13":{"start":{"line":15,"column":6},"end":{"line":15,"column":61}},"14":{"start":{"line":16,"column":6},"end":{"line":16,"column":16}},"15":{"start":{"line":20,"column":2},"end":{"line":22,"column":3}},"16":{"start":{"line":21,"column":4},"end":{"line":21,"column":58}},"17":{"start":{"line":24,"column":2},"end":{"line":24,"column":16}},"18":{"start":{"line":28,"column":21},"end":{"line":28,"column":60}},"19":{"start":{"line":29,"column":13},"end":{"line":29,"column":14}},"20":{"start":{"line":30,"column":14},"end":{"line":30,"column":15}},"21":{"start":{"line":31,"column":26},"end":{"line":31,"column":28}},"22":{"start":{"line":33,"column":2},"end":{"line":46,"column":3}},"23":{"start":{"line":34,"column":18},"end":{"line":34,"column":47}},"24":{"start":{"line":35,"column":4},"end":{"line":37,"column":5}},"25":{"start":{"line":36,"column":6},"end":{"line":36,"column":47}},"26":{"start":{"line":39,"column":4},"end":{"line":39,"column":33}},"27":{"start":{"line":40,"column":4},"end":{"line":40,"column":14}},"28":{"start":{"line":42,"column":4},"end":{"line":45,"column":5}},"29":{"start":{"line":43,"column":6},"end":{"line":43,"column":47}},"30":{"start":{"line":44,"column":6},"end":{"line":44,"column":16}},"31":{"start":{"line":48,"column":2},"end":{"line":48,"column":28}},"32":{"start":{"line":52,"column":15},"end":{"line":52,"column":17}},"33":{"start":{"line":53,"column":18},"end":{"line":53,"column":63}},"34":{"start":{"line":54,"column":24},"end":{"line":54,"column":39}},"35":{"start":{"line":55,"column":2},"end":{"line":55,"column":68}},"36":{"start":{"line":56,"column":2},"end":{"line":56,"column":56}},"37":{"start":{"line":58,"column":14},"end":{"line":58,"column":32}},"38":{"start":{"line":59,"column":15},"end":{"line":59,"column":76}},"39":{"start":{"line":60,"column":24},"end":{"line":60,"column":52}},"40":{"start":{"line":61,"column":15},"end":{"line":64,"column":38}},"41":{"start":{"line":66,"column":2},"end":{"line":66,"column":51}},"42":{"start":{"line":70,"column":2},"end":{"line":70,"column":42}},"43":{"start":{"line":74,"column":2},"end":{"line":74,"column":193}},"44":{"start":{"line":78,"column":2},"end":{"line":78,"column":76}},"45":{"start":{"line":78,"column":37},"end":{"line":78,"column":74}},"46":{"start":{"line":82,"column":2},"end":{"line":82,"column":30}}},"fnMap":{"0":{"name":"toBase32","decl":{"start":{"line":5,"column":9},"end":{"line":5,"column":17}},"loc":{"start":{"line":5,"column":32},"end":{"line":25,"column":1}}},"1":{"name":"fromBase32","decl":{"start":{"line":27,"column":9},"end":{"line":27,"column":19}},"loc":{"start":{"line":27,"column":33},"end":{"line":49,"column":1}}},"2":{"name":"generateTotp","decl":{"start":{"line":51,"column":9},"end":{"line":51,"column":21}},"loc":{"start":{"line":51,"column":48},"end":{"line":67,"column":1}}},"3":{"name":"generateTotpSecret","decl":{"start":{"line":69,"column":16},"end":{"line":69,"column":34}},"loc":{"start":{"line":69,"column":34},"end":{"line":71,"column":1}}},"4":{"name":"buildOtpAuthUrl","decl":{"start":{"line":73,"column":16},"end":{"line":73,"column":31}},"loc":{"start":{"line":73,"column":77},"end":{"line":75,"column":1}}},"5":{"name":"verifyTotp","decl":{"start":{"line":77,"column":16},"end":{"line":77,"column":26}},"loc":{"start":{"line":77,"column":55},"end":{"line":79,"column":1}}},"6":{"name":"(anonymous_7)","decl":{"start":{"line":78,"column":25},"end":{"line":78,"column":26}},"loc":{"start":{"line":78,"column":37},"end":{"line":78,"column":74}}},"7":{"name":"generateCurrentTotp","decl":{"start":{"line":81,"column":16},"end":{"line":81,"column":35}},"loc":{"start":{"line":81,"column":50},"end":{"line":83,"column":1}}}},"branchMap":{"0":{"loc":{"start":{"line":20,"column":2},"end":{"line":22,"column":3}},"type":"if","locations":[{"start":{"line":20,"column":2},"end":{"line":22,"column":3}},{"start":{},"end":{}}]},"1":{"loc":{"start":{"line":35,"column":4},"end":{"line":37,"column":5}},"type":"if","locations":[{"start":{"line":35,"column":4},"end":{"line":37,"column":5}},{"start":{},"end":{}}]},"2":{"loc":{"start":{"line":42,"column":4},"end":{"line":45,"column":5}},"type":"if","locations":[{"start":{"line":42,"column":4},"end":{"line":45,"column":5}},{"start":{},"end":{}}]},"3":{"loc":{"start":{"line":51,"column":38},"end":{"line":51,"column":48}},"type":"default-arg","locations":[{"start":{"line":51,"column":47},"end":{"line":51,"column":48}}]}},"s":{"0":44,"1":44,"2":44,"3":44,"4":44,"5":44,"6":3,"7":3,"8":3,"9":3,"10":60,"11":60,"12":60,"13":96,"14":96,"15":3,"16":0,"17":3,"18":10,"19":10,"20":10,"21":10,"22":10,"23":320,"24":320,"25":0,"26":320,"27":320,"28":320,"29":200,"30":200,"31":10,"32":10,"33":10,"34":10,"35":10,"36":10,"37":10,"38":10,"39":10,"40":10,"41":10,"42":3,"43":3,"44":5,"45":5,"46":5},"f":{"0":3,"1":10,"2":10,"3":3,"4":3,"5":5,"6":5,"7":5},"b":{"0":[0,3],"1":[0,320],"2":[200,120],"3":[5]}}
,"C:\\Users\\jkmag\\Development\\api-authentication-models-evaluation\\src\\auth\\user.ts": {"path":"C:\\Users\\jkmag\\Development\\api-authentication-models-evaluation\\src\\auth\\user.ts","statementMap":{"0":{"start":{"line":3,"column":0},"end":{"line":3,"column":7}},"1":{"start":{"line":1,"column":0},"end":{"line":1,"column":31}},"2":{"start":{"line":4,"column":2},"end":{"line":4,"column":54}}},"fnMap":{"0":{"name":"findUserByEmail","decl":{"start":{"line":3,"column":22},"end":{"line":3,"column":37}},"loc":{"start":{"line":3,"column":51},"end":{"line":5,"column":1}}}},"branchMap":{},"s":{"0":46,"1":46,"2":48},"f":{"0":48},"b":{}}
,"C:\\Users\\jkmag\\Development\\api-authentication-models-evaluation\\src\\jwt\\jwt.controller.ts": {"path":"C:\\Users\\jkmag\\Development\\api-authentication-models-evaluation\\src\\jwt\\jwt.controller.ts","statementMap":{"0":{"start":{"line":8,"column":0},"end":{"line":8,"column":7}},"1":{"start":{"line":34,"column":0},"end":{"line":34,"column":7}},"2":{"start":{"line":2,"column":0},"end":{"line":2,"column":47}},"3":{"start":{"line":3,"column":0},"end":{"line":3,"column":51}},"4":{"start":{"line":4,"column":0},"end":{"line":4,"column":70}},"5":{"start":{"line":5,"column":0},"end":{"line":5,"column":44}},"6":{"start":{"line":6,"column":0},"end":{"line":6,"column":60}},"7":{"start":{"line":9,"column":39},"end":{"line":9,"column":47}},"8":{"start":{"line":11,"column":15},"end":{"line":11,"column":43}},"9":{"start":{"line":12,"column":2},"end":{"line":15,"column":3}},"10":{"start":{"line":13,"column":4},"end":{"line":13,"column":148}},"11":{"start":{"line":14,"column":4},"end":{"line":14,"column":66}},"12":{"start":{"line":17,"column":16},"end":{"line":17,"column":62}},"13":{"start":{"line":18,"column":2},"end":{"line":21,"column":3}},"14":{"start":{"line":19,"column":4},"end":{"line":19,"column":144}},"15":{"start":{"line":20,"column":4},"end":{"line":20,"column":66}},"16":{"start":{"line":23,"column":19},"end":{"line":23,"column":61}},"17":{"start":{"line":24,"column":2},"end":{"line":27,"column":3}},"18":{"start":{"line":25,"column":4},"end":{"line":25,"column":173}},"19":{"start":{"line":26,"column":4},"end":{"line":26,"column":75}},"20":{"start":{"line":29,"column":16},"end":{"line":29,"column":36}},"21":{"start":{"line":30,"column":2},"end":{"line":30,"column":142}},"22":{"start":{"line":31,"column":2},"end":{"line":31,"column":41}},"23":{"start":{"line":35,"column":2},"end":{"line":38,"column":5}}},"fnMap":{"0":{"name":"jwtLogin","decl":{"start":{"line":8,"column":22},"end":{"line":8,"column":30}},"loc":{"start":{"line":8,"column":58},"end":{"line":32,"column":1}}},"1":{"name":"jwtProtected","decl":{"start":{"line":34,"column":22},"end":{"line":34,"column":34}},"loc":{"start":{"line":34,"column":62},"end":{"line":39,"column":1}}}},"branchMap":{"0":{"loc":{"start":{"line":12,"column":2},"end":{"line":15,"column":3}},"type":"if","locations":[{"start":{"line":12,"column":2},"end":{"line":15,"column":3}},{"start":{},"end":{}}]},"1":{"loc":{"start":{"line":18,"column":2},"end":{"line":21,"column":3}},"type":"if","locations":[{"start":{"line":18,"column":2},"end":{"line":21,"column":3}},{"start":{},"end":{}}]},"2":{"loc":{"start":{"line":24,"column":2},"end":{"line":27,"column":3}},"type":"if","locations":[{"start":{"line":24,"column":2},"end":{"line":27,"column":3}},{"start":{},"end":{}}]}},"s":{"0":44,"1":44,"2":44,"3":44,"4":44,"5":44,"6":44,"7":26,"8":26,"9":26,"10":2,"11":2,"12":24,"13":24,"14":11,"15":11,"16":13,"17":13,"18":1,"19":1,"20":12,"21":12,"22":12,"23":3},"f":{"0":26,"1":3},"b":{"0":[2,24],"1":[11,13],"2":[1,12]}}
,"C:\\Users\\jkmag\\Development\\api-authentication-models-evaluation\\src\\jwt\\jwt.keys.ts": {"path":"C:\\Users\\jkmag\\Development\\api-authentication-models-evaluation\\src\\jwt\\jwt.keys.ts","statementMap":{"0":{"start":{"line":57,"column":0},"end":{"line":57,"column":16}},"1":{"start":{"line":77,"column":0},"end":{"line":77,"column":16}},"2":{"start":{"line":103,"column":0},"end":{"line":103,"column":16}},"3":{"start":{"line":1,"column":0},"end":{"line":1,"column":28}},"4":{"start":{"line":2,"column":0},"end":{"line":2,"column":20}},"5":{"start":{"line":4,"column":0},"end":{"line":4,"column":35}},"6":{"start":{"line":8,"column":73},"end":{"line":8,"column":77}},"7":{"start":{"line":11,"column":2},"end":{"line":22,"column":3}},"8":{"start":{"line":12,"column":17},"end":{"line":16,"column":6}},"9":{"start":{"line":18,"column":4},"end":{"line":21,"column":6}},"10":{"start":{"line":24,"column":2},"end":{"line":24,"column":26}},"11":{"start":{"line":28,"column":24},"end":{"line":28,"column":87}},"12":{"start":{"line":29,"column":25},"end":{"line":29,"column":90}},"13":{"start":{"line":31,"column":2},"end":{"line":33,"column":3}},"14":{"start":{"line":32,"column":4},"end":{"line":32,"column":25}},"15":{"start":{"line":35,"column":2},"end":{"line":37,"column":3}},"16":{"start":{"line":36,"column":4},"end":{"line":36,"column":51}},"17":{"start":{"line":39,"column":2},"end":{"line":39,"column":42}},"18":{"start":{"line":43,"column":25},"end":{"line":43,"column":90}},"19":{"start":{"line":44,"column":22},"end":{"line":44,"column":78}},"20":{"start":{"line":46,"column":2},"end":{"line":48,"column":3}},"21":{"start":{"line":47,"column":4},"end":{"line":47,"column":64}},"22":{"start":{"line":50,"column":21},"end":{"line":50,"column":47}},"23":{"start":{"line":51,"column":20},"end":{"line":51,"column":105}},"24":{"start":{"line":52,"column":2},"end":{"line":54,"column":4}},"25":{"start":{"line":58,"column":2},"end":{"line":60,"column":3}},"26":{"start":{"line":59,"column":4},"end":{"line":59,"column":53}},"27":{"start":{"line":62,"column":2},"end":{"line":64,"column":3}},"28":{"start":{"line":63,"column":4},"end":{"line":63,"column":62}},"29":{"start":{"line":66,"column":2},"end":{"line":68,"column":3}},"30":{"start":{"line":67,"column":4},"end":{"line":67,"column":19}},"31":{"start":{"line":70,"column":2},"end":{"line":72,"column":3}},"32":{"start":{"line":71,"column":4},"end":{"line":71,"column":19}},"33":{"start":{"line":74,"column":2},"end":{"line":74,"column":17}},"34":{"start":{"line":78,"column":20},"end":{"line":78,"column":78}},"35":{"start":{"line":80,"column":2},"end":{"line":86,"column":3}},"36":{"start":{"line":81,"column":4},"end":{"line":85,"column":6}},"37":{"start":{"line":88,"column":2},"end":{"line":94,"column":3}},"38":{"start":{"line":89,"column":4},"end":{"line":93,"column":6}},"39":{"start":{"line":96,"column":2},"end":{"line":100,"column":4}},"40":{"start":{"line":104,"column":2},"end":{"line":106,"column":3}},"41":{"start":{"line":105,"column":4},"end":{"line":105,"column":16}},"42":{"start":{"line":108,"column":2},"end":{"line":110,"column":3}},"43":{"start":{"line":109,"column":4},"end":{"line":109,"column":94}},"44":{"start":{"line":112,"column":21},"end":{"line":112,"column":47}},"45":{"start":{"line":113,"column":22},"end":{"line":113,"column":78}},"46":{"start":{"line":114,"column":2},"end":{"line":114,"column":69}}},"fnMap":{"0":{"name":"getGeneratedKeyPair","decl":{"start":{"line":10,"column":9},"end":{"line":10,"column":28}},"loc":{"start":{"line":10,"column":28},"end":{"line":25,"column":1}}},"1":{"name":"loadPrivateKeyFromConfig","decl":{"start":{"line":27,"column":9},"end":{"line":27,"column":33}},"loc":{"start":{"line":27,"column":33},"end":{"line":40,"column":1}}},"2":{"name":"loadPublicKeysFromConfig","decl":{"start":{"line":42,"column":9},"end":{"line":42,"column":33}},"loc":{"start":{"line":42,"column":33},"end":{"line":55,"column":1}}},"3":{"name":"getJwtAlgorithm","decl":{"start":{"line":57,"column":16},"end":{"line":57,"column":31}},"loc":{"start":{"line":57,"column":69},"end":{"line":75,"column":1}}},"4":{"name":"getJwtSignContext","decl":{"start":{"line":77,"column":16},"end":{"line":77,"column":33}},"loc":{"start":{"line":77,"column":71},"end":{"line":101,"column":1}}},"5":{"name":"getJwtVerifyKey","decl":{"start":{"line":103,"column":16},"end":{"line":103,"column":31}},"loc":{"start":{"line":103,"column":65},"end":{"line":115,"column":1}}}},"branchMap":{"0":{"loc":{"start":{"line":11,"column":2},"end":{"line":22,"column":3}},"type":"if","locations":[{"start":{"line":11,"column":2},"end":{"line":22,"column":3}},{"start":{},"end":{}}]},"1":{"loc":{"start":{"line":28,"column":24},"end":{"line":28,"column":87}},"type":"binary-expr","locations":[{"start":{"line":28,"column":24},"end":{"line":28,"column":55}},{"start":{"line":28,"column":59},"end":{"line":28,"column":87}}]},"2":{"loc":{"start":{"line":29,"column":25},"end":{"line":29,"column":90}},"type":"binary-expr","locations":[{"start":{"line":29,"column":25},"end":{"line":29,"column":57}},{"start":{"line":29,"column":61},"end":{"line":29,"column":90}}]},"3":{"loc":{"start":{"line":31,"column":2},"end":{"line":33,"column":3}},"type":"if","locations":[{"start":{"line":31,"column":2},"end":{"line":33,"column":3}},{"start":{},"end":{}}]},"4":{"loc":{"start":{"line":35,"column":2},"end":{"line":37,"column":3}},"type":"if","locations":[{"start":{"line":35,"column":2},"end":{"line":37,"column":3}},{"start":{},"end":{}}]},"5":{"loc":{"start":{"line":43,"column":25},"end":{"line":43,"column":90}},"type":"binary-expr","locations":[{"start":{"line":43,"column":25},"end":{"line":43,"column":57}},{"start":{"line":43,"column":61},"end":{"line":43,"column":90}}]},"6":{"loc":{"start":{"line":44,"column":22},"end":{"line":44,"column":78}},"type":"binary-expr","locations":[{"start":{"line":44,"column":22},"end":{"line":44,"column":48}},{"start":{"line":44,"column":52},"end":{"line":44,"column":78}}]},"7":{"loc":{"start":{"line":46,"column":2},"end":{"line":48,"column":3}},"type":"if","locations":[{"start":{"line":46,"column":2},"end":{"line":48,"column":3}},{"start":{},"end":{}}]},"8":{"loc":{"start":{"line":58,"column":2},"end":{"line":60,"column":3}},"type":"if","locations":[{"start":{"line":58,"column":2},"end":{"line":60,"column":3}},{"start":{},"end":{}}]},"9":{"loc":{"start":{"line":62,"column":2},"end":{"line":64,"column":3}},"type":"if","locations":[{"start":{"line":62,"column":2},"end":{"line":64,"column":3}},{"start":{},"end":{}}]},"10":{"loc":{"start":{"line":66,"column":2},"end":{"line":68,"column":3}},"type":"if","locations":[{"start":{"line":66,"column":2},"end":{"line":68,"column":3}},{"start":{},"end":{}}]},"11":{"loc":{"start":{"line":66,"column":6},"end":{"line":66,"column":207}},"type":"binary-expr","locations":[{"start":{"line":66,"column":6},"end":{"line":66,"column":37}},{"start":{"line":66,"column":41},"end":{"line":66,"column":73}},{"start":{"line":66,"column":77},"end":{"line":66,"column":109}},{"start":{"line":66,"column":113},"end":{"line":66,"column":141}},{"start":{"line":66,"column":145},"end":{"line":66,"column":174}},{"start":{"line":66,"column":178},"end":{"line":66,"column":207}}]},"12":{"loc":{"start":{"line":70,"column":2},"end":{"line":72,"column":3}},"type":"if","locations":[{"start":{"line":70,"column":2},"end":{"line":72,"column":3}},{"start":{},"end":{}}]},"13":{"loc":{"start":{"line":70,"column":6},"end":{"line":70,"column":59}},"type":"binary-expr","locations":[{"start":{"line":70,"column":6},"end":{"line":70,"column":28}},{"start":{"line":70,"column":32},"end":{"line":70,"column":59}}]},"14":{"loc":{"start":{"line":80,"column":2},"end":{"line":86,"column":3}},"type":"if","locations":[{"start":{"line":80,"column":2},"end":{"line":86,"column":3}},{"start":{},"end":{}}]},"15":{"loc":{"start":{"line":88,"column":2},"end":{"line":94,"column":3}},"type":"if","locations":[{"start":{"line":88,"column":2},"end":{"line":94,"column":3}},{"start":{},"end":{}}]},"16":{"loc":{"start":{"line":91,"column":18},"end":{"line":91,"column":100}},"type":"binary-expr","locations":[{"start":{"line":91,"column":18},"end":{"line":91,"column":40}},{"start":{"line":91,"column":44},"end":{"line":91,"column":71}},{"start":{"line":91,"column":75},"end":{"line":91,"column":100}}]},"17":{"loc":{"start":{"line":99,"column":11},"end":{"line":99,"column":67}},"type":"binary-expr","locations":[{"start":{"line":99,"column":11},"end":{"line":99,"column":37}},{"start":{"line":99,"column":41},"end":{"line":99,"column":67}}]},"18":{"loc":{"start":{"line":104,"column":2},"end":{"line":106,"column":3}},"type":"if","locations":[{"start":{"line":104,"column":2},"end":{"line":106,"column":3}},{"start":{},"end":{}}]},"19":{"loc":{"start":{"line":108,"column":2},"end":{"line":110,"column":3}},"type":"if","locations":[{"start":{"line":108,"column":2},"end":{"line":110,"column":3}},{"start":{},"end":{}}]},"20":{"loc":{"start":{"line":109,"column":11},"end":{"line":109,"column":93}},"type":"binary-expr","locations":[{"start":{"line":109,"column":11},"end":{"line":109,"column":33}},{"start":{"line":109,"column":37},"end":{"line":109,"column":64}},{"start":{"line":109,"column":68},"end":{"line":109,"column":93}}]},"21":{"loc":{"start":{"line":113,"column":22},"end":{"line":113,"column":78}},"type":"binary-expr","locations":[{"start":{"line":113,"column":22},"end":{"line":113,"column":48}},{"start":{"line":113,"column":52},"end":{"line":113,"column":78}}]},"22":{"loc":{"start":{"line":114,"column":9},"end":{"line":114,"column":68}},"type":"binary-expr","locations":[{"start":{"line":114,"column":9},"end":{"line":114,"column":41}},{"start":{"line":114,"column":45},"end":{"line":114,"column":68}}]},"23":{"loc":{"start":{"line":114,"column":20},"end":{"line":114,"column":40}},"type":"binary-expr","locations":[{"start":{"line":114,"column":20},"end":{"line":114,"column":25}},{"start":{"line":114,"column":29},"end":{"line":114,"column":40}}]}},"s":{"0":46,"1":46,"2":46,"3":46,"4":46,"5":46,"6":46,"7":0,"8":0,"9":0,"10":0,"11":0,"12":0,"13":0,"14":0,"15":0,"16":0,"17":0,"18":0,"19":0,"20":0,"21":0,"22":0,"23":0,"24":0,"25":1032,"26":0,"27":1032,"28":0,"29":1032,"30":0,"31":1032,"32":1032,"33":0,"34":15,"35":15,"36":0,"37":15,"38":15,"39":0,"40":1017,"41":0,"42":1017,"43":1017,"44":0,"45":0,"46":0},"f":{"0":0,"1":0,"2":0,"3":1032,"4":15,"5":1017},"b":{"0":[0,0],"1":[0,0],"2":[0,0],"3":[0,0],"4":[0,0],"5":[0,0],"6":[0,0],"7":[0,0],"8":[0,1032],"9":[0,1032],"10":[0,1032],"11":[1032,1032,1032,1032,1032,1032],"12":[1032,0],"13":[1032,0],"14":[0,15],"15":[15,0],"16":[15,0,0],"17":[0,0],"18":[0,1017],"19":[1017,0],"20":[1017,0,0],"21":[0,0],"22":[0,0],"23":[0,0]}}
,"C:\\Users\\jkmag\\Development\\api-authentication-models-evaluation\\src\\jwt\\jwt.middleware.ts": {"path":"C:\\Users\\jkmag\\Development\\api-authentication-models-evaluation\\src\\jwt\\jwt.middleware.ts","statementMap":{"0":{"start":{"line":4,"column":0},"end":{"line":4,"column":16}},"1":{"start":{"line":2,"column":0},"end":{"line":2,"column":42}},"2":{"start":{"line":5,"column":17},"end":{"line":5,"column":42}},"3":{"start":{"line":7,"column":2},"end":{"line":9,"column":3}},"4":{"start":{"line":8,"column":4},"end":{"line":8,"column":66}},"5":{"start":{"line":11,"column":16},"end":{"line":11,"column":36}},"6":{"start":{"line":13,"column":2},"end":{"line":39,"column":3}},"7":{"start":{"line":14,"column":20},"end":{"line":14,"column":36}},"8":{"start":{"line":16,"column":4},"end":{"line":18,"column":5}},"9":{"start":{"line":17,"column":6},"end":{"line":17,"column":64}},"10":{"start":{"line":20,"column":29},"end":{"line":20,"column":72}},"11":{"start":{"line":21,"column":27},"end":{"line":21,"column":71}},"12":{"start":{"line":23,"column":4},"end":{"line":25,"column":5}},"13":{"start":{"line":24,"column":6},"end":{"line":24,"column":64}},"14":{"start":{"line":27,"column":4},"end":{"line":29,"column":5}},"15":{"start":{"line":28,"column":6},"end":{"line":28,"column":64}},"16":{"start":{"line":31,"column":5},"end":{"line":31,"column":41}},"17":{"start":{"line":32,"column":4},"end":{"line":32,"column":18}},"18":{"start":{"line":34,"column":4},"end":{"line":36,"column":5}},"19":{"start":{"line":35,"column":6},"end":{"line":35,"column":64}},"20":{"start":{"line":38,"column":4},"end":{"line":38,"column":62}}},"fnMap":{"0":{"name":"jwtAuth","decl":{"start":{"line":4,"column":16},"end":{"line":4,"column":23}},"loc":{"start":{"line":4,"column":71},"end":{"line":40,"column":1}}}},"branchMap":{"0":{"loc":{"start":{"line":7,"column":2},"end":{"line":9,"column":3}},"type":"if","locations":[{"start":{"line":7,"column":2},"end":{"line":9,"column":3}},{"start":{},"end":{}}]},"1":{"loc":{"start":{"line":16,"column":4},"end":{"line":18,"column":5}},"type":"if","locations":[{"start":{"line":16,"column":4},"end":{"line":18,"column":5}},{"start":{},"end":{}}]},"2":{"loc":{"start":{"line":16,"column":8},"end":{"line":16,"column":62}},"type":"binary-expr","locations":[{"start":{"line":16,"column":8},"end":{"line":16,"column":24}},{"start":{"line":16,"column":28},"end":{"line":16,"column":62}}]},"3":{"loc":{"start":{"line":20,"column":29},"end":{"line":20,"column":72}},"type":"binary-expr","locations":[{"start":{"line":20,"column":29},"end":{"line":20,"column":53}},{"start":{"line":20,"column":57},"end":{"line":20,"column":72}}]},"4":{"loc":{"start":{"line":21,"column":27},"end":{"line":21,"column":71}},"type":"binary-expr","locations":[{"start":{"line":21,"column":27},"end":{"line":21,"column":49}},{"start":{"line":21,"column":53},"end":{"line":21,"column":71}}]},"5":{"loc":{"start":{"line":23,"column":4},"end":{"line":25,"column":5}},"type":"if","locations":[{"start":{"line":23,"column":4},"end":{"line":25,"column":5}},{"start":{},"end":{}}]},"6":{"loc":{"start":{"line":23,"column":8},"end":{"line":23,"column":55}},"type":"binary-expr","locations":[{"start":{"line":23,"column":8},"end":{"line":23,"column":19}},{"start":{"line":23,"column":23},"end":{"line":23,"column":55}}]},"7":{"loc":{"start":{"line":27,"column":4},"end":{"line":29,"column":5}},"type":"if","locations":[{"start":{"line":27,"column":4},"end":{"line":29,"column":5}},{"start":{},"end":{}}]},"8":{"loc":{"start":{"line":27,"column":8},"end":{"line":27,"column":53}},"type":"binary-expr","locations":[{"start":{"line":27,"column":8},"end":{"line":27,"column":19}},{"start":{"line":27,"column":23},"end":{"line":27,"column":53}}]},"9":{"loc":{"start":{"line":34,"column":4},"end":{"line":36,"column":5}},"type":"if","locations":[{"start":{"line":34,"column":4},"end":{"line":36,"column":5}},{"start":{},"end":{}}]}},"s":{"0":45,"1":45,"2":2019,"3":2019,"4":2,"5":2017,"6":2017,"7":2017,"8":7,"9":1,"10":6,"11":6,"12":6,"13":1,"14":5,"15":1,"16":4,"17":4,"18":2010,"19":3,"20":2007},"f":{"0":2019},"b":{"0":[2,2017],"1":[1,6],"2":[7,6],"3":[6,6],"4":[6,6],"5":[1,5],"6":[6,5],"7":[1,4],"8":[5,4],"9":[3,2007]}}
,"C:\\Users\\jkmag\\Development\\api-authentication-models-evaluation\\src\\jwt\\jwt.routes.ts": {"path":"C:\\Users\\jkmag\\Development\\api-authentication-models-evaluation\\src\\jwt\\jwt.routes.ts","statementMap":{"0":{"start":{"line":1,"column":0},"end":{"line":1,"column":33}},"1":{"start":{"line":2,"column":0},"end":{"line":2,"column":58}},"2":{"start":{"line":3,"column":0},"end":{"line":3,"column":43}},"3":{"start":{"line":4,"column":0},"end":{"line":4,"column":60}},"4":{"start":{"line":5,"column":0},"end":{"line":5,"column":56}},"5":{"start":{"line":7,"column":15},"end":{"line":7,"column":23}},"6":{"start":{"line":9,"column":0},"end":{"line":9,"column":60}},"7":{"start":{"line":10,"column":0},"end":{"line":10,"column":48}},"8":{"start":{"line":12,"column":0},"end":{"line":12,"column":22}}},"fnMap":{},"branchMap":{},"s":{"0":44,"1":44,"2":44,"3":44,"4":44,"5":44,"6":44,"7":44,"8":44},"f":{},"b":{}}
,"C:\\Users\\jkmag\\Development\\api-authentication-models-evaluation\\src\\jwt\\jwt.service.ts": {"path":"C:\\Users\\jkmag\\Development\\api-authentication-models-evaluation\\src\\jwt\\jwt.service.ts","statementMap":{"0":{"start":{"line":22,"column":0},"end":{"line":22,"column":16}},"1":{"start":{"line":50,"column":0},"end":{"line":50,"column":16}},"2":{"start":{"line":67,"column":0},"end":{"line":67,"column":7}},"3":{"start":{"line":1,"column":0},"end":{"line":1,"column":48}},"4":{"start":{"line":2,"column":0},"end":{"line":2,"column":72}},"5":{"start":{"line":3,"column":0},"end":{"line":3,"column":59}},"6":{"start":{"line":4,"column":0},"end":{"line":4,"column":35}},"7":{"start":{"line":5,"column":0},"end":{"line":5,"column":109}},"8":{"start":{"line":8,"column":27},"end":{"line":8,"column":48}},"9":{"start":{"line":9,"column":2},"end":{"line":9,"column":95}},"10":{"start":{"line":13,"column":27},"end":{"line":13,"column":48}},"11":{"start":{"line":14,"column":2},"end":{"line":14,"column":89}},"12":{"start":{"line":18,"column":27},"end":{"line":18,"column":48}},"13":{"start":{"line":19,"column":2},"end":{"line":19,"column":96}},"14":{"start":{"line":23,"column":27},"end":{"line":23,"column":48}},"15":{"start":{"line":24,"column":43},"end":{"line":24,"column":93}},"16":{"start":{"line":25,"column":35},"end":{"line":30,"column":4}},"17":{"start":{"line":32,"column":2},"end":{"line":34,"column":3}},"18":{"start":{"line":33,"column":4},"end":{"line":33,"column":30}},"19":{"start":{"line":36,"column":2},"end":{"line":41,"column":3}},"20":{"start":{"line":37,"column":4},"end":{"line":40,"column":7}},"21":{"start":{"line":43,"column":2},"end":{"line":47,"column":4}},"22":{"start":{"line":51,"column":24},"end":{"line":51,"column":61}},"23":{"start":{"line":52,"column":17},"end":{"line":54,"column":15}},"24":{"start":{"line":55,"column":28},"end":{"line":55,"column":81}},"25":{"start":{"line":56,"column":33},"end":{"line":58,"column":40}},"26":{"start":{"line":59,"column":14},"end":{"line":59,"column":65}},"27":{"start":{"line":60,"column":21},"end":{"line":60,"column":87}},"28":{"start":{"line":62,"column":2},"end":{"line":64,"column":66}},"29":{"start":{"line":68,"column":2},"end":{"line":68,"column":38}}},"fnMap":{"0":{"name":"getJwtAudience","decl":{"start":{"line":7,"column":9},"end":{"line":7,"column":23}},"loc":{"start":{"line":7,"column":23},"end":{"line":10,"column":1}}},"1":{"name":"getJwtIssuer","decl":{"start":{"line":12,"column":9},"end":{"line":12,"column":21}},"loc":{"start":{"line":12,"column":21},"end":{"line":15,"column":1}}},"2":{"name":"getJwtExpiry","decl":{"start":{"line":17,"column":9},"end":{"line":17,"column":21}},"loc":{"start":{"line":17,"column":21},"end":{"line":20,"column":1}}},"3":{"name":"generateJwt","decl":{"start":{"line":22,"column":16},"end":{"line":22,"column":27}},"loc":{"start":{"line":22,"column":42},"end":{"line":48,"column":1}}},"4":{"name":"verifyJwt","decl":{"start":{"line":50,"column":16},"end":{"line":50,"column":25}},"loc":{"start":{"line":50,"column":39},"end":{"line":65,"column":1}}},"5":{"name":"findUserByEmail","decl":{"start":{"line":67,"column":22},"end":{"line":67,"column":37}},"loc":{"start":{"line":67,"column":51},"end":{"line":69,"column":1}}}},"branchMap":{"0":{"loc":{"start":{"line":9,"column":9},"end":{"line":9,"column":94}},"type":"binary-expr","locations":[{"start":{"line":9,"column":9},"end":{"line":9,"column":39}},{"start":{"line":9,"column":43},"end":{"line":9,"column":67}},{"start":{"line":9,"column":71},"end":{"line":9,"column":94}}]},"1":{"loc":{"start":{"line":14,"column":9},"end":{"line":14,"column":88}},"type":"binary-expr","locations":[{"start":{"line":14,"column":9},"end":{"line":14,"column":37}},{"start":{"line":14,"column":41},"end":{"line":14,"column":63}},{"start":{"line":14,"column":67},"end":{"line":14,"column":88}}]},"2":{"loc":{"start":{"line":19,"column":9},"end":{"line":19,"column":95}},"type":"binary-expr","locations":[{"start":{"line":19,"column":9},"end":{"line":19,"column":37}},{"start":{"line":19,"column":41},"end":{"line":19,"column":67}},{"start":{"line":19,"column":71},"end":{"line":19,"column":95}}]},"3":{"loc":{"start":{"line":32,"column":2},"end":{"line":34,"column":3}},"type":"if","locations":[{"start":{"line":32,"column":2},"end":{"line":34,"column":3}},{"start":{},"end":{}}]},"4":{"loc":{"start":{"line":36,"column":2},"end":{"line":41,"column":3}},"type":"if","locations":[{"start":{"line":36,"column":2},"end":{"line":41,"column":3}},{"start":{},"end":{}}]},"5":{"loc":{"start":{"line":52,"column":17},"end":{"line":54,"column":15}},"type":"cond-expr","locations":[{"start":{"line":53,"column":6},"end":{"line":53,"column":60}},{"start":{"line":54,"column":6},"end":{"line":54,"column":15}}]},"6":{"loc":{"start":{"line":52,"column":17},"end":{"line":52,"column":96}},"type":"binary-expr","locations":[{"start":{"line":52,"column":17},"end":{"line":52,"column":50}},{"start":{"line":52,"column":54},"end":{"line":52,"column":67}},{"start":{"line":52,"column":71},"end":{"line":52,"column":96}}]},"7":{"loc":{"start":{"line":56,"column":33},"end":{"line":58,"column":40}},"type":"cond-expr","locations":[{"start":{"line":57,"column":6},"end":{"line":57,"column":12}},{"start":{"line":58,"column":7},"end":{"line":58,"column":39}}]},"8":{"loc":{"start":{"line":58,"column":7},"end":{"line":58,"column":39}},"type":"binary-expr","locations":[{"start":{"line":58,"column":7},"end":{"line":58,"column":18}},{"start":{"line":58,"column":22},"end":{"line":58,"column":39}}]}},"s":{"0":46,"1":46,"2":46,"3":46,"4":46,"5":46,"6":46,"7":46,"8":15,"9":15,"10":15,"11":15,"12":15,"13":15,"14":15,"15":15,"16":15,"17":15,"18":0,"19":15,"20":0,"21":15,"22":2017,"23":1017,"24":1017,"25":1017,"26":1017,"27":1017,"28":1017,"29":0},"f":{"0":15,"1":15,"2":15,"3":15,"4":2017,"5":0},"b":{"0":[15,15,15],"1":[15,15,15],"2":[15,15,15],"3":[0,15],"4":[0,15],"5":[13,1004],"6":[1017,1017,13],"7":[0,1017],"8":[1017,1004]}}
,"C:\\Users\\jkmag\\Development\\api-authentication-models-evaluation\\src\\middleware\\errorHandler.ts": {"path":"C:\\Users\\jkmag\\Development\\api-authentication-models-evaluation\\src\\middleware\\errorHandler.ts","statementMap":{"0":{"start":{"line":4,"column":0},"end":{"line":4,"column":16}},"1":{"start":{"line":2,"column":0},"end":{"line":2,"column":32}},"2":{"start":{"line":5,"column":2},"end":{"line":7,"column":3}},"3":{"start":{"line":6,"column":4},"end":{"line":6,"column":21}},"4":{"start":{"line":9,"column":17},"end":{"line":9,"column":34}},"5":{"start":{"line":10,"column":18},"end":{"line":10,"column":56}},"6":{"start":{"line":12,"column":2},"end":{"line":19,"column":3}},"7":{"start":{"line":13,"column":4},"end":{"line":18,"column":7}},"8":{"start":{"line":21,"column":2},"end":{"line":21,"column":46}}},"fnMap":{"0":{"name":"errorHandler","decl":{"start":{"line":4,"column":16},"end":{"line":4,"column":28}},"loc":{"start":{"line":4,"column":86},"end":{"line":22,"column":1}}}},"branchMap":{"0":{"loc":{"start":{"line":5,"column":2},"end":{"line":7,"column":3}},"type":"if","locations":[{"start":{"line":5,"column":2},"end":{"line":7,"column":3}},{"start":{},"end":{}}]},"1":{"loc":{"start":{"line":9,"column":17},"end":{"line":9,"column":34}},"type":"binary-expr","locations":[{"start":{"line":9,"column":17},"end":{"line":9,"column":27}},{"start":{"line":9,"column":31},"end":{"line":9,"column":34}}]},"2":{"loc":{"start":{"line":10,"column":18},"end":{"line":10,"column":56}},"type":"binary-expr","locations":[{"start":{"line":10,"column":18},"end":{"line":10,"column":29}},{"start":{"line":10,"column":33},"end":{"line":10,"column":56}}]},"3":{"loc":{"start":{"line":12,"column":2},"end":{"line":19,"column":3}},"type":"if","locations":[{"start":{"line":12,"column":2},"end":{"line":19,"column":3}},{"start":{},"end":{}}]}},"s":{"0":44,"1":44,"2":3,"3":0,"4":3,"5":3,"6":3,"7":0,"8":3},"f":{"0":3},"b":{"0":[0,3],"1":[3,0],"2":[3,0],"3":[0,3]}}
,"C:\\Users\\jkmag\\Development\\api-authentication-models-evaluation\\src\\middleware\\rateLimiter.ts": {"path":"C:\\Users\\jkmag\\Development\\api-authentication-models-evaluation\\src\\middleware\\rateLimiter.ts","statementMap":{"0":{"start":{"line":1,"column":0},"end":{"line":1,"column":43}},"1":{"start":{"line":2,"column":0},"end":{"line":2,"column":39}},"2":{"start":{"line":4,"column":20},"end":{"line":13,"column":2}},"3":{"start":{"line":16,"column":9},"end":{"line":16,"column":20}},"4":{"start":{"line":15,"column":0},"end":{"line":15,"column":27}}},"fnMap":{},"branchMap":{},"s":{"0":45,"1":45,"2":45,"3":45,"4":45},"f":{},"b":{}}
[...]
p":{"0":{"start":{"line":27,"column":0},"end":{"line":27,"column":7}},"1":{"start":{"line":79,"column":0},"end":{"line":79,"column":7}},"2":{"start":{"line":90,"column":0},"end":{"line":90,"column":16}},"3":{"start":{"line":1,"column":0},"end":{"line":1,"column":31}},"4":{"start":{"line":2,"column":0},"end":{"line":2,"column":28}},"5":{"start":{"line":3,"column":0},"end":{"line":3,"column":35}},"6":{"start":{"line":9,"column":2},"end":{"line":9,"column":54}},"7":{"start":{"line":13,"column":2},"end":{"line":13,"column":65}},"8":{"start":{"line":20,"column":2},"end":{"line":20,"column":52}},"9":{"start":{"line":28,"column":14},"end":{"line":28,"column":24}},"10":{"start":{"line":30,"column":22},"end":{"line":39,"column":4}},"11":{"start":{"line":41,"column":2},"end":{"line":43,"column":3}},"12":{"start":{"line":42,"column":4},"end":{"line":42,"column":16}},"13":{"start":{"line":45,"column":19},"end":{"line":47,"column":4}},"14":{"start":{"line":49,"column":2},"end":{"line":49,"column":29}},"15":{"start":{"line":49,"column":17},"end":{"line":49,"column":29}},"16":{"start":{"line":51,"column":22},"end":{"line":51,"column":37}},"17":{"start":{"line":52,"column":23},"end":{"line":52,"column":38}},"18":{"start":{"line":55,"column":16},"end":{"line":64,"column":4}},"19":{"start":{"line":67,"column":2},"end":{"line":67,"column":66}},"20":{"start":{"line":69,"column":2},"end":{"line":73,"column":4}},"21":{"start":{"line":80,"column":17},"end":{"line":82,"column":4}},"22":{"start":{"line":84,"column":2},"end":{"line":84,"column":27}},"23":{"start":{"line":84,"column":15},"end":{"line":84,"column":27}},"24":{"start":{"line":85,"column":2},"end":{"line":85,"column":49}},"25":{"start":{"line":85,"column":37},"end":{"line":85,"column":49}},"26":{"start":{"line":87,"column":2},"end":{"line":87,"column":16}},"27":{"start":{"line":91,"column":2},"end":{"line":91,"column":26}}},"fnMap":{"0":{"name":"generateToken","decl":{"start":{"line":8,"column":9},"end":{"line":8,"column":22}},"loc":{"start":{"line":8,"column":22},"end":{"line":10,"column":1}}},"1":{"name":"hashToken","decl":{"start":{"line":12,"column":9},"end":{"line":12,"column":18}},"loc":{"start":{"line":12,"column":32},"end":{"line":14,"column":1}}},"2":{"name":"expiresIn","decl":{"start":{"line":19,"column":9},"end":{"line":19,"column":18}},"loc":{"start":{"line":19,"column":34},"end":{"line":21,"column":1}}},"3":{"name":"exchangeCodeForToken","decl":{"start":{"line":27,"column":22},"end":{"line":27,"column":42}},"loc":{"start":{"line":27,"column":55},"end":{"line":74,"column":1}}},"4":{"name":"validateAccessToken","decl":{"start":{"line":79,"column":22},"end":{"line":79,"column":41}},"loc":{"start":{"line":79,"column":61},"end":{"line":88,"column":1}}},"5":{"name":"hashOpaqueToken","decl":{"start":{"line":90,"column":16},"end":{"line":90,"column":31}},"loc":{"start":{"line":90,"column":45},"end":{"line":92,"column":1}}}},"branchMap":{"0":{"loc":{"start":{"line":41,"column":2},"end":{"line":43,"column":3}},"type":"if","locations":[{"start":{"line":41,"column":2},"end":{"line":43,"column":3}},{"start":{},"end":{}}]},"1":{"loc":{"start":{"line":49,"column":2},"end":{"line":49,"column":29}},"type":"if","locations":[{"start":{"line":49,"column":2},"end":{"line":49,"column":29}},{"start":{},"end":{}}]},"2":{"loc":{"start":{"line":84,"column":2},"end":{"line":84,"column":27}},"type":"if","locations":[{"start":{"line":84,"column":2},"end":{"line":84,"column":27}},{"start":{},"end":{}}]},"3":{"loc":{"start":{"line":85,"column":2},"end":{"line":85,"column":49}},"type":"if","locations":[{"start":{"line":85,"column":2},"end":{"line":85,"column":49}},{"start":{},"end":{}}]}},"s":{"0":45,"1":45,"2":45,"3":45,"4":45,"5":45,"6":18,"7":66,"8":0,"9":14,"10":14,"11":14,"12":5,"13":9,"14":9,"15":0,"16":9,"17":9,"18":9,"19":9,"20":9,"21":2,"22":2,"23":2,"24":0,"25":0,"26":0,"27":46},"f":{"0":18,"1":66,"2":0,"3":14,"4":2,"5":46},"b":{"0":[5,9],"1":[0,9],"2":[2,0],"3":[0,0]}}
,"C:\\Users\\jkmag\\Development\\api-authentication-models-evaluation\\src\\oauth\\rateLimit.ts": {"path":"C:\\Users\\jkmag\\Development\\api-authentication-models-evaluation\\src\\oauth\\rateLimit.ts","statementMap":{"0":{"start":{"line":1,"column":0},"end":{"line":1,"column":43}},"1":{"start":{"line":3,"column":13},"end":{"line":12,"column":3}}},"fnMap":{},"branchMap":{},"s":{"0":44,"1":44},"f":{},"b":{}}
,"C:\\Users\\jkmag\\Development\\api-authentication-models-evaluation\\src\\security\\audit.service.ts": {"path":"C:\\Users\\jkmag\\Development\\api-authentication-models-evaluation\\src\\security\\audit.service.ts","statementMap":{"0":{"start":{"line":14,"column":0},"end":{"line":14,"column":7}},"1":{"start":{"line":2,"column":0},"end":{"line":2,"column":31}},"2":{"start":{"line":3,"column":0},"end":{"line":3,"column":32}},"3":{"start":{"line":15,"column":2},"end":{"line":31,"column":3}},"4":{"start":{"line":16,"column":4},"end":{"line":25,"column":7}},"5":{"start":{"line":27,"column":4},"end":{"line":30,"column":7}}},"fnMap":{"0":{"name":"writeAuditEvent","decl":{"start":{"line":14,"column":22},"end":{"line":14,"column":37}},"loc":{"start":{"line":14,"column":60},"end":{"line":32,"column":1}}}},"branchMap":{"0":{"loc":{"start":{"line":18,"column":16},"end":{"line":18,"column":36}},"type":"binary-expr","locations":[{"start":{"line":18,"column":16},"end":{"line":18,"column":28}},{"start":{"line":18,"column":32},"end":{"line":18,"column":36}}]},"1":{"loc":{"start":{"line":21,"column":19},"end":{"line":21,"column":42}},"type":"binary-expr","locations":[{"start":{"line":21,"column":19},"end":{"line":21,"column":34}},{"start":{"line":21,"column":38},"end":{"line":21,"column":42}}]},"2":{"loc":{"start":{"line":22,"column":19},"end":{"line":22,"column":42}},"type":"binary-expr","locations":[{"start":{"line":22,"column":19},"end":{"line":22,"column":34}},{"start":{"line":22,"column":38},"end":{"line":22,"column":42}}]},"3":{"loc":{"start":{"line":29,"column":13},"end":{"line":29,"column":67}},"type":"cond-expr","locations":[{"start":{"line":29,"column":38},"end":{"line":29,"column":51}},{"start":{"line":29,"column":54},"end":{"line":29,"column":67}}]}},"s":{"0":46,"1":46,"2":46,"3":80,"4":80,"5":2},"f":{"0":80},"b":{"0":[78,5],"1":[78,0],"2":[78,78],"3":[2,0]}}
,"C:\\Users\\jkmag\\Development\\api-authentication-models-evaluation\\src\\sessions\\session.service.ts": {"path":"C:\\Users\\jkmag\\Development\\api-authentication-models-evaluation\\src\\sessions\\session.service.ts","statementMap":{"0":{"start":{"line":5,"column":0},"end":{"line":5,"column":7}},"1":{"start":{"line":14,"column":0},"end":{"line":14,"column":7}},"2":{"start":{"line":26,"column":0},"end":{"line":26,"column":7}},"3":{"start":{"line":32,"column":0},"end":{"line":32,"column":7}},"4":{"start":{"line":39,"column":0},"end":{"line":39,"column":7}},"5":{"start":{"line":1,"column":0},"end":{"line":1,"column":31}},"6":{"start":{"line":6,"column":2},"end":{"line":11,"column":5}},"7":{"start":{"line":15,"column":2},"end":{"line":15,"column":64}},"8":{"start":{"line":17,"column":2},"end":{"line":23,"column":5}},"9":{"start":{"line":27,"column":2},"end":{"line":29,"column":5}},"10":{"start":{"line":33,"column":2},"end":{"line":35,"column":5}},"11":{"start":{"line":40,"column":2},"end":{"line":42,"column":5}}},"fnMap":{"0":{"name":"createSession","decl":{"start":{"line":5,"column":22},"end":{"line":5,"column":35}},"loc":{"start":{"line":5,"column":50},"end":{"line":12,"column":1}}},"1":{"name":"createSessionWithId","decl":{"start":{"line":14,"column":22},"end":{"line":14,"column":41}},"loc":{"start":{"line":14,"column":75},"end":{"line":24,"column":1}}},"2":{"name":"deleteSession","decl":{"start":{"line":26,"column":22},"end":{"line":26,"column":35}},"loc":{"start":{"line":26,"column":53},"end":{"line":30,"column":1}}},"3":{"name":"findSession","decl":{"start":{"line":32,"column":22},"end":{"line":32,"column":33}},"loc":{"start":{"line":32,"column":51},"end":{"line":36,"column":1}}},"4":{"name":"findUserByEmail","decl":{"start":{"line":39,"column":22},"end":{"line":39,"column":37}},"loc":{"start":{"line":39,"column":51},"end":{"line":43,"column":1}}}},"branchMap":{},"s":{"0":46,"1":46,"2":46,"3":46,"4":46,"5":46,"6":13,"7":0,"8":0,"9":7,"10":1017,"11":0},"f":{"0":13,"1":0,"2":7,"3":1017,"4":0},"b":{}}
,"C:\\Users\\jkmag\\Development\\api-authentication-models-evaluation\\src\\sessions\\sessions.controller.ts": {"path":"C:\\Users\\jkmag\\Development\\api-authentication-models-evaluation\\src\\sessions\\sessions.controller.ts","statementMap":{"0":{"start":{"line":11,"column":0},"end":{"line":11,"column":7}},"1":{"start":{"line":65,"column":0},"end":{"line":65,"column":7}},"2":{"start":{"line":86,"column":0},"end":{"line":86,"column":16}},"3":{"start":{"line":2,"column":0},"end":{"line":2,"column":47}},"4":{"start":{"line":3,"column":0},"end":{"line":3,"column":51}},"5":{"start":{"line":4,"column":0},"end":{"line":4,"column":50}},"6":{"start":{"line":5,"column":0},"end":{"line":5,"column":71}},"7":{"start":{"line":6,"column":0},"end":{"line":6,"column":59}},"8":{"start":{"line":7,"column":0},"end":{"line":7,"column":35}},"9":{"start":{"line":8,"column":0},"end":{"line":8,"column":70}},"10":{"start":{"line":9,"column":0},"end":{"line":9,"column":60}},"11":{"start":{"line":12,"column":2},"end":{"line":62,"column":3}},"12":{"start":{"line":13,"column":29},"end":{"line":13,"column":50}},"13":{"start":{"line":14,"column":30},"end":{"line":14,"column":82}},"14":{"start":{"line":15,"column":34},"end":{"line":15,"column":67}},"15":{"start":{"line":17,"column":41},"end":{"line":17,"column":49}},"16":{"start":{"line":19,"column":17},"end":{"line":19,"column":45}},"17":{"start":{"line":20,"column":4},"end":{"line":23,"column":5}},"18":{"start":{"line":21,"column":6},"end":{"line":21,"column":154}},"19":{"start":{"line":22,"column":6},"end":{"line":22,"column":70}},"20":{"start":{"line":25,"column":18},"end":{"line":25,"column":64}},"21":{"start":{"line":26,"column":4},"end":{"line":29,"column":5}},"22":{"start":{"line":27,"column":6},"end":{"line":27,"column":150}},"23":{"start":{"line":28,"column":6},"end":{"line":28,"column":70}},"24":{"start":{"line":31,"column":21},"end":{"line":31,"column":63}},"25":{"start":{"line":32,"column":4},"end":{"line":35,"column":5}},"26":{"start":{"line":33,"column":6},"end":{"line":33,"column":179}},"27":{"start":{"line":34,"column":6},"end":{"line":34,"column":79}},"28":{"start":{"line":37,"column":30},"end":{"line":37,"column":52}},"29":{"start":{"line":38,"column":4},"end":{"line":40,"column":5}},"30":{"start":{"line":39,"column":6},"end":{"line":39,"column":68}},"31":{"start":{"line":39,"column":57},"end":{"line":39,"column":66}},"32":{"start":{"line":42,"column":20},"end":{"line":44,"column":36}},"33":{"start":{"line":46,"column":4},"end":{"line":52,"column":7}},"34":{"start":{"line":54,"column":4},"end":{"line":54,"column":148}},"35":{"start":{"line":56,"column":4},"end":{"line":59,"column":7}},"36":{"start":{"line":61,"column":4},"end":{"line":61,"column":14}},"37":{"start":{"line":66,"column":27},"end":{"line":66,"column":48}},"38":{"start":{"line":67,"column":36},"end":{"line":67,"column":96}},"39":{"start":{"line":68,"column":20},"end":{"line":68,"column":41}},"40":{"start":{"line":70,"column":2},"end":{"line":72,"column":3}},"41":{"start":{"line":71,"column":4},"end":{"line":71,"column":35}},"42":{"start":{"line":74,"column":2},"end":{"line":79,"column":5}},"43":{"start":{"line":81,"column":2},"end":{"line":81,"column":130}},"44":{"start":{"line":83,"column":2},"end":{"line":83,"column":45}},"45":{"start":{"line":87,"column":2},"end":{"line":90,"column":5}}},"fnMap":{"0":{"name":"loginWithSession","decl":{"start":{"line":11,"column":22},"end":{"line":11,"column":38}},"loc":{"start":{"line":11,"column":86},"end":{"line":63,"column":1}}},"1":{"name":"(anonymous_2)","decl":{"start":{"line":39,"column":51},"end":{"line":39,"column":54}},"loc":{"start":{"line":39,"column":57},"end":{"line":39,"column":66}}},"2":{"name":"logoutSession","decl":{"start":{"line":65,"column":22},"end":{"line":65,"column":35}},"loc":{"start":{"line":65,"column":63},"end":{"line":84,"column":1}}},"3":{"name":"getSessionProtected","decl":{"start":{"line":86,"column":16},"end":{"line":86,"column":35}},"loc":{"start":{"line":86,"column":63},"end":{"line":91,"column":1}}}},"branchMap":{"0":{"loc":{"start":{"line":14,"column":30},"end":{"line":14,"column":82}},"type":"binary-expr","locations":[{"start":{"line":14,"column":30},"end":{"line":14,"column":74}},{"start":{"line":14,"column":78},"end":{"line":14,"column":82}}]},"1":{"loc":{"start":{"line":20,"column":4},"end":{"line":23,"column":5}},"type":"if","locations":[{"start":{"line":20,"column":4},"end":{"line":23,"column":5}},{"start":{},"end":{}}]},"2":{"loc":{"start":{"line":26,"column":4},"end":{"line":29,"column":5}},"type":"if","locations":[{"start":{"line":26,"column":4},"end":{"line":29,"column":5}},{"start":{},"end":{}}]},"3":{"loc":{"start":{"line":32,"column":4},"end":{"line":35,"column":5}},"type":"if","locations":[{"start":{"line":32,"column":4},"end":{"line":35,"column":5}},{"start":{},"end":{}}]},"4":{"loc":{"start":{"line":38,"column":4},"end":{"line":40,"column":5}},"type":"if","locations":[{"start":{"line":38,"column":4},"end":{"line":40,"column":5}},{"start":{},"end":{}}]},"5":{"loc":{"start":{"line":38,"column":8},"end":{"line":38,"column":46}},"type":"binary-expr","locations":[{"start":{"line":38,"column":8},"end":{"line":38,"column":25}},{"start":{"line":38,"column":29},"end":{"line":38,"column":46}}]},"6":{"loc":{"start":{"line":42,"column":20},"end":{"line":44,"column":36}},"type":"cond-expr","locations":[{"start":{"line":43,"column":8},"end":{"line":43,"column":61}},{"start":{"line":44,"column":8},"end":{"line":44,"column":36}}]},"7":{"loc":{"start":{"line":42,"column":20},"end":{"line":42,"column":59}},"type":"binary-expr","locations":[{"start":{"line":42,"column":20},"end":{"line":42,"column":37}},{"start":{"line":42,"column":41},"end":{"line":42,"column":59}}]},"8":{"loc":{"start":{"line":47,"column":16},"end":{"line":47,"column":77}},"type":"binary-expr","locations":[{"start":{"line":47,"column":16},"end":{"line":47,"column":47}},{"start":{"line":47,"column":51},"end":{"line":47,"column":77}}]},"9":{"loc":{"start":{"line":48,"column":14},"end":{"line":48,"column":71}},"type":"binary-expr","locations":[{"start":{"line":48,"column":14},"end":{"line":48,"column":43}},{"start":{"line":48,"column":47},"end":{"line":48,"column":71}}]},"10":{"loc":{"start":{"line":49,"column":16},"end":{"line":49,"column":77}},"type":"binary-expr","locations":[{"start":{"line":49,"column":16},"end":{"line":49,"column":47}},{"start":{"line":49,"column":51},"end":{"line":49,"column":77}}]},"11":{"loc":{"start":{"line":67,"column":36},"end":{"line":67,"column":96}},"type":"binary-expr","locations":[{"start":{"line":67,"column":36},"end":{"line":67,"column":88}},{"start":{"line":67,"column":92},"end":{"line":67,"column":96}}]},"12":{"loc":{"start":{"line":70,"column":2},"end":{"line":72,"column":3}},"type":"if","locations":[{"start":{"line":70,"column":2},"end":{"line":72,"column":3}},{"start":{},"end":{}}]},"13":{"loc":{"start":{"line":70,"column":6},"end":{"line":70,"column":44}},"type":"binary-expr","locations":[{"start":{"line":70,"column":6},"end":{"line":70,"column":15}},{"start":{"line":70,"column":19},"end":{"line":70,"column":44}}]}},"s":{"0":44,"1":44,"2":44,"3":44,"4":44,"5":44,"6":44,"7":44,"8":44,"9":44,"10":44,"11":15,"12":15,"13":15,"14":15,"15":15,"16":15,"17":15,"18":1,"19":1,"20":14,"21":14,"22":1,"23":1,"24":13,"25":13,"26":1,"27":1,"28":12,"29":12,"30":4,"31":1,"32":12,"33":12,"34":12,"35":12,"36":0,"37":2,"38":2,"39":2,"40":2,"41":2,"42":2,"43":2,"44":2,"45":1004},"f":{"0":15,"1":1,"2":2,"3":1004},"b":{"0":[15,15],"1":[1,14],"2":[1,13],"3":[1,12],"4":[4,8],"5":[12,4],"6":[0,12],"7":[12,4],"8":[12,12],"9":[12,12],"10":[12,12],"11":[2,2],"12":[2,0],"13":[2,2]}}
,"C:\\Users\\jkmag\\Development\\api-authentication-models-evaluation\\src\\sessions\\sessions.middleware.ts": {"path":"C:\\Users\\jkmag\\Development\\api-authentication-models-evaluation\\src\\sessions\\sessions.middleware.ts","statementMap":{"0":{"start":{"line":4,"column":0},"end":{"line":4,"column":7}},"1":{"start":{"line":2,"column":0},"end":{"line":2,"column":48}},"2":{"start":{"line":5,"column":20},"end":{"line":5,"column":41}},"3":{"start":{"line":7,"column":2},"end":{"line":9,"column":3}},"4":{"start":{"line":8,"column":4},"end":{"line":8,"column":66}},"5":{"start":{"line":11,"column":18},"end":{"line":11,"column":46}},"6":{"start":{"line":13,"column":2},"end":{"line":15,"column":3}},"7":{"start":{"line":14,"column":4},"end":{"line":14,"column":64}},"8":{"start":{"line":18,"column":2},"end":{"line":20,"column":3}},"9":{"start":{"line":19,"column":4},"end":{"line":19,"column":64}},"10":{"start":{"line":23,"column":3},"end":{"line":23,"column":39}},"11":{"start":{"line":25,"column":2},"end":{"line":25,"column":9}}},"fnMap":{"0":{"name":"requireSession","decl":{"start":{"line":4,"column":22},"end":{"line":4,"column":36}},"loc":{"start":{"line":4,"column":84},"end":{"line":26,"column":1}}}},"branchMap":{"0":{"loc":{"start":{"line":7,"column":2},"end":{"line":9,"column":3}},"type":"if","locations":[{"start":{"line":7,"column":2},"end":{"line":9,"column":3}},{"start":{},"end":{}}]},"1":{"loc":{"start":{"line":13,"column":2},"end":{"line":15,"column":3}},"type":"if","locations":[{"start":{"line":13,"column":2},"end":{"line":15,"column":3}},{"start":{},"end":{}}]},"2":{"loc":{"start":{"line":18,"column":2},"end":{"line":20,"column":3}},"type":"if","locations":[{"start":{"line":18,"column":2},"end":{"line":20,"column":3}},{"start":{},"end":{}}]},"3":{"loc":{"start":{"line":18,"column":6},"end":{"line":18,"column":57}},"type":"binary-expr","locations":[{"start":{"line":18,"column":6},"end":{"line":18,"column":23}},{"start":{"line":18,"column":27},"end":{"line":18,"column":57}}]}},"s":{"0":45,"1":45,"2":2017,"3":2017,"4":1001,"5":1016,"6":1016,"7":5,"8":1011,"9":2,"10":1009,"11":1009},"f":{"0":2017},"b":{"0":[1001,1016],"1":[5,1011],"2":[2,1009],"3":[1011,1011]}}
,"C:\\Users\\jkmag\\Development\\api-authentication-models-evaluation\\src\\sessions\\sessions.routes.ts": {"path":"C:\\Users\\jkmag\\Development\\api-authentication-models-evaluation\\src\\sessions\\sessions.routes.ts","statementMap":{"0":{"start":{"line":1,"column":0},"end":{"line":1,"column":33}},"1":{"start":{"line":2,"column":0},"end":{"line":2,"column":25}},"2":{"start":{"line":3,"column":0},"end":{"line":3,"column":60}},"3":{"start":{"line":4,"column":0},"end":{"line":4,"column":56}},"4":{"start":{"line":5,"column":0},"end":{"line":5,"column":93}},"5":{"start":{"line":6,"column":0},"end":{"line":6,"column":55}},"6":{"start":{"line":8,"column":15},"end":{"line":8,"column":23}},"7":{"start":{"line":11,"column":23},"end":{"line":11,"column":45}},"8":{"start":{"line":14,"column":0},"end":{"line":14,"column":68}},"9":{"start":{"line":17,"column":0},"end":{"line":17,"column":62}},"10":{"start":{"line":20,"column":0},"end":{"line":20,"column":38}},"11":{"start":{"line":28,"column":0},"end":{"line":30,"column":3}},"12":{"start":{"line":29,"column":2},"end":{"line":29,"column":43}},"13":{"start":{"line":33,"column":0},"end":{"line":35,"column":3}},"14":{"start":{"line":34,"column":2},"end":{"line":34,"column":54}},"15":{"start":{"line":37,"column":0},"end":{"line":37,"column":22}}},"fnMap":{"0":{"name":"(anonymous_1)","decl":{"start":{"line":28,"column":42},"end":{"line":28,"column":43}},"loc":{"start":{"line":28,"column":55},"end":{"line":30,"column":1}}},"1":{"name":"(anonymous_2)","decl":{"start":{"line":33,"column":65},"end":{"line":33,"column":66}},"loc":{"start":{"line":33,"column":78},"end":{"line":35,"column":1}}}},"branchMap":{},"s":{"0":44,"1":44,"2":44,"3":44,"4":44,"5":44,"6":44,"7":44,"8":44,"9":44,"10":44,"11":44,"12":4,"13":44,"14":1,"15":44},"f":{"0":4,"1":1},"b":{}}
}
