TN:
SF:src\app.ts
FN:29,(anonymous_1)
FN:32,(anonymous_2)
FN:50,(anonymous_3)
FN:88,(anonymous_4)
FN:92,(anonymous_5)
FN:96,(anonymous_6)
FN:120,(anonymous_7)
FNF:7
FNH:3
FNDA:6175,(anonymous_1)
FNDA:6175,(anonymous_2)
FNDA:6175,(anonymous_3)
FNDA:0,(anonymous_4)
FNDA:0,(anonymous_5)
FNDA:0,(anonymous_6)
FNDA:0,(anonymous_7)
DA:1,44
DA:2,44
DA:3,44
DA:4,44
DA:5,44
DA:6,44
DA:8,44
DA:9,44
DA:10,44
DA:11,44
DA:12,44
DA:13,44
DA:14,44
DA:15,44
DA:17,44
DA:19,44
DA:20,44
DA:21,44
DA:22,44
DA:24,44
DA:25,44
DA:26,0
DA:29,44
DA:30,6175
DA:32,6175
DA:33,6175
DA:35,6175
DA:44,6175
DA:47,44
DA:49,44
DA:51,6175
DA:52,6175
DA:53,6175
DA:56,0
DA:57,0
DA:58,0
DA:61,0
DA:68,44
DA:69,44
DA:72,44
DA:88,44
DA:89,0
DA:92,44
DA:93,0
DA:96,44
DA:97,0
DA:98,0
DA:99,0
DA:107,0
DA:110,0
DA:120,44
DA:121,0
DA:130,44
DA:131,44
DA:132,44
DA:133,44
DA:135,44
DA:137,44
LF:58
LH:45
BRDA:25,0,0,0
BRDA:25,0,1,44
BRDA:33,1,0,0
BRDA:33,1,1,6175
BRDA:51,2,0,6175
BRDA:51,2,1,0
BRDA:56,3,0,0
BRDA:56,3,1,0
BRDA:56,4,0,0
BRDA:56,4,1,0
BRDA:80,5,0,44
BRDA:80,5,1,44
BRDA:81,6,0,44
BRDA:81,6,1,44
BRDA:82,7,0,44
BRDA:82,7,1,44
BRDA:108,8,0,0
BRDA:108,8,1,0
BRF:18
BRH:9
end_of_record
TN:
SF:src\config.ts
FN:1,asNumber
FN:8,asBoolean
FN:13,asList
FN:15,(anonymous_3)
FN:71,validateRuntimeConfig
FNF:5
FNH:3
FNDA:408,asNumber
FNDA:204,asBoolean
FNDA:102,asList
FNDA:0,(anonymous_3)
FNDA:0,validateRuntimeConfig
DA:2,408
DA:4,0
DA:5,0
DA:9,204
DA:10,0
DA:14,102
DA:15,0
DA:18,51
DA:19,51
DA:20,51
DA:21,51
DA:22,51
DA:24,51
DA:71,51
DA:72,0
DA:73,0
DA:75,0
DA:76,0
DA:79,0
DA:80,0
DA:83,0
DA:84,0
DA:87,0
DA:88,0
DA:91,0
DA:92,0
DA:95,0
DA:98,51
LF:28
LH:11
BRDA:2,0,0,408
BRDA:2,0,1,0
BRDA:5,1,0,0
BRDA:5,1,1,0
BRDA:8,2,0,0
BRDA:9,3,0,204
BRDA:9,3,1,0
BRDA:13,4,0,0
BRDA:14,5,0,102
BRDA:14,5,1,0
BRDA:18,6,0,51
BRDA:18,6,1,0
BRDA:21,7,0,51
BRDA:21,7,1,0
BRDA:31,8,0,0
BRDA:31,8,1,51
BRDA:35,9,0,51
BRDA:35,9,1,51
BRDA:35,10,0,0
BRDA:35,10,1,51
BRDA:40,11,0,51
BRDA:40,11,1,0
BRDA:45,12,0,51
BRDA:45,12,1,51
BRDA:46,13,0,51
BRDA:46,13,1,51
BRDA:47,14,0,51
BRDA:47,14,1,51
BRDA:48,15,0,51
BRDA:48,15,1,51
BRDA:49,16,0,51
BRDA:49,16,1,51
BRDA:63,17,0,51
BRDA:63,17,1,51
BRDA:67,18,0,51
BRDA:67,18,1,0
BRDA:75,19,0,0
BRDA:75,19,1,0
BRDA:79,20,0,0
BRDA:79,20,1,0
BRDA:79,21,0,0
BRDA:79,21,1,0
BRDA:83,22,0,0
BRDA:83,22,1,0
BRDA:83,23,0,0
BRDA:83,23,1,0
BRDA:87,24,0,0
BRDA:87,24,1,0
BRDA:87,25,0,0
BRDA:87,25,1,0
BRDA:91,26,0,0
BRDA:91,26,1,0
BRDA:91,27,0,0
BRDA:91,27,1,0
BRF:54
BRH:23
end_of_record
TN:
SF:src\db.ts
FNF:0
FNH:0
DA:1,47
DA:2,47
DA:4,47
LF:3
LH:3
BRF:0
BRH:0
end_of_record
TN:
SF:src\logger.ts
FN:12,shouldLog
FN:17,log
FNF:2
FNH:2
FNDA:6177,shouldLog
FNDA:6177,log
DA:1,46
DA:5,46
DA:13,6177
DA:14,6177
DA:17,46
DA:18,6177
DA:20,6177
DA:27,6177
DA:29,6177
DA:30,2
DA:31,2
DA:34,6175
DA:35,0
DA:36,0
DA:39,6175
LF:15
LH:13
BRDA:13,0,0,6177
BRDA:13,0,1,0
BRDA:17,1,0,0
BRDA:18,2,0,0
BRDA:18,2,1,6177
BRDA:29,3,0,2
BRDA:29,3,1,6175
BRDA:34,4,0,0
BRDA:34,4,1,6175
BRF:9
BRH:5
end_of_record
TN:
SF:src\session-store.ts
FN:10,ensureRedisClient
FN:19,(anonymous_1)
FN:25,(anonymous_2)
FN:31,(anonymous_3)
FN:38,(anonymous_4)
FN:49,buildSessionStore
FN:63,getRedisStatus
FNF:7
FNH:2
FNDA:44,ensureRedisClient
FNDA:0,(anonymous_1)
FNDA:0,(anonymous_2)
FNDA:0,(anonymous_3)
FNDA:0,(anonymous_4)
FNDA:44,buildSessionStore
FNDA:0,getRedisStatus
DA:2,44
DA:3,44
DA:4,44
DA:5,44
DA:7,44
DA:8,44
DA:11,44
DA:12,44
DA:15,0
DA:16,0
DA:20,0
DA:25,0
DA:26,0
DA:31,0
DA:32,0
DA:36,0
DA:37,0
DA:38,0
DA:39,0
DA:40,0
DA:46,0
DA:49,44
DA:50,44
DA:52,44
DA:53,44
DA:56,0
DA:63,44
DA:64,0
DA:65,0
LF:29
LH:13
BRDA:11,0,0,44
BRDA:11,0,1,0
BRDA:15,1,0,0
BRDA:15,1,1,0
BRDA:27,2,0,0
BRDA:27,2,1,0
BRDA:36,3,0,0
BRDA:36,3,1,0
BRDA:41,4,0,0
BRDA:41,4,1,0
BRDA:52,5,0,44
BRDA:52,5,1,0
BRDA:64,6,0,0
BRDA:64,6,1,0
BRDA:64,7,0,0
BRDA:64,7,1,0
BRDA:65,8,0,0
BRDA:65,8,1,0
BRF:18
BRH:2
end_of_record
TN:
SF:src\variant-overrides.ts
FN:32,setVariantOverrides
FN:55,getVariantOverrides
FN:59,resetVariantOverrides
FNF:3
FNH:1
FNDA:0,setVariantOverrides
FNDA:1224,getVariantOverrides
FNDA:0,resetVariantOverrides
DA:28,48
DA:30,48
DA:32,48
DA:33,0
DA:55,48
DA:56,1224
DA:59,48
DA:60,0
LF:8
LH:6
BRF:0
BRH:0
end_of_record
TN:
SF:src\auth\account-security.routes.ts
FN:13,(anonymous_0)
FN:31,(anonymous_1)
FN:51,(anonymous_2)
FN:64,(anonymous_3)
FNF:4
FNH:4
FNDA:1,(anonymous_0)
FNDA:1,(anonymous_1)
FNDA:3,(anonymous_2)
FNDA:3,(anonymous_3)
DA:1,44
DA:2,44
DA:3,44
DA:4,44
DA:11,44
DA:13,44
DA:14,1
DA:16,1
DA:17,0
DA:20,1
DA:25,1
DA:31,44
DA:32,1
DA:33,1
DA:35,1
DA:36,0
DA:39,1
DA:44,1
DA:45,0
DA:48,1
DA:51,44
DA:52,3
DA:57,3
DA:58,0
DA:61,3
DA:64,44
DA:65,3
DA:66,3
DA:68,3
DA:69,0
DA:72,3
DA:77,3
DA:78,0
DA:81,3
DA:84,44
LF:35
LH:29
BRDA:14,0,0,1
BRDA:14,0,1,0
BRDA:16,1,0,0
BRDA:16,1,1,1
BRDA:27,2,0,1
BRDA:27,2,1,0
BRDA:32,3,0,1
BRDA:32,3,1,0
BRDA:33,4,0,1
BRDA:33,4,1,0
BRDA:35,5,0,0
BRDA:35,5,1,1
BRDA:35,6,0,1
BRDA:35,6,1,1
BRDA:44,7,0,0
BRDA:44,7,1,1
BRDA:57,8,0,0
BRDA:57,8,1,3
BRDA:65,9,0,3
BRDA:65,9,1,0
BRDA:66,10,0,3
BRDA:66,10,1,0
BRDA:68,11,0,0
BRDA:68,11,1,3
BRDA:68,12,0,3
BRDA:68,12,1,3
BRDA:77,13,0,0
BRDA:77,13,1,3
BRF:28
BRH:16
end_of_record
TN:
SF:src\auth\account-security.service.ts
FN:13,hashResetToken
FN:17,requestPasswordReset
FN:53,confirmPasswordReset
FN:94,startMfaEnrollment
FN:134,verifyMfaEnrollment
FN:177,validateMfaForUser
FNF:6
FNH:6
FNDA:2,hashResetToken
FNDA:1,requestPasswordReset
FNDA:1,confirmPasswordReset
FNDA:3,startMfaEnrollment
FNDA:3,verifyMfaEnrollment
FNDA:26,validateMfaForUser
DA:1,44
DA:2,44
DA:3,44
DA:4,44
DA:5,44
DA:6,44
DA:7,44
DA:14,2
DA:17,44
DA:18,1
DA:20,1
DA:21,0
DA:28,0
DA:31,1
DA:32,1
DA:34,1
DA:42,1
DA:50,1
DA:53,44
DA:54,1
DA:55,1
DA:60,1
DA:61,0
DA:67,0
DA:70,1
DA:72,1
DA:83,1
DA:91,1
DA:94,44
DA:95,3
DA:97,3
DA:98,0
DA:105,0
DA:108,3
DA:109,3
DA:110,3
DA:112,3
DA:120,3
DA:128,3
DA:134,44
DA:135,3
DA:137,3
DA:138,0
DA:145,0
DA:148,3
DA:150,3
DA:151,0
DA:158,0
DA:161,3
DA:166,3
DA:174,3
DA:177,44
DA:178,26
DA:180,26
DA:181,22
DA:184,4
DA:185,2
DA:188,2
LF:58
LH:48
BRDA:20,0,0,0
BRDA:20,0,1,1
BRDA:50,1,0,0
BRDA:50,1,1,1
BRDA:60,2,0,0
BRDA:60,2,1,1
BRDA:60,3,0,1
BRDA:60,3,1,1
BRDA:60,3,2,1
BRDA:97,4,0,0
BRDA:97,4,1,3
BRDA:97,5,0,3
BRDA:97,5,1,3
BRDA:109,6,0,3
BRDA:109,6,1,3
BRDA:137,7,0,0
BRDA:137,7,1,3
BRDA:150,8,0,0
BRDA:150,8,1,3
BRDA:180,9,0,22
BRDA:180,9,1,4
BRDA:184,10,0,2
BRDA:184,10,1,2
BRDA:184,11,0,4
BRDA:184,11,1,2
BRF:25
BRH:19
end_of_record
TN:
SF:src\auth\password.ts
FN:4,hashPassword
FN:8,matchesStoredHashOrValue
FN:18,isValidPassword
FNF:3
FNH:3
FNDA:1,hashPassword
FNDA:43,matchesStoredHashOrValue
FNDA:41,isValidPassword
DA:1,46
DA:2,46
DA:4,46
DA:5,1
DA:8,46
DA:9,43
DA:11,13
DA:12,13
DA:14,0
DA:18,46
DA:19,41
LF:11
LH:10
BRDA:9,0,0,30
BRDA:9,0,1,13
BRF:2
BRH:2
end_of_record
TN:
SF:src\auth\totp.ts
FN:5,toBase32
FN:27,fromBase32
FN:51,generateTotp
FN:69,generateTotpSecret
FN:73,buildOtpAuthUrl
FN:77,verifyTotp
FN:78,(anonymous_7)
FN:81,generateCurrentTotp
FNF:8
FNH:8
FNDA:3,toBase32
FNDA:10,fromBase32
FNDA:10,generateTotp
FNDA:3,generateTotpSecret
FNDA:3,buildOtpAuthUrl
FNDA:5,verifyTotp
FNDA:5,(anonymous_7)
FNDA:5,generateCurrentTotp
DA:1,44
DA:3,44
DA:6,3
DA:7,3
DA:8,3
DA:10,3
DA:11,60
DA:12,60
DA:14,60
DA:15,96
DA:16,96
DA:20,3
DA:21,0
DA:24,3
DA:28,10
DA:29,10
DA:30,10
DA:31,10
DA:33,10
DA:34,320
DA:35,320
DA:36,0
DA:39,320
DA:40,320
DA:42,320
DA:43,200
DA:44,200
DA:48,10
DA:52,10
DA:53,10
DA:54,10
DA:55,10
DA:56,10
DA:58,10
DA:59,10
DA:60,10
DA:61,10
DA:66,10
DA:69,44
DA:70,3
DA:73,44
DA:74,3
DA:77,44
DA:78,5
DA:81,44
DA:82,5
LF:46
LH:44
BRDA:20,0,0,0
BRDA:20,0,1,3
BRDA:35,1,0,0
BRDA:35,1,1,320
BRDA:42,2,0,200
BRDA:42,2,1,120
BRDA:51,3,0,5
BRF:7
BRH:5
end_of_record
TN:
SF:src\auth\user.ts
FN:3,findUserByEmail
FNF:1
FNH:1
FNDA:48,findUserByEmail
DA:1,46
DA:3,46
DA:4,48
LF:3
LH:3
BRF:0
BRH:0
end_of_record
TN:
SF:src\jwt\jwt.controller.ts
FN:8,jwtLogin
FN:34,jwtProtected
FNF:2
FNH:2
FNDA:26,jwtLogin
FNDA:3,jwtProtected
DA:2,44
DA:3,44
DA:4,44
DA:5,44
DA:6,44
DA:8,44
DA:9,26
DA:11,26
DA:12,26
DA:13,2
DA:14,2
DA:17,24
DA:18,24
DA:19,11
DA:20,11
DA:23,13
DA:24,13
DA:25,1
DA:26,1
DA:29,12
DA:30,12
DA:31,12
DA:34,44
DA:35,3
LF:24
LH:24
BRDA:12,0,0,2
BRDA:12,0,1,24
BRDA:18,1,0,11
BRDA:18,1,1,13
BRDA:24,2,0,1
BRDA:24,2,1,12
BRF:6
BRH:6
end_of_record
TN:
SF:src\jwt\jwt.keys.ts
FN:10,getGeneratedKeyPair
FN:27,loadPrivateKeyFromConfig
FN:42,loadPublicKeysFromConfig
FN:57,getJwtAlgorithm
FN:77,getJwtSignContext
FN:103,getJwtVerifyKey
FNF:6
FNH:3
FNDA:0,getGeneratedKeyPair
FNDA:0,loadPrivateKeyFromConfig
FNDA:0,loadPublicKeysFromConfig
FNDA:1032,getJwtAlgorithm
FNDA:15,getJwtSignContext
FNDA:1017,getJwtVerifyKey
DA:1,46
DA:2,46
DA:4,46
DA:8,46
DA:11,0
DA:12,0
DA:18,0
DA:24,0
DA:28,0
DA:29,0
DA:31,0
DA:32,0
DA:35,0
DA:36,0
DA:39,0
DA:43,0
DA:44,0
DA:46,0
DA:47,0
DA:50,0
DA:51,0
DA:52,0
DA:57,46
DA:58,1032
DA:59,0
DA:62,1032
DA:63,0
DA:66,1032
DA:67,0
DA:70,1032
DA:71,1032
DA:74,0
DA:77,46
DA:78,15
DA:80,15
DA:81,0
DA:88,15
DA:89,15
DA:96,0
DA:103,46
DA:104,1017
DA:105,0
DA:108,1017
DA:109,1017
DA:112,0
DA:113,0
DA:114,0
LF:47
LH:19
BRDA:11,0,0,0
BRDA:11,0,1,0
BRDA:28,1,0,0
BRDA:28,1,1,0
BRDA:29,2,0,0
BRDA:29,2,1,0
BRDA:31,3,0,0
BRDA:31,3,1,0
BRDA:35,4,0,0
BRDA:35,4,1,0
BRDA:43,5,0,0
BRDA:43,5,1,0
BRDA:44,6,0,0
BRDA:44,6,1,0
BRDA:46,7,0,0
BRDA:46,7,1,0
BRDA:58,8,0,0
BRDA:58,8,1,1032
BRDA:62,9,0,0
BRDA:62,9,1,1032
BRDA:66,10,0,0
BRDA:66,10,1,1032
BRDA:66,11,0,1032
BRDA:66,11,1,1032
BRDA:66,11,2,1032
BRDA:66,11,3,1032
BRDA:66,11,4,1032
BRDA:66,11,5,1032
BRDA:70,12,0,1032
BRDA:70,12,1,0
BRDA:70,13,0,1032
BRDA:70,13,1,0
BRDA:80,14,0,0
BRDA:80,14,1,15
BRDA:88,15,0,15
BRDA:88,15,1,0
BRDA:91,16,0,15
BRDA:91,16,1,0
BRDA:91,16,2,0
BRDA:99,17,0,0
BRDA:99,17,1,0
BRDA:104,18,0,0
BRDA:104,18,1,1017
BRDA:108,19,0,1017
BRDA:108,19,1,0
BRDA:109,20,0,1017
BRDA:109,20,1,0
BRDA:109,20,2,0
BRDA:113,21,0,0
BRDA:113,21,1,0
BRDA:114,22,0,0
BRDA:114,22,1,0
BRDA:114,23,0,0
BRDA:114,23,1,0
BRF:54
BRH:17
end_of_record
TN:
SF:src\jwt\jwt.middleware.ts
FN:4,jwtAuth
FNF:1
FNH:1
FNDA:2019,jwtAuth
DA:2,45
DA:4,45
DA:5,2019
DA:7,2019
DA:8,2
DA:11,2017
DA:13,2017
DA:14,2017
DA:16,7
DA:17,1
DA:20,6
DA:21,6
DA:23,6
DA:24,1
DA:27,5
DA:28,1
DA:31,4
DA:32,4
DA:34,2010
DA:35,3
DA:38,2007
LF:21
LH:21
BRDA:7,0,0,2
BRDA:7,0,1,2017
BRDA:16,1,0,1
BRDA:16,1,1,6
BRDA:16,2,0,7
BRDA:16,2,1,6
BRDA:20,3,0,6
BRDA:20,3,1,6
BRDA:21,4,0,6
BRDA:21,4,1,6
BRDA:23,5,0,1
BRDA:23,5,1,5
BRDA:23,6,0,6
BRDA:23,6,1,5
BRDA:27,7,0,1
BRDA:27,7,1,4
BRDA:27,8,0,5
BRDA:27,8,1,4
BRDA:34,9,0,3
BRDA:34,9,1,2007
BRF:20
BRH:20
end_of_record
TN:
SF:src\jwt\jwt.routes.ts
FNF:0
FNH:0
DA:1,44
DA:2,44
DA:3,44
DA:4,44
DA:5,44
DA:7,44
DA:9,44
DA:10,44
DA:12,44
LF:9
LH:9
BRF:0
BRH:0
end_of_record
TN:
SF:src\jwt\jwt.service.ts
FN:7,getJwtAudience
FN:12,getJwtIssuer
FN:17,getJwtExpiry
FN:22,generateJwt
FN:50,verifyJwt
FN:67,findUserByEmail
FNF:6
FNH:5
FNDA:15,getJwtAudience
FNDA:15,getJwtIssuer
FNDA:15,getJwtExpiry
FNDA:15,generateJwt
FNDA:2017,verifyJwt
FNDA:0,findUserByEmail
DA:1,46
DA:2,46
DA:3,46
DA:4,46
DA:5,46
DA:8,15
DA:9,15
DA:13,15
DA:14,15
DA:18,15
DA:19,15
DA:22,46
DA:23,15
DA:24,15
DA:25,15
DA:32,15
DA:33,0
DA:36,15
DA:37,0
DA:43,15
DA:50,46
DA:51,2017
DA:52,1017
DA:55,1017
DA:56,1017
DA:59,1017
DA:60,1017
DA:62,1017
DA:67,46
DA:68,0
LF:30
LH:27
BRDA:9,0,0,15
BRDA:9,0,1,15
BRDA:9,0,2,15
BRDA:14,1,0,15
BRDA:14,1,1,15
BRDA:14,1,2,15
BRDA:19,2,0,15
BRDA:19,2,1,15
BRDA:19,2,2,15
BRDA:32,3,0,0
BRDA:32,3,1,15
BRDA:36,4,0,0
BRDA:36,4,1,15
BRDA:52,5,0,13
BRDA:52,5,1,1004
BRDA:52,6,0,1017
BRDA:52,6,1,1017
BRDA:52,6,2,13
BRDA:56,7,0,0
BRDA:56,7,1,1017
BRDA:58,8,0,1017
BRDA:58,8,1,1004
BRF:22
BRH:19
end_of_record
TN:
SF:src\middleware\errorHandler.ts
FN:4,errorHandler
FNF:1
FNH:1
FNDA:3,errorHandler
DA:2,44
DA:4,44
DA:5,3
DA:6,0
DA:9,3
DA:10,3
DA:12,3
DA:13,0
DA:21,3
LF:9
LH:7
BRDA:5,0,0,0
BRDA:5,0,1,3
BRDA:9,1,0,3
BRDA:9,1,1,0
BRDA:10,2,0,3
BRDA:10,2,1,0
BRDA:12,3,0,0
BRDA:12,3,1,3
BRF:8
BRH:4
end_of_record
TN:
SF:src\middleware\rateLimiter.ts
FNF:0
FNH:0
DA:1,45
DA:2,45
DA:4,45
DA:15,45
DA:16,45
LF:5
LH:5
BRF:0
BRH:0
end_of_record
TN:
SF:src\middleware\validateLogin.ts
FN:5,validateLogin
FNF:1
FNH:1
FNDA:45,validateLogin
DA:3,44
DA:5,44
DA:6,45
DA:8,45
DA:9,1
DA:12,44
DA:13,0
DA:16,44
DA:17,0
DA:20,44
DA:22,44
LF:11
LH:9
BRDA:8,0,0,1
BRDA:8,0,1,44
BRDA:8,1,0,45
BRDA:8,1,1,44
BRDA:12,2,0,0
BRDA:12,2,1,44
BRDA:16,3,0,0
BRDA:16,3,1,44
BRDA:16,4,0,44
BRDA:16,4,1,44
BRF:10
BRH:8
end_of_record
TN:
SF:src\oauth\clientScopes.ts
FNF:0
FNH:0
DA:1,46
LF:1
LH:1
BRF:0
BRH:0
end_of_record
TN:
SF:src\oauth\oauth.controller.ts
FN:13,getUserAgent
FN:22,getRequestedRedirectUri
FN:27,validateRedirectUri
FN:41,authorize
FN:96,(anonymous_5)
FN:149,token
FN:268,refresh
FN:312,revoke
FN:346,introspect
FNF:9
FNH:7
FNDA:29,getUserAgent
FNDA:22,getRequestedRedirectUri
FNDA:3,validateRedirectUri
FNDA:26,authorize
FNDA:30,(anonymous_5)
FNDA:57,token
FNDA:15,refresh
FNDA:0,revoke
FNDA:0,introspect
DA:2,46
DA:3,46
DA:4,46
DA:5,46
DA:6,46
DA:7,46
DA:8,46
DA:9,46
DA:11,46
DA:14,29
DA:15,27
DA:18,2
DA:19,2
DA:23,22
DA:24,22
DA:28,3
DA:29,0
DA:32,3
DA:33,3
DA:34,3
DA:35,3
DA:41,46
DA:42,26
DA:51,26
DA:52,26
DA:54,26
DA:55,0
DA:58,26
DA:62,26
DA:63,0
DA:66,26
DA:70,26
DA:71,0
DA:74,26
DA:75,0
DA:81,26
DA:82,0
DA:92,26
DA:94,26
DA:96,30
DA:98,26
DA:99,4
DA:108,22
DA:109,22
DA:111,22
DA:112,3
DA:115,19
DA:117,19
DA:131,19
DA:140,19
DA:149,46
DA:150,57
DA:151,57
DA:152,57
DA:153,57
DA:155,57
DA:158,57
DA:159,2
DA:160,2
DA:164,2
DA:168,2
DA:169,0
DA:175,2
DA:178,57
DA:179,0
DA:182,57
DA:183,0
DA:189,57
DA:193,57
DA:194,36
DA:197,21
DA:198,1
DA:201,20
DA:202,20
DA:203,0
DA:206,20
DA:207,1
DA:213,19
DA:214,0
DA:221,19
DA:222,6
DA:223,1
DA:229,5
DA:230,5
DA:234,5
DA:235,2
DA:242,16
DA:244,16
DA:245,6
DA:248,10
DA:257,10
DA:268,46
DA:269,15
DA:270,15
DA:272,15
DA:273,0
DA:279,15
DA:280,15
DA:282,15
DA:294,15
DA:295,12
DA:301,3
DA:312,46
DA:313,0
DA:315,0
DA:316,0
DA:322,0
DA:326,0
DA:327,0
DA:328,0
DA:331,0
DA:335,0
DA:336,0
DA:337,0
DA:340,0
DA:346,46
DA:347,0
DA:349,0
DA:350,0
DA:357,0
DA:361,0
DA:362,0
DA:363,0
DA:365,0
DA:375,0
DA:379,0
DA:380,0
DA:381,0
DA:383,0
DA:393,0
LF:130
LH:92
BRDA:14,0,0,27
BRDA:14,0,1,2
BRDA:19,1,0,0
BRDA:19,1,1,2
BRDA:23,2,0,22
BRDA:23,2,1,19
BRDA:24,3,0,3
BRDA:24,3,1,19
BRDA:28,4,0,0
BRDA:28,4,1,3
BRDA:33,5,0,3
BRDA:33,5,1,3
BRDA:52,6,0,26
BRDA:52,6,1,0
BRDA:54,7,0,0
BRDA:54,7,1,26
BRDA:62,8,0,0
BRDA:62,8,1,26
BRDA:70,9,0,0
BRDA:70,9,1,26
BRDA:74,10,0,0
BRDA:74,10,1,26
BRDA:74,11,0,26
BRDA:74,11,1,0
BRDA:81,12,0,0
BRDA:81,12,1,26
BRDA:81,13,0,26
BRDA:81,13,1,6
BRDA:92,14,0,26
BRDA:92,14,1,5
BRDA:94,15,0,26
BRDA:94,15,1,26
BRDA:94,15,2,0
BRDA:98,16,0,4
BRDA:98,16,1,22
BRDA:109,17,0,22
BRDA:109,17,1,3
BRDA:109,17,2,1
BRDA:111,18,0,3
BRDA:111,18,1,19
BRDA:111,19,0,22
BRDA:111,19,1,3
BRDA:111,19,2,20
BRDA:122,20,0,19
BRDA:122,20,1,18
BRDA:123,21,0,19
BRDA:123,21,1,2
BRDA:125,22,0,19
BRDA:125,22,1,13
BRDA:126,23,0,19
BRDA:126,23,1,13
BRDA:137,24,0,19
BRDA:137,24,1,2
BRDA:142,25,0,19
BRDA:142,25,1,18
BRDA:152,26,0,57
BRDA:152,26,1,48
BRDA:153,27,0,57
BRDA:153,27,1,52
BRDA:158,28,0,2
BRDA:158,28,1,55
BRDA:168,29,0,0
BRDA:168,29,1,2
BRDA:168,30,0,2
BRDA:168,30,1,2
BRDA:178,31,0,0
BRDA:178,31,1,57
BRDA:182,32,0,0
BRDA:182,32,1,57
BRDA:182,33,0,57
BRDA:182,33,1,22
BRDA:182,33,2,20
BRDA:193,34,0,36
BRDA:193,34,1,21
BRDA:197,35,0,1
BRDA:197,35,1,20
BRDA:201,36,0,20
BRDA:201,36,1,20
BRDA:202,37,0,0
BRDA:202,37,1,20
BRDA:202,38,0,20
BRDA:202,38,1,20
BRDA:202,38,2,0
BRDA:206,39,0,1
BRDA:206,39,1,19
BRDA:206,40,0,20
BRDA:206,40,1,2
BRDA:213,41,0,0
BRDA:213,41,1,19
BRDA:213,42,0,19
BRDA:213,42,1,3
BRDA:221,43,0,6
BRDA:221,43,1,13
BRDA:222,44,0,1
BRDA:222,44,1,5
BRDA:229,45,0,5
BRDA:229,45,1,0
BRDA:230,46,0,1
BRDA:230,46,1,4
BRDA:234,47,0,2
BRDA:234,47,1,3
BRDA:244,48,0,6
BRDA:244,48,1,10
BRDA:269,49,0,15
BRDA:269,49,1,2
BRDA:270,50,0,15
BRDA:270,50,1,13
BRDA:272,51,0,0
BRDA:272,51,1,15
BRDA:294,52,0,12
BRDA:294,52,1,3
BRDA:315,53,0,0
BRDA:315,53,1,0
BRDA:326,54,0,0
BRDA:326,54,1,0
BRDA:335,55,0,0
BRDA:335,55,1,0
BRDA:349,56,0,0
BRDA:349,56,1,0
BRDA:361,57,0,0
BRDA:361,57,1,0
BRDA:367,58,0,0
BRDA:367,58,1,0
BRDA:379,59,0,0
BRDA:379,59,1,0
BRDA:385,60,0,0
BRDA:385,60,1,0
BRF:127
BRH:93
end_of_record
TN:
SF:src\oauth\oauth.middleware.ts
FN:6,verifyAccessToken
FN:32,validateAuthorize
FN:70,validateToken
FNF:3
FNH:3
FNDA:10,verifyAccessToken
FNDA:36,validateAuthorize
FNDA:91,validateToken
DA:2,46
DA:3,46
DA:6,46
DA:11,10
DA:13,10
DA:14,4
DA:17,6
DA:18,6
DA:20,6
DA:21,5
DA:24,1
DA:25,1
DA:26,1
DA:28,1
DA:32,46
DA:33,36
DA:35,36
DA:36,3
DA:39,33
DA:40,2
DA:43,31
DA:44,1
DA:47,30
DA:48,0
DA:52,30
DA:54,30
DA:55,2
DA:58,28
DA:62,28
DA:63,2
DA:66,26
DA:70,46
DA:71,91
DA:73,91
DA:74,34
DA:79,57
LF:36
LH:35
BRDA:13,0,0,4
BRDA:13,0,1,6
BRDA:13,1,0,10
BRDA:13,1,1,8
BRDA:20,2,0,5
BRDA:20,2,1,1
BRDA:35,3,0,3
BRDA:35,3,1,33
BRDA:39,4,0,2
BRDA:39,4,1,31
BRDA:43,5,0,1
BRDA:43,5,1,30
BRDA:47,6,0,0
BRDA:47,6,1,30
BRDA:54,7,0,2
BRDA:54,7,1,28
BRDA:62,8,0,2
BRDA:62,8,1,26
BRDA:73,9,0,34
BRDA:73,9,1,57
BRDA:73,10,0,91
BRDA:73,10,1,60
BRF:22
BRH:21
end_of_record
TN:
SF:src\oauth\oauth.routes.ts
FN:15,(anonymous_0)
FNF:1
FNH:1
FNDA:1,(anonymous_0)
DA:1,44
DA:2,44
DA:3,44
DA:4,44
DA:6,44
DA:9,44
DA:10,44
DA:12,44
DA:13,44
DA:15,44
DA:16,1
DA:24,44
DA:26,44
LF:13
LH:13
BRF:0
BRH:0
end_of_record
TN:
SF:src\oauth\oauth.service.ts
FN:8,generateToken
FN:12,hashToken
FN:19,expiresIn
FN:27,exchangeCodeForToken
FN:79,validateAccessToken
FN:90,hashOpaqueToken
FNF:6
FNH:5
FNDA:18,generateToken
FNDA:66,hashToken
FNDA:0,expiresIn
FNDA:14,exchangeCodeForToken
FNDA:2,validateAccessToken
FNDA:46,hashOpaqueToken
DA:1,45
DA:2,45
DA:3,45
DA:9,18
DA:13,66
DA:20,0
DA:27,45
DA:28,14
DA:30,14
DA:41,14
DA:42,5
DA:45,9
DA:49,9
DA:51,9
DA:52,9
DA:55,9
DA:67,9
DA:69,9
DA:79,45
DA:80,2
DA:84,2
DA:85,0
DA:87,0
DA:90,45
DA:91,46
LF:25
LH:22
BRDA:41,0,0,5
BRDA:41,0,1,9
BRDA:49,1,0,0
BRDA:49,1,1,9
BRDA:84,2,0,2
BRDA:84,2,1,0
BRDA:85,3,0,0
BRDA:85,3,1,0
BRF:8
BRH:4
end_of_record
TN:
SF:src\oauth\rateLimit.ts
FNF:0
FNH:0
DA:1,44
DA:3,44
LF:2
LH:2
BRF:0
BRH:0
end_of_record
TN:
SF:src\security\audit.service.ts
FN:14,writeAuditEvent
FNF:1
FNH:1
FNDA:80,writeAuditEvent
DA:2,46
DA:3,46
DA:14,46
DA:15,80
DA:16,80
DA:27,2
LF:6
LH:6
BRDA:18,0,0,78
BRDA:18,0,1,5
BRDA:21,1,0,78
BRDA:21,1,1,0
BRDA:22,2,0,78
BRDA:22,2,1,78
BRDA:29,3,0,2
BRDA:29,3,1,0
BRF:8
BRH:6
end_of_record
TN:
SF:src\sessions\session.service.ts
FN:5,createSession
FN:14,createSessionWithId
FN:26,deleteSession
FN:32,findSession
FN:39,findUserByEmail
FNF:5
FNH:3
FNDA:13,createSession
FNDA:0,createSessionWithId
FNDA:7,deleteSession
FNDA:1017,findSession
FNDA:0,findUserByEmail
DA:1,46
DA:5,46
DA:6,13
DA:14,46
DA:15,0
DA:17,0
DA:26,46
DA:27,7
DA:32,46
DA:33,1017
DA:39,46
DA:40,0
LF:12
LH:9
BRF:0
BRH:0
end_of_record
TN:
SF:src\sessions\sessions.controller.ts
FN:11,loginWithSession
FN:39,(anonymous_2)
FN:65,logoutSession
FN:86,getSessionProtected
FNF:4
FNH:4
FNDA:15,loginWithSession
FNDA:1,(anonymous_2)
FNDA:2,logoutSession
FNDA:1004,getSessionProtected
DA:2,44
DA:3,44
DA:4,44
DA:5,44
DA:6,44
DA:7,44
DA:8,44
DA:9,44
DA:11,44
DA:12,15
DA:13,15
DA:14,15
DA:15,15
DA:17,15
DA:19,15
DA:20,15
DA:21,1
DA:22,1
DA:25,14
DA:26,14
DA:27,1
DA:28,1
DA:31,13
DA:32,13
DA:33,1
DA:34,1
DA:37,12
DA:38,12
DA:39,4
DA:42,12
DA:46,12
DA:54,12
DA:56,12
DA:61,0
DA:65,44
DA:66,2
DA:67,2
DA:68,2
DA:70,2
DA:71,2
DA:74,2
DA:81,2
DA:83,2
DA:86,44
DA:87,1004
LF:45
LH:44
BRDA:14,0,0,15
BRDA:14,0,1,15
BRDA:20,1,0,1
BRDA:20,1,1,14
BRDA:26,2,0,1
BRDA:26,2,1,13
BRDA:32,3,0,1
BRDA:32,3,1,12
BRDA:38,4,0,4
BRDA:38,4,1,8
BRDA:38,5,0,12
BRDA:38,5,1,4
BRDA:42,6,0,0
BRDA:42,6,1,12
BRDA:42,7,0,12
BRDA:42,7,1,4
BRDA:47,8,0,12
BRDA:47,8,1,12
BRDA:48,9,0,12
BRDA:48,9,1,12
BRDA:49,10,0,12
BRDA:49,10,1,12
BRDA:67,11,0,2
BRDA:67,11,1,2
BRDA:70,12,0,2
BRDA:70,12,1,0
BRDA:70,13,0,2
BRDA:70,13,1,2
BRF:28
BRH:26
end_of_record
TN:
SF:src\sessions\sessions.middleware.ts
FN:4,requireSession
FNF:1
FNH:1
FNDA:2017,requireSession
DA:2,45
DA:4,45
DA:5,2017
DA:7,2017
DA:8,1001
DA:11,1016
DA:13,1016
DA:14,5
DA:18,1011
DA:19,2
DA:23,1009
DA:25,1009
LF:12
LH:12
BRDA:7,0,0,1001
BRDA:7,0,1,1016
BRDA:13,1,0,5
BRDA:13,1,1,1011
BRDA:18,2,0,2
BRDA:18,2,1,1009
BRDA:18,3,0,1011
BRDA:18,3,1,1011
BRF:8
BRH:8
end_of_record
TN:
SF:src\sessions\sessions.routes.ts
FN:28,(anonymous_1)
FN:33,(anonymous_2)
FNF:2
FNH:2
FNDA:4,(anonymous_1)
FNDA:1,(anonymous_2)
DA:1,44
DA:2,44
DA:3,44
DA:4,44
DA:5,44
DA:6,44
DA:8,44
DA:11,44
DA:14,44
DA:17,44
DA:20,44
DA:28,44
DA:29,4
DA:33,44
DA:34,1
DA:37,44
LF:16
LH:16
BRF:0
BRH:0
end_of_record
