TN:
SF:src\app.ts
FN:41,(anonymous_1)
FNF:1
FNH:0
FNDA:0,(anonymous_1)
DA:1,43
DA:2,43
DA:3,43
DA:4,43
DA:5,43
DA:7,43
DA:8,43
DA:9,43
DA:10,43
DA:12,43
DA:14,43
DA:15,43
DA:16,43
DA:18,43
DA:20,43
DA:26,43
DA:27,43
DA:30,43
DA:41,43
DA:42,0
DA:46,43
DA:47,43
DA:48,43
DA:50,43
DA:52,43
LF:25
LH:24
BRDA:35,0,0,43
BRDA:35,0,1,43
BRDA:36,1,0,43
BRDA:36,1,1,43
BRDA:37,2,0,43
BRDA:37,2,1,43
BRF:6
BRH:6
end_of_record
TN:
SF:src\config.ts
FNF:0
FNH:0
DA:1,45
DA:2,45
DA:3,45
DA:5,45
LF:4
LH:4
BRDA:1,0,0,45
BRDA:1,0,1,45
BRDA:2,1,0,45
BRDA:2,1,1,0
BRDA:3,2,0,45
BRDA:3,2,1,45
BRF:6
BRH:5
end_of_record
TN:
SF:src\db.ts
FNF:0
FNH:0
DA:1,45
DA:2,45
DA:4,45
LF:3
LH:3
BRF:0
BRH:0
end_of_record
TN:
SF:src\variant-overrides.ts
FN:32,setVariantOverrides
FN:55,getVariantOverrides
FN:59,resetVariantOverrides
FNF:3
FNH:1
FNDA:0,setVariantOverrides
FNDA:2222,getVariantOverrides
FNDA:0,resetVariantOverrides
DA:28,47
DA:30,47
DA:32,47
DA:33,0
DA:55,47
DA:56,2222
DA:59,47
DA:60,0
LF:8
LH:6
BRF:0
BRH:0
end_of_record
TN:
SF:src\auth\password.ts
FN:3,isValidPassword
FNF:1
FNH:1
FNDA:33,isValidPassword
DA:1,43
DA:3,43
DA:4,33
DA:5,12
LF:4
LH:4
BRDA:4,0,0,21
BRDA:4,0,1,12
BRF:2
BRH:2
end_of_record
TN:
SF:src\auth\user.ts
FN:3,findUserByEmail
FNF:1
FNH:1
FNDA:36,findUserByEmail
DA:1,44
DA:3,44
DA:4,36
LF:3
LH:3
BRF:0
BRH:0
end_of_record
TN:
SF:src\jwt\jwt.controller.ts
FN:6,jwtLogin
FN:19,jwtProtected
FNF:2
FNH:2
FNDA:23,jwtLogin
FNDA:3,jwtProtected
DA:2,43
DA:3,43
DA:4,43
DA:6,43
DA:7,23
DA:9,23
DA:10,23
DA:12,21
DA:13,21
DA:15,10
DA:16,10
DA:19,43
DA:20,3
LF:13
LH:13
BRDA:10,0,0,2
BRDA:10,0,1,21
BRDA:13,1,0,11
BRDA:13,1,1,10
BRF:4
BRH:4
end_of_record
TN:
SF:src\jwt\jwt.middleware.ts
FN:5,getExpectedAudience
FN:10,getExpectedIssuer
FN:15,getExpectedAlgorithm
FN:20,jwtAuth
FNF:4
FNH:4
FNDA:5,getExpectedAudience
FNDA:4,getExpectedIssuer
FNDA:2017,getExpectedAlgorithm
FNDA:2019,jwtAuth
DA:1,44
DA:3,44
DA:6,5
DA:7,5
DA:11,4
DA:12,4
DA:16,2017
DA:17,2017
DA:20,44
DA:21,2019
DA:23,2019
DA:24,2
DA:27,2017
DA:29,2017
DA:30,2017
DA:31,2017
DA:33,2017
DA:37,7
DA:38,1
DA:41,6
DA:42,1
DA:45,5
DA:46,1
DA:49,4
DA:50,4
DA:52,2010
DA:53,3
DA:55,2007
LF:28
LH:28
BRDA:7,0,0,5
BRDA:7,0,1,5
BRDA:7,0,2,5
BRDA:12,1,0,4
BRDA:12,1,1,4
BRDA:12,1,2,4
BRDA:17,2,0,2017
BRDA:17,2,1,2017
BRDA:23,3,0,2
BRDA:23,3,1,2017
BRDA:31,4,0,0
BRDA:31,4,1,2017
BRDA:37,5,0,1
BRDA:37,5,1,6
BRDA:37,6,0,7
BRDA:37,6,1,6
BRDA:41,7,0,1
BRDA:41,7,1,5
BRDA:41,8,0,6
BRDA:41,8,1,5
BRDA:45,9,0,1
BRDA:45,9,1,4
BRDA:45,10,0,5
BRDA:45,10,1,4
BRDA:52,11,0,3
BRDA:52,11,1,2007
BRF:26
BRH:25
end_of_record
TN:
SF:src\jwt\jwt.routes.ts
FNF:0
FNH:0
DA:1,43
DA:2,43
DA:3,43
DA:4,43
DA:5,43
DA:7,43
DA:9,43
DA:10,43
DA:12,43
LF:9
LH:9
BRF:0
BRH:0
end_of_record
TN:
SF:src\jwt\jwt.service.ts
FN:5,getJwtSecret
FN:9,getJwtAudience
FN:14,getJwtIssuer
FN:19,getJwtAlgorithm
FN:24,getJwtExpiry
FN:29,generateJwt
FN:52,verifyJwt
FN:60,findUserByEmail
FNF:8
FNH:6
FNDA:13,getJwtSecret
FNDA:13,getJwtAudience
FNDA:13,getJwtIssuer
FNDA:13,getJwtAlgorithm
FNDA:13,getJwtExpiry
FNDA:13,generateJwt
FNDA:0,verifyJwt
FNDA:0,findUserByEmail
DA:1,44
DA:2,44
DA:3,44
DA:6,13
DA:10,13
DA:11,13
DA:15,13
DA:16,13
DA:20,13
DA:21,13
DA:25,13
DA:26,13
DA:29,44
DA:30,13
DA:31,13
DA:38,13
DA:39,0
DA:45,13
DA:52,44
DA:53,0
DA:54,0
DA:56,0
DA:60,44
DA:61,0
LF:24
LH:19
BRDA:6,0,0,13
BRDA:6,0,1,0
BRDA:11,1,0,13
BRDA:11,1,1,13
BRDA:11,1,2,13
BRDA:16,2,0,13
BRDA:16,2,1,13
BRDA:16,2,2,13
BRDA:21,3,0,13
BRDA:21,3,1,13
BRDA:26,4,0,13
BRDA:26,4,1,13
BRDA:38,5,0,0
BRDA:38,5,1,13
BRF:14
BRH:12
end_of_record
TN:
SF:src\middleware\errorHandler.ts
FN:3,errorHandler
FNF:1
FNH:1
FNDA:3,errorHandler
DA:3,43
DA:4,3
DA:5,0
DA:8,3
DA:9,3
DA:11,3
LF:6
LH:5
BRDA:4,0,0,0
BRDA:4,0,1,3
BRDA:8,1,0,3
BRDA:8,1,1,0
BRDA:9,2,0,3
BRDA:9,2,1,0
BRF:6
BRH:3
end_of_record
TN:
SF:src\middleware\rateLimiter.ts
FNF:0
FNH:0
DA:1,44
DA:3,44
DA:14,44
DA:15,44
LF:4
LH:4
BRDA:5,0,0,44
BRDA:5,0,1,44
BRDA:5,1,0,44
BRDA:5,1,1,0
BRF:4
BRH:3
end_of_record
TN:
SF:src\middleware\validateLogin.ts
FN:5,validateLogin
FNF:1
FNH:1
FNDA:37,validateLogin
DA:3,43
DA:5,43
DA:6,37
DA:8,37
DA:9,1
DA:12,36
DA:13,0
DA:16,36
DA:17,0
DA:20,36
DA:22,36
LF:11
LH:9
BRDA:8,0,0,1
BRDA:8,0,1,36
BRDA:8,1,0,37
BRDA:8,1,1,36
BRDA:12,2,0,0
BRDA:12,2,1,36
BRDA:16,3,0,0
BRDA:16,3,1,36
BRDA:16,4,0,36
BRDA:16,4,1,36
BRF:10
BRH:8
end_of_record
TN:
SF:src\oauth\clientScopes.ts
FNF:0
FNH:0
DA:1,45
LF:1
LH:1
BRF:0
BRH:0
end_of_record
TN:
SF:src\oauth\oauth.controller.ts
FN:10,getRequestedRedirectUri
FN:15,validateRedirectUri
FN:29,authorize
FN:70,(anonymous_4)
FN:114,token
FN:209,refresh
FN:253,revoke
FN:287,introspect
FNF:8
FNH:6
FNDA:22,getRequestedRedirectUri
FNDA:3,validateRedirectUri
FNDA:26,authorize
FNDA:30,(anonymous_4)
FNDA:57,token
FNDA:15,refresh
FNDA:0,revoke
FNDA:0,introspect
DA:2,45
DA:3,45
DA:4,45
DA:5,45
DA:6,45
DA:8,45
DA:11,22
DA:12,22
DA:16,3
DA:17,0
DA:20,3
DA:21,3
DA:22,3
DA:23,3
DA:29,45
DA:30,26
DA:39,26
DA:40,26
DA:42,26
DA:43,0
DA:46,26
DA:50,26
DA:51,0
DA:54,26
DA:58,26
DA:59,0
DA:66,26
DA:68,26
DA:70,30
DA:72,26
DA:73,4
DA:82,22
DA:83,22
DA:85,22
DA:86,3
DA:89,19
DA:91,19
DA:105,19
DA:114,45
DA:115,57
DA:116,57
DA:117,57
DA:119,57
DA:122,57
DA:123,2
DA:124,2
DA:128,2
DA:132,2
DA:133,0
DA:139,2
DA:142,57
DA:143,0
DA:146,57
DA:150,57
DA:151,36
DA:154,21
DA:155,1
DA:158,20
DA:159,20
DA:160,0
DA:163,20
DA:164,1
DA:171,19
DA:172,6
DA:173,1
DA:179,5
DA:180,5
DA:184,5
DA:185,2
DA:192,16
DA:194,16
DA:195,6
DA:198,10
DA:209,45
DA:210,15
DA:211,15
DA:213,15
DA:214,0
DA:220,15
DA:221,15
DA:223,15
DA:235,15
DA:236,12
DA:242,3
DA:253,45
DA:254,0
DA:256,0
DA:257,0
DA:263,0
DA:267,0
DA:268,0
DA:269,0
DA:272,0
DA:276,0
DA:277,0
DA:278,0
DA:281,0
DA:287,45
DA:288,0
DA:290,0
DA:291,0
DA:298,0
DA:302,0
DA:303,0
DA:304,0
DA:306,0
DA:316,0
DA:320,0
DA:321,0
DA:322,0
DA:324,0
DA:334,0
LF:112
LH:78
BRDA:11,0,0,22
BRDA:11,0,1,19
BRDA:12,1,0,3
BRDA:12,1,1,19
BRDA:16,2,0,0
BRDA:16,2,1,3
BRDA:21,3,0,3
BRDA:21,3,1,3
BRDA:40,4,0,26
BRDA:40,4,1,0
BRDA:42,5,0,0
BRDA:42,5,1,26
BRDA:50,6,0,0
BRDA:50,6,1,26
BRDA:58,7,0,0
BRDA:58,7,1,26
BRDA:66,8,0,26
BRDA:66,8,1,5
BRDA:68,9,0,26
BRDA:68,9,1,26
BRDA:68,9,2,0
BRDA:72,10,0,4
BRDA:72,10,1,22
BRDA:83,11,0,22
BRDA:83,11,1,3
BRDA:83,11,2,1
BRDA:85,12,0,3
BRDA:85,12,1,19
BRDA:85,13,0,22
BRDA:85,13,1,3
BRDA:85,13,2,20
BRDA:96,14,0,19
BRDA:96,14,1,18
BRDA:97,15,0,19
BRDA:97,15,1,2
BRDA:99,16,0,19
BRDA:99,16,1,13
BRDA:100,17,0,19
BRDA:100,17,1,13
BRDA:107,18,0,19
BRDA:107,18,1,18
BRDA:117,19,0,57
BRDA:117,19,1,48
BRDA:122,20,0,2
BRDA:122,20,1,55
BRDA:132,21,0,0
BRDA:132,21,1,2
BRDA:132,22,0,2
BRDA:132,22,1,2
BRDA:142,23,0,0
BRDA:142,23,1,57
BRDA:150,24,0,36
BRDA:150,24,1,21
BRDA:154,25,0,1
BRDA:154,25,1,20
BRDA:158,26,0,20
BRDA:158,26,1,20
BRDA:159,27,0,0
BRDA:159,27,1,20
BRDA:159,28,0,20
BRDA:159,28,1,20
BRDA:159,28,2,0
BRDA:163,29,0,1
BRDA:163,29,1,19
BRDA:163,30,0,20
BRDA:163,30,1,2
BRDA:171,31,0,6
BRDA:171,31,1,13
BRDA:172,32,0,1
BRDA:172,32,1,5
BRDA:179,33,0,5
BRDA:179,33,1,0
BRDA:180,34,0,1
BRDA:180,34,1,4
BRDA:184,35,0,2
BRDA:184,35,1,3
BRDA:194,36,0,6
BRDA:194,36,1,10
BRDA:210,37,0,15
BRDA:210,37,1,2
BRDA:211,38,0,15
BRDA:211,38,1,13
BRDA:213,39,0,0
BRDA:213,39,1,15
BRDA:235,40,0,12
BRDA:235,40,1,3
BRDA:256,41,0,0
BRDA:256,41,1,0
BRDA:267,42,0,0
BRDA:267,42,1,0
BRDA:276,43,0,0
BRDA:276,43,1,0
BRDA:290,44,0,0
BRDA:290,44,1,0
BRDA:302,45,0,0
BRDA:302,45,1,0
BRDA:308,46,0,0
BRDA:308,46,1,0
BRDA:320,47,0,0
BRDA:320,47,1,0
BRDA:326,48,0,0
BRDA:326,48,1,0
BRF:102
BRH:74
end_of_record
TN:
SF:src\oauth\oauth.middleware.ts
FN:6,verifyAccessToken
FN:32,validateAuthorize
FN:70,validateToken
FNF:3
FNH:3
FNDA:10,verifyAccessToken
FNDA:36,validateAuthorize
FNDA:91,validateToken
DA:2,45
DA:3,45
DA:6,45
DA:11,10
DA:13,10
DA:14,4
DA:17,6
DA:18,6
DA:20,6
DA:21,5
DA:24,1
DA:25,1
DA:26,1
DA:28,1
DA:32,45
DA:33,36
DA:35,36
DA:36,3
DA:39,33
DA:40,2
DA:43,31
DA:44,1
DA:47,30
DA:48,0
DA:52,30
DA:54,30
DA:55,2
DA:58,28
DA:62,28
DA:63,2
DA:66,26
DA:70,45
DA:71,91
DA:73,91
DA:74,34
DA:79,57
LF:36
LH:35
BRDA:13,0,0,4
BRDA:13,0,1,6
BRDA:13,1,0,10
BRDA:13,1,1,8
BRDA:20,2,0,5
BRDA:20,2,1,1
BRDA:35,3,0,3
BRDA:35,3,1,33
BRDA:39,4,0,2
BRDA:39,4,1,31
BRDA:43,5,0,1
BRDA:43,5,1,30
BRDA:47,6,0,0
BRDA:47,6,1,30
BRDA:54,7,0,2
BRDA:54,7,1,28
BRDA:62,8,0,2
BRDA:62,8,1,26
BRDA:73,9,0,34
BRDA:73,9,1,57
BRDA:73,10,0,91
BRDA:73,10,1,60
BRF:22
BRH:21
end_of_record
TN:
SF:src\oauth\oauth.routes.ts
FN:15,(anonymous_0)
FNF:1
FNH:1
FNDA:1,(anonymous_0)
DA:1,43
DA:2,43
DA:3,43
DA:4,43
DA:6,43
DA:9,43
DA:10,43
DA:12,43
DA:13,43
DA:15,43
DA:16,1
DA:24,43
DA:26,43
LF:13
LH:13
BRF:0
BRH:0
end_of_record
TN:
SF:src\oauth\oauth.service.ts
FN:7,generateToken
FN:14,expiresIn
FN:22,exchangeCodeForToken
FN:71,validateAccessToken
FNF:4
FNH:4
FNDA:18,generateToken
FNDA:9,expiresIn
FNDA:14,exchangeCodeForToken
FNDA:2,validateAccessToken
DA:1,44
DA:2,44
DA:8,18
DA:15,9
DA:22,44
DA:23,14
DA:25,14
DA:36,14
DA:37,5
DA:40,9
DA:44,9
DA:47,9
DA:59,9
DA:61,9
DA:71,44
DA:72,2
DA:76,2
DA:77,0
DA:79,0
LF:19
LH:17
BRDA:36,0,0,5
BRDA:36,0,1,9
BRDA:44,1,0,0
BRDA:44,1,1,9
BRDA:76,2,0,2
BRDA:76,2,1,0
BRDA:77,3,0,0
BRDA:77,3,1,0
BRF:8
BRH:4
end_of_record
TN:
SF:src\oauth\rateLimit.ts
FNF:0
FNH:0
DA:1,43
DA:3,43
LF:2
LH:2
BRF:0
BRH:0
end_of_record
TN:
SF:src\sessions\session.service.ts
FN:5,createSession
FN:14,createSessionWithId
FN:26,deleteSession
FN:32,findSession
FN:39,findUserByEmail
FNF:5
FNH:3
FNDA:12,createSession
FNDA:0,createSessionWithId
FNDA:7,deleteSession
FNDA:1017,findSession
FNDA:0,findUserByEmail
DA:1,45
DA:5,45
DA:6,12
DA:14,45
DA:15,0
DA:17,0
DA:26,45
DA:27,7
DA:32,45
DA:33,1017
DA:39,45
DA:40,0
LF:12
LH:9
BRF:0
BRH:0
end_of_record
TN:
SF:src\sessions\sessions.controller.ts
FN:8,loginWithSession
FN:24,(anonymous_1)
FN:46,logoutSession
FN:60,getSessionProtected
FNF:4
FNH:4
FNDA:13,loginWithSession
FNDA:1,(anonymous_1)
FNDA:2,logoutSession
FNDA:1004,getSessionProtected
DA:2,43
DA:3,43
DA:4,43
DA:5,43
DA:6,43
DA:8,43
DA:9,13
DA:10,13
DA:11,13
DA:12,13
DA:14,13
DA:16,13
DA:17,13
DA:19,12
DA:20,12
DA:22,11
DA:23,11
DA:24,4
DA:27,11
DA:31,11
DA:37,11
DA:42,0
DA:46,43
DA:47,2
DA:48,2
DA:49,2
DA:51,2
DA:52,2
DA:55,2
DA:57,2
DA:60,43
DA:61,1004
LF:32
LH:31
BRDA:11,0,0,13
BRDA:11,0,1,13
BRDA:17,1,0,1
BRDA:17,1,1,12
BRDA:20,2,0,1
BRDA:20,2,1,11
BRDA:23,3,0,4
BRDA:23,3,1,7
BRDA:23,4,0,11
BRDA:23,4,1,4
BRDA:27,5,0,0
BRDA:27,5,1,11
BRDA:27,6,0,11
BRDA:27,6,1,4
BRDA:32,7,0,11
BRDA:32,7,1,11
BRDA:33,8,0,11
BRDA:33,8,1,11
BRDA:34,9,0,11
BRDA:34,9,1,11
BRDA:48,10,0,2
BRDA:48,10,1,2
BRDA:51,11,0,2
BRDA:51,11,1,0
BRDA:51,12,0,2
BRDA:51,12,1,2
BRF:26
BRH:24
end_of_record
TN:
SF:src\sessions\sessions.middleware.ts
FN:4,requireSession
FNF:1
FNH:1
FNDA:2017,requireSession
DA:2,44
DA:4,44
DA:5,2017
DA:7,2017
DA:8,1001
DA:11,1016
DA:13,1016
DA:14,5
DA:18,1011
DA:19,2
DA:23,1009
DA:25,1009
LF:12
LH:12
BRDA:7,0,0,1001
BRDA:7,0,1,1016
BRDA:13,1,0,5
BRDA:13,1,1,1011
BRDA:18,2,0,2
BRDA:18,2,1,1009
BRDA:18,3,0,1011
BRDA:18,3,1,1011
BRF:8
BRH:8
end_of_record
TN:
SF:src\sessions\sessions.routes.ts
FN:28,(anonymous_1)
FN:33,(anonymous_2)
FNF:2
FNH:2
FNDA:4,(anonymous_1)
FNDA:1,(anonymous_2)
DA:1,43
DA:2,43
DA:3,43
DA:4,43
DA:5,43
DA:6,43
DA:8,43
DA:11,43
DA:14,43
DA:17,43
DA:20,43
DA:28,43
DA:29,4
DA:33,43
DA:34,1
DA:37,43
LF:16
LH:16
BRF:0
BRH:0
end_of_record
